{"/Users/jessicaulrich/Documents/Frontend_Specialization/Module1/Advanced_React_Ecommerce_App/advanced-react-ecommerce-app/src/App.tsx": {"path":"/Users/jessicaulrich/Documents/Frontend_Specialization/Module1/Advanced_React_Ecommerce_App/advanced-react-ecommerce-app/src/App.tsx","statementMap":{"0":{"start":{"line":2,"column":0},"end":{"line":2,"column":49}},"1":{"start":{"line":3,"column":0},"end":{"line":3,"column":41}},"2":{"start":{"line":4,"column":0},"end":{"line":4,"column":40}},"3":{"start":{"line":5,"column":0},"end":{"line":5,"column":48}},"4":{"start":{"line":6,"column":0},"end":{"line":6,"column":40}},"5":{"start":{"line":7,"column":0},"end":{"line":7,"column":46}},"6":{"start":{"line":8,"column":0},"end":{"line":8,"column":34}},"7":{"start":{"line":9,"column":0},"end":{"line":9,"column":50}},"8":{"start":{"line":10,"column":0},"end":{"line":10,"column":67}},"9":{"start":{"line":11,"column":0},"end":{"line":11,"column":46}},"10":{"start":{"line":12,"column":0},"end":{"line":12,"column":55}},"11":{"start":{"line":15,"column":2},"end":{"line":35,"column":4}},"12":{"start":{"line":38,"column":0},"end":{"line":38,"column":19}}},"fnMap":{"0":{"name":"App","decl":{"start":{"line":14,"column":9},"end":{"line":14,"column":12}},"loc":{"start":{"line":14,"column":12},"end":{"line":36,"column":1}}}},"branchMap":{},"s":{"0":0,"1":0,"2":0,"3":0,"4":0,"5":0,"6":0,"7":0,"8":0,"9":0,"10":0,"11":0,"12":0},"f":{"0":0},"b":{}}
,"/Users/jessicaulrich/Documents/Frontend_Specialization/Module1/Advanced_React_Ecommerce_App/advanced-react-ecommerce-app/src/firebaseConfig.ts": {"path":"/Users/jessicaulrich/Documents/Frontend_Specialization/Module1/Advanced_React_Ecommerce_App/advanced-react-ecommerce-app/src/firebaseConfig.ts","statementMap":{"0":{"start":{"line":1,"column":0},"end":{"line":1,"column":45}},"1":{"start":{"line":2,"column":0},"end":{"line":2,"column":40}},"2":{"start":{"line":3,"column":0},"end":{"line":3,"column":50}},"3":{"start":{"line":4,"column":0},"end":{"line":4,"column":40}},"4":{"start":{"line":9,"column":25},"end":{"line":16,"column":4}},"5":{"start":{"line":19,"column":14},"end":{"line":19,"column":43}},"6":{"start":{"line":22,"column":15},"end":{"line":22,"column":27}},"7":{"start":{"line":23,"column":13},"end":{"line":23,"column":30}},"8":{"start":{"line":26,"column":2},"end":{"line":28,"column":null}},"9":{"start":{"line":31,"column":17},"end":{"line":31,"column":36}},"10":{"start":{"line":32,"column":0},"end":{"line":32,"column":24}}},"fnMap":{"0":{"name":"getFirebaseConfig","decl":{"start":{"line":7,"column":15},"end":{"line":7,"column":32}},"loc":{"start":{"line":7,"column":32},"end":{"line":29,"column":1}}}},"branchMap":{},"s":{"0":3,"1":3,"2":3,"3":3,"4":3,"5":3,"6":3,"7":3,"8":3,"9":3,"10":3},"f":{"0":3},"b":{}}
,"/Users/jessicaulrich/Documents/Frontend_Specialization/Module1/Advanced_React_Ecommerce_App/advanced-react-ecommerce-app/src/getEnvVar.ts": {"path":"/Users/jessicaulrich/Documents/Frontend_Specialization/Module1/Advanced_React_Ecommerce_App/advanced-react-ecommerce-app/src/getEnvVar.ts","statementMap":{"0":{"start":{"line":2,"column":0},"end":{"line":2,"column":7}},"1":{"start":{"line":4,"column":17},"end":{"line":4,"column":91}},"2":{"start":{"line":5,"column":17},"end":{"line":5,"column":74}},"3":{"start":{"line":8,"column":2},"end":{"line":14,"column":3}},"4":{"start":{"line":9,"column":18},"end":{"line":9,"column":34}},"5":{"start":{"line":10,"column":4},"end":{"line":12,"column":5}},"6":{"start":{"line":11,"column":6},"end":{"line":11,"column":71}},"7":{"start":{"line":13,"column":4},"end":{"line":13,"column":17}},"8":{"start":{"line":17,"column":20},"end":{"line":17,"column":46}},"9":{"start":{"line":19,"column":2},"end":{"line":19,"column":22}}},"fnMap":{"0":{"name":"getEnvVar","decl":{"start":{"line":2,"column":22},"end":{"line":2,"column":31}},"loc":{"start":{"line":2,"column":43},"end":{"line":20,"column":1}}},"1":{"name":"(anonymous_10)","decl":{"start":{"line":17,"column":20},"end":{"line":17,"column":34}},"loc":{"start":{"line":17,"column":20},"end":{"line":17,"column":46}}}},"branchMap":{"0":{"loc":{"start":{"line":4,"column":17},"end":{"line":4,"column":91}},"type":"binary-expr","locations":[{"start":{"line":4,"column":17},"end":{"line":4,"column":47}},{"start":{"line":4,"column":51},"end":{"line":4,"column":91}}]},"1":{"loc":{"start":{"line":5,"column":17},"end":{"line":5,"column":74}},"type":"binary-expr","locations":[{"start":{"line":5,"column":17},"end":{"line":5,"column":47}},{"start":{"line":5,"column":51},"end":{"line":5,"column":73}}]},"2":{"loc":{"start":{"line":5,"column":51},"end":{"line":5,"column":73}},"type":"cond-expr","locations":[{"start":{"line":5,"column":67},"end":{"line":5,"column":69}},{"start":{"line":5,"column":67},"end":{"line":5,"column":73}}]},"3":{"loc":{"start":{"line":5,"column":51},"end":{"line":5,"column":69}},"type":"binary-expr","locations":[{"start":{"line":5,"column":51},"end":{"line":5,"column":69}},{"start":{"line":5,"column":67},"end":{"line":5,"column":69}}]},"4":{"loc":{"start":{"line":8,"column":2},"end":{"line":14,"column":3}},"type":"if","locations":[{"start":{"line":8,"column":2},"end":{"line":14,"column":3}}]},"5":{"loc":{"start":{"line":8,"column":6},"end":{"line":8,"column":22}},"type":"binary-expr","locations":[{"start":{"line":8,"column":6},"end":{"line":8,"column":12}},{"start":{"line":8,"column":16},"end":{"line":8,"column":22}}]},"6":{"loc":{"start":{"line":10,"column":4},"end":{"line":12,"column":5}},"type":"if","locations":[{"start":{"line":10,"column":4},"end":{"line":12,"column":5}}]}},"s":{"0":3,"1":18,"2":18,"3":18,"4":18,"5":18,"6":0,"7":18,"8":0,"9":0},"f":{"0":18,"1":0},"b":{"0":[18,18],"1":[18,18],"2":[0,18],"3":[18,18],"4":[18],"5":[18,0],"6":[0]}}
,"/Users/jessicaulrich/Documents/Frontend_Specialization/Module1/Advanced_React_Ecommerce_App/advanced-react-ecommerce-app/src/main.tsx": {"path":"/Users/jessicaulrich/Documents/Frontend_Specialization/Module1/Advanced_React_Ecommerce_App/advanced-react-ecommerce-app/src/main.tsx","statementMap":{"0":{"start":{"line":1,"column":0},"end":{"line":1,"column":42}},"1":{"start":{"line":2,"column":0},"end":{"line":2,"column":46}},"2":{"start":{"line":3,"column":0},"end":{"line":3,"column":24}},"3":{"start":{"line":4,"column":0},"end":{"line":4,"column":73}},"4":{"start":{"line":5,"column":0},"end":{"line":5,"column":68}},"5":{"start":{"line":6,"column":0},"end":{"line":6,"column":39}},"6":{"start":{"line":7,"column":0},"end":{"line":7,"column":38}},"7":{"start":{"line":8,"column":0},"end":{"line":8,"column":49}},"8":{"start":{"line":9,"column":0},"end":{"line":9,"column":54}},"9":{"start":{"line":12,"column":20},"end":{"line":12,"column":37}},"10":{"start":{"line":14,"column":0},"end":{"line":29,"column":null}}},"fnMap":{},"branchMap":{},"s":{"0":0,"1":0,"2":0,"3":0,"4":0,"5":0,"6":0,"7":0,"8":0,"9":0,"10":0},"f":{},"b":{}}
,"/Users/jessicaulrich/Documents/Frontend_Specialization/Module1/Advanced_React_Ecommerce_App/advanced-react-ecommerce-app/src/vite-env.d.ts": {"path":"/Users/jessicaulrich/Documents/Frontend_Specialization/Module1/Advanced_React_Ecommerce_App/advanced-react-ecommerce-app/src/vite-env.d.ts","statementMap":{},"fnMap":{},"branchMap":{},"s":{},"f":{},"b":{}}
,"/Users/jessicaulrich/Documents/Frontend_Specialization/Module1/Advanced_React_Ecommerce_App/advanced-react-ecommerce-app/src/components/AddFirestoreProduct.tsx": {"path":"/Users/jessicaulrich/Documents/Frontend_Specialization/Module1/Advanced_React_Ecommerce_App/advanced-react-ecommerce-app/src/components/AddFirestoreProduct.tsx","statementMap":{"0":{"start":{"line":3,"column":0},"end":{"line":3,"column":56}},"1":{"start":{"line":5,"column":0},"end":{"line":5,"column":70}},"2":{"start":{"line":6,"column":0},"end":{"line":6,"column":47}},"3":{"start":{"line":7,"column":0},"end":{"line":7,"column":41}},"4":{"start":{"line":9,"column":0},"end":{"line":9,"column":44}},"5":{"start":{"line":12,"column":72},"end":{"line":18,"column":2}},"6":{"start":{"line":20,"column":28},"end":{"line":140,"column":1}},"7":{"start":{"line":21,"column":28},"end":{"line":21,"column":50}},"8":{"start":{"line":22,"column":21},"end":{"line":22,"column":34}},"9":{"start":{"line":23,"column":40},"end":{"line":23,"column":72}},"10":{"start":{"line":24,"column":4},"end":{"line":28,"column":null}},"11":{"start":{"line":25,"column":8},"end":{"line":27,"column":null}},"12":{"start":{"line":26,"column":12},"end":{"line":26,"column":null}},"13":{"start":{"line":30,"column":25},"end":{"line":37,"column":5}},"14":{"start":{"line":31,"column":32},"end":{"line":31,"column":40}},"15":{"start":{"line":32,"column":8},"end":{"line":36,"column":12}},"16":{"start":{"line":32,"column":26},"end":{"line":35,"column":null}},"17":{"start":{"line":40,"column":31},"end":{"line":43,"column":5}},"18":{"start":{"line":41,"column":32},"end":{"line":41,"column":40}},"19":{"start":{"line":42,"column":8},"end":{"line":42,"column":56}},"20":{"start":{"line":42,"column":26},"end":{"line":42,"column":54}},"21":{"start":{"line":46,"column":25},"end":{"line":59,"column":5}},"22":{"start":{"line":47,"column":8},"end":{"line":47,"column":27}},"23":{"start":{"line":48,"column":8},"end":{"line":58,"column":9}},"24":{"start":{"line":50,"column":12},"end":{"line":50,"column":36}},"25":{"start":{"line":50,"column":29},"end":{"line":50,"column":36}},"26":{"start":{"line":51,"column":12},"end":{"line":51,"column":67}},"27":{"start":{"line":52,"column":12},"end":{"line":52,"column":40}},"28":{"start":{"line":53,"column":12},"end":{"line":53,"column":34}},"29":{"start":{"line":54,"column":12},"end":{"line":54,"column":31}},"30":{"start":{"line":56,"column":12},"end":{"line":56,"column":59}},"31":{"start":{"line":57,"column":12},"end":{"line":57,"column":null}},"32":{"start":{"line":62,"column":25},"end":{"line":65,"column":5}},"33":{"start":{"line":63,"column":8},"end":{"line":63,"column":30}},"34":{"start":{"line":64,"column":8},"end":{"line":64,"column":27}},"35":{"start":{"line":67,"column":4},"end":{"line":139,"column":6}},"36":{"start":{"line":142,"column":0},"end":{"line":142,"column":35}}},"fnMap":{"0":{"name":"(anonymous_1)","decl":{"start":{"line":20,"column":28},"end":{"line":20,"column":31}},"loc":{"start":{"line":20,"column":33},"end":{"line":140,"column":1}}},"1":{"name":"(anonymous_2)","decl":{"start":{"line":24,"column":14},"end":{"line":24,"column":17}},"loc":{"start":{"line":24,"column":19},"end":{"line":28,"column":5}}},"2":{"name":"(anonymous_3)","decl":{"start":{"line":25,"column":22},"end":{"line":25,"column":23}},"loc":{"start":{"line":25,"column":33},"end":{"line":27,"column":9}}},"3":{"name":"(anonymous_4)","decl":{"start":{"line":30,"column":25},"end":{"line":30,"column":26}},"loc":{"start":{"line":30,"column":89},"end":{"line":37,"column":5}}},"4":{"name":"(anonymous_5)","decl":{"start":{"line":32,"column":16},"end":{"line":32,"column":17}},"loc":{"start":{"line":32,"column":26},"end":{"line":35,"column":null}}},"5":{"name":"(anonymous_6)","decl":{"start":{"line":40,"column":31},"end":{"line":40,"column":32}},"loc":{"start":{"line":40,"column":75},"end":{"line":43,"column":5}}},"6":{"name":"(anonymous_7)","decl":{"start":{"line":42,"column":16},"end":{"line":42,"column":17}},"loc":{"start":{"line":42,"column":26},"end":{"line":42,"column":54}}},"7":{"name":"(anonymous_8)","decl":{"start":{"line":46,"column":25},"end":{"line":46,"column":30}},"loc":{"start":{"line":46,"column":54},"end":{"line":59,"column":5}}},"8":{"name":"(anonymous_9)","decl":{"start":{"line":62,"column":25},"end":{"line":62,"column":28}},"loc":{"start":{"line":62,"column":30},"end":{"line":65,"column":5}}}},"branchMap":{"0":{"loc":{"start":{"line":35,"column":20},"end":{"line":35,"column":83}},"type":"cond-expr","locations":[{"start":{"line":35,"column":62},"end":{"line":35,"column":75}},{"start":{"line":35,"column":78},"end":{"line":35,"column":83}}]},"1":{"loc":{"start":{"line":35,"column":20},"end":{"line":35,"column":59}},"type":"binary-expr","locations":[{"start":{"line":35,"column":20},"end":{"line":35,"column":36}},{"start":{"line":35,"column":40},"end":{"line":35,"column":59}}]},"2":{"loc":{"start":{"line":50,"column":12},"end":{"line":50,"column":36}},"type":"if","locations":[{"start":{"line":50,"column":12},"end":{"line":50,"column":36}}]}},"s":{"0":0,"1":0,"2":0,"3":0,"4":0,"5":0,"6":0,"7":0,"8":0,"9":0,"10":0,"11":0,"12":0,"13":0,"14":0,"15":0,"16":0,"17":0,"18":0,"19":0,"20":0,"21":0,"22":0,"23":0,"24":0,"25":0,"26":0,"27":0,"28":0,"29":0,"30":0,"31":0,"32":0,"33":0,"34":0,"35":0,"36":0},"f":{"0":0,"1":0,"2":0,"3":0,"4":0,"5":0,"6":0,"7":0,"8":0},"b":{"0":[0,0],"1":[0,0],"2":[0]}}
,"/Users/jessicaulrich/Documents/Frontend_Specialization/Module1/Advanced_React_Ecommerce_App/advanced-react-ecommerce-app/src/components/NavBar.tsx": {"path":"/Users/jessicaulrich/Documents/Frontend_Specialization/Module1/Advanced_React_Ecommerce_App/advanced-react-ecommerce-app/src/components/NavBar.tsx","statementMap":{"0":{"start":{"line":1,"column":0},"end":{"line":1,"column":26}},"1":{"start":{"line":2,"column":0},"end":{"line":2,"column":49}},"2":{"start":{"line":3,"column":0},"end":{"line":3,"column":78}},"3":{"start":{"line":4,"column":0},"end":{"line":4,"column":41}},"4":{"start":{"line":5,"column":0},"end":{"line":5,"column":53}},"5":{"start":{"line":6,"column":0},"end":{"line":6,"column":38}},"6":{"start":{"line":7,"column":0},"end":{"line":7,"column":56}},"7":{"start":{"line":8,"column":0},"end":{"line":8,"column":50}},"8":{"start":{"line":9,"column":0},"end":{"line":9,"column":40}},"9":{"start":{"line":10,"column":0},"end":{"line":10,"column":41}},"10":{"start":{"line":12,"column":0},"end":{"line":12,"column":44}},"11":{"start":{"line":16,"column":24},"end":{"line":19,"column":1}},"12":{"start":{"line":17,"column":21},"end":{"line":17,"column":84}},"13":{"start":{"line":18,"column":4},"end":{"line":18,"column":25}},"14":{"start":{"line":22,"column":25},"end":{"line":117,"column":1}},"15":{"start":{"line":23,"column":21},"end":{"line":23,"column":34}},"16":{"start":{"line":24,"column":21},"end":{"line":24,"column":34}},"17":{"start":{"line":25,"column":21},"end":{"line":25,"column":30}},"18":{"start":{"line":27,"column":44},"end":{"line":27,"column":71}},"19":{"start":{"line":28,"column":4},"end":{"line":32,"column":null}},"20":{"start":{"line":29,"column":8},"end":{"line":31,"column":null}},"21":{"start":{"line":30,"column":12},"end":{"line":30,"column":null}},"22":{"start":{"line":34,"column":51},"end":{"line":37,"column":6}},"23":{"start":{"line":40,"column":25},"end":{"line":44,"column":5}},"24":{"start":{"line":41,"column":8},"end":{"line":41,"column":33}},"25":{"start":{"line":41,"column":26},"end":{"line":41,"column":33}},"26":{"start":{"line":42,"column":8},"end":{"line":42,"column":36}},"27":{"start":{"line":43,"column":8},"end":{"line":43,"column":null}},"28":{"start":{"line":46,"column":4},"end":{"line":116,"column":8}},"29":{"start":{"line":64,"column":36},"end":{"line":64,"column":62}},"30":{"start":{"line":65,"column":36},"end":{"line":65,"column":50}},"31":{"start":{"line":76,"column":28},"end":{"line":77,"column":null}},"32":{"start":{"line":79,"column":36},"end":{"line":79,"column":63}},"33":{"start":{"line":80,"column":36},"end":{"line":80,"column":50}},"34":{"start":{"line":119,"column":0},"end":{"line":119,"column":22}}},"fnMap":{"0":{"name":"(anonymous_1)","decl":{"start":{"line":16,"column":24},"end":{"line":16,"column":29}},"loc":{"start":{"line":16,"column":54},"end":{"line":19,"column":1}}},"1":{"name":"(anonymous_2)","decl":{"start":{"line":22,"column":25},"end":{"line":22,"column":28}},"loc":{"start":{"line":22,"column":30},"end":{"line":117,"column":1}}},"2":{"name":"(anonymous_3)","decl":{"start":{"line":28,"column":14},"end":{"line":28,"column":17}},"loc":{"start":{"line":28,"column":19},"end":{"line":32,"column":5}}},"3":{"name":"(anonymous_4)","decl":{"start":{"line":29,"column":22},"end":{"line":29,"column":23}},"loc":{"start":{"line":29,"column":35},"end":{"line":31,"column":9}}},"4":{"name":"(anonymous_5)","decl":{"start":{"line":40,"column":25},"end":{"line":40,"column":30}},"loc":{"start":{"line":40,"column":36},"end":{"line":44,"column":5}}},"5":{"name":"(anonymous_6)","decl":{"start":{"line":63,"column":41},"end":{"line":63,"column":44}},"loc":{"start":{"line":63,"column":46},"end":{"line":66,"column":33}}},"6":{"name":"(anonymous_7)","decl":{"start":{"line":75,"column":45},"end":{"line":75,"column":46}},"loc":{"start":{"line":76,"column":28},"end":{"line":77,"column":null}}},"7":{"name":"(anonymous_8)","decl":{"start":{"line":78,"column":41},"end":{"line":78,"column":44}},"loc":{"start":{"line":78,"column":46},"end":{"line":81,"column":33}}}},"branchMap":{"0":{"loc":{"start":{"line":41,"column":8},"end":{"line":41,"column":33}},"type":"if","locations":[{"start":{"line":41,"column":8},"end":{"line":41,"column":33}}]},"1":{"loc":{"start":{"line":72,"column":29},"end":{"line":72,"column":98}},"type":"binary-expr","locations":[{"start":{"line":72,"column":29},"end":{"line":72,"column":38}},{"start":{"line":72,"column":42},"end":{"line":72,"column":98}}]},"2":{"loc":{"start":{"line":73,"column":30},"end":{"line":73,"column":110}},"type":"binary-expr","locations":[{"start":{"line":73,"column":30},"end":{"line":73,"column":35}},{"start":{"line":73,"column":39},"end":{"line":73,"column":110}}]},"3":{"loc":{"start":{"line":75,"column":29},"end":{"line":85,"column":30}},"type":"cond-expr","locations":[{"start":{"line":75,"column":39},"end":{"line":75,"column":41}},{"start":{"line":75,"column":29},"end":{"line":85,"column":30}}]},"4":{"loc":{"start":{"line":75,"column":29},"end":{"line":75,"column":41}},"type":"binary-expr","locations":[{"start":{"line":75,"column":29},"end":{"line":75,"column":41}},{"start":{"line":75,"column":29},"end":{"line":75,"column":41}}]},"5":{"loc":{"start":{"line":89,"column":25},"end":{"line":101,"column":null}},"type":"cond-expr","locations":[{"start":{"line":90,"column":28},"end":{"line":93,"column":null}},{"start":{"line":96,"column":28},"end":{"line":100,"column":null}}]},"6":{"loc":{"start":{"line":106,"column":21},"end":{"line":111,"column":null}},"type":"binary-expr","locations":[{"start":{"line":106,"column":21},"end":{"line":106,"column":25}},{"start":{"line":107,"column":24},"end":{"line":110,"column":null}}]}},"s":{"0":1,"1":1,"2":1,"3":1,"4":1,"5":1,"6":1,"7":1,"8":1,"9":1,"10":1,"11":1,"12":2,"13":0,"14":1,"15":2,"16":2,"17":2,"18":2,"19":2,"20":2,"21":2,"22":2,"23":2,"24":0,"25":0,"26":0,"27":0,"28":2,"29":0,"30":0,"31":0,"32":0,"33":0,"34":1},"f":{"0":2,"1":2,"2":2,"3":2,"4":0,"5":0,"6":0,"7":0},"b":{"0":[0],"1":[2,2],"2":[2,0],"3":[2,0],"4":[2,2],"5":[1,1],"6":[2,1]}}
,"/Users/jessicaulrich/Documents/Frontend_Specialization/Module1/Advanced_React_Ecommerce_App/advanced-react-ecommerce-app/src/components/ProtectRoute.tsx": {"path":"/Users/jessicaulrich/Documents/Frontend_Specialization/Module1/Advanced_React_Ecommerce_App/advanced-react-ecommerce-app/src/components/ProtectRoute.tsx","statementMap":{"0":{"start":{"line":1,"column":0},"end":{"line":1,"column":44}},"1":{"start":{"line":2,"column":0},"end":{"line":2,"column":50}},"2":{"start":{"line":6,"column":23},"end":{"line":15,"column":3}},"3":{"start":{"line":7,"column":30},"end":{"line":7,"column":39}},"4":{"start":{"line":10,"column":4},"end":{"line":10,"column":42}},"5":{"start":{"line":10,"column":17},"end":{"line":10,"column":42}},"6":{"start":{"line":14,"column":4},"end":{"line":14,"column":69}},"7":{"start":{"line":17,"column":2},"end":{"line":17,"column":32}}},"fnMap":{"0":{"name":"(anonymous_0)","decl":{"start":{"line":6,"column":23},"end":{"line":6,"column":24}},"loc":{"start":{"line":6,"column":65},"end":{"line":15,"column":3}}}},"branchMap":{"0":{"loc":{"start":{"line":10,"column":4},"end":{"line":10,"column":42}},"type":"if","locations":[{"start":{"line":10,"column":4},"end":{"line":10,"column":42}}]},"1":{"loc":{"start":{"line":14,"column":11},"end":{"line":14,"column":68}},"type":"cond-expr","locations":[{"start":{"line":14,"column":18},"end":{"line":14,"column":33}},{"start":{"line":14,"column":36},"end":{"line":14,"column":68}}]}},"s":{"0":0,"1":0,"2":0,"3":0,"4":0,"5":0,"6":0,"7":0},"f":{"0":0},"b":{"0":[0],"1":[0,0]}}
,"/Users/jessicaulrich/Documents/Frontend_Specialization/Module1/Advanced_React_Ecommerce_App/advanced-react-ecommerce-app/src/contexts/AuthContext.tsx": {"path":"/Users/jessicaulrich/Documents/Frontend_Specialization/Module1/Advanced_React_Ecommerce_App/advanced-react-ecommerce-app/src/contexts/AuthContext.tsx","statementMap":{"0":{"start":{"line":1,"column":0},"end":{"line":1,"column":104}},"1":{"start":{"line":2,"column":0},"end":{"line":2,"column":49}},"2":{"start":{"line":5,"column":0},"end":{"line":5,"column":41}},"3":{"start":{"line":17,"column":20},"end":{"line":17,"column":73}},"4":{"start":{"line":72,"column":9},"end":{"line":72,"column":20}},"5":{"start":{"line":20,"column":28},"end":{"line":61,"column":1}},"6":{"start":{"line":21,"column":28},"end":{"line":21,"column":64}},"7":{"start":{"line":22,"column":34},"end":{"line":22,"column":48}},"8":{"start":{"line":23,"column":44},"end":{"line":23,"column":71}},"9":{"start":{"line":24,"column":40},"end":{"line":24,"column":72}},"10":{"start":{"line":25,"column":4},"end":{"line":30,"column":null}},"11":{"start":{"line":26,"column":8},"end":{"line":29,"column":null}},"12":{"start":{"line":27,"column":12},"end":{"line":27,"column":null}},"13":{"start":{"line":28,"column":12},"end":{"line":28,"column":null}},"14":{"start":{"line":33,"column":4},"end":{"line":53,"column":35}},"15":{"start":{"line":34,"column":8},"end":{"line":34,"column":34}},"16":{"start":{"line":34,"column":27},"end":{"line":34,"column":34}},"17":{"start":{"line":36,"column":28},"end":{"line":50,"column":10}},"18":{"start":{"line":37,"column":12},"end":{"line":48,"column":13}},"19":{"start":{"line":38,"column":16},"end":{"line":38,"column":40}},"20":{"start":{"line":38,"column":33},"end":{"line":38,"column":40}},"21":{"start":{"line":40,"column":37},"end":{"line":40,"column":85}},"22":{"start":{"line":41,"column":16},"end":{"line":44,"column":17}},"23":{"start":{"line":42,"column":33},"end":{"line":42,"column":69}},"24":{"start":{"line":43,"column":20},"end":{"line":43,"column":34}},"25":{"start":{"line":47,"column":16},"end":{"line":47,"column":30}},"26":{"start":{"line":49,"column":12},"end":{"line":49,"column":30}},"27":{"start":{"line":52,"column":8},"end":{"line":52,"column":35}},"28":{"start":{"line":52,"column":21},"end":{"line":52,"column":34}},"29":{"start":{"line":55,"column":4},"end":{"line":60,"column":6}},"30":{"start":{"line":20,"column":13},"end":{"line":20,"column":28}},"31":{"start":{"line":64,"column":23},"end":{"line":70,"column":1}},"32":{"start":{"line":65,"column":20},"end":{"line":65,"column":43}},"33":{"start":{"line":66,"column":4},"end":{"line":68,"column":5}},"34":{"start":{"line":67,"column":8},"end":{"line":67,"column":71}},"35":{"start":{"line":69,"column":4},"end":{"line":69,"column":19}},"36":{"start":{"line":64,"column":13},"end":{"line":64,"column":23}},"37":{"start":{"line":75,"column":0},"end":{"line":75,"column":28}}},"fnMap":{"0":{"name":"(anonymous_1)","decl":{"start":{"line":20,"column":28},"end":{"line":20,"column":29}},"loc":{"start":{"line":20,"column":76},"end":{"line":61,"column":1}}},"1":{"name":"(anonymous_2)","decl":{"start":{"line":25,"column":14},"end":{"line":25,"column":17}},"loc":{"start":{"line":25,"column":19},"end":{"line":30,"column":5}}},"2":{"name":"(anonymous_3)","decl":{"start":{"line":26,"column":22},"end":{"line":26,"column":23}},"loc":{"start":{"line":26,"column":39},"end":{"line":29,"column":9}}},"3":{"name":"(anonymous_4)","decl":{"start":{"line":33,"column":14},"end":{"line":33,"column":17}},"loc":{"start":{"line":33,"column":19},"end":{"line":53,"column":5}}},"4":{"name":"(anonymous_5)","decl":{"start":{"line":36,"column":60},"end":{"line":36,"column":65}},"loc":{"start":{"line":36,"column":75},"end":{"line":50,"column":9}}},"5":{"name":"(anonymous_6)","decl":{"start":{"line":52,"column":15},"end":{"line":52,"column":18}},"loc":{"start":{"line":52,"column":21},"end":{"line":52,"column":34}}},"6":{"name":"(anonymous_7)","decl":{"start":{"line":64,"column":23},"end":{"line":64,"column":43}},"loc":{"start":{"line":64,"column":45},"end":{"line":70,"column":1}}}},"branchMap":{"0":{"loc":{"start":{"line":34,"column":8},"end":{"line":34,"column":34}},"type":"if","locations":[{"start":{"line":34,"column":8},"end":{"line":34,"column":34}}]},"1":{"loc":{"start":{"line":37,"column":12},"end":{"line":48,"column":13}},"type":"if","locations":[{"start":{"line":37,"column":12},"end":{"line":48,"column":13}},{"start":{"line":46,"column":19},"end":{"line":48,"column":13}}]},"2":{"loc":{"start":{"line":38,"column":16},"end":{"line":38,"column":40}},"type":"if","locations":[{"start":{"line":38,"column":16},"end":{"line":38,"column":40}}]},"3":{"loc":{"start":{"line":41,"column":16},"end":{"line":44,"column":17}},"type":"if","locations":[{"start":{"line":41,"column":16},"end":{"line":44,"column":17}}]},"4":{"loc":{"start":{"line":66,"column":4},"end":{"line":68,"column":5}},"type":"if","locations":[{"start":{"line":66,"column":4},"end":{"line":68,"column":5}}]}},"s":{"0":1,"1":1,"2":1,"3":1,"4":1,"5":1,"6":0,"7":0,"8":0,"9":0,"10":0,"11":0,"12":0,"13":0,"14":0,"15":0,"16":0,"17":0,"18":0,"19":0,"20":0,"21":0,"22":0,"23":0,"24":0,"25":0,"26":0,"27":0,"28":0,"29":0,"30":1,"31":1,"32":2,"33":2,"34":0,"35":2,"36":1,"37":1},"f":{"0":0,"1":0,"2":0,"3":0,"4":0,"5":0,"6":2},"b":{"0":[0],"1":[0,0],"2":[0],"3":[0],"4":[0]}}
,"/Users/jessicaulrich/Documents/Frontend_Specialization/Module1/Advanced_React_Ecommerce_App/advanced-react-ecommerce-app/src/pages/AdminProducts.tsx": {"path":"/Users/jessicaulrich/Documents/Frontend_Specialization/Module1/Advanced_React_Ecommerce_App/advanced-react-ecommerce-app/src/pages/AdminProducts.tsx","statementMap":{"0":{"start":{"line":2,"column":0},"end":{"line":2,"column":40}},"1":{"start":{"line":3,"column":0},"end":{"line":3,"column":49}},"2":{"start":{"line":4,"column":0},"end":{"line":4,"column":84}},"3":{"start":{"line":6,"column":0},"end":{"line":6,"column":41}},"4":{"start":{"line":7,"column":0},"end":{"line":7,"column":72}},"5":{"start":{"line":9,"column":0},"end":{"line":9,"column":47}},"6":{"start":{"line":10,"column":0},"end":{"line":10,"column":33}},"7":{"start":{"line":12,"column":22},"end":{"line":185,"column":1}},"8":{"start":{"line":13,"column":21},"end":{"line":13,"column":34}},"9":{"start":{"line":16,"column":40},"end":{"line":16,"column":72}},"10":{"start":{"line":17,"column":4},"end":{"line":21,"column":null}},"11":{"start":{"line":18,"column":8},"end":{"line":20,"column":null}},"12":{"start":{"line":19,"column":12},"end":{"line":19,"column":null}},"13":{"start":{"line":24,"column":39},"end":{"line":31,"column":1}},"14":{"start":{"line":25,"column":8},"end":{"line":25,"column":34}},"15":{"start":{"line":25,"column":24},"end":{"line":25,"column":34}},"16":{"start":{"line":26,"column":26},"end":{"line":26,"column":75}},"17":{"start":{"line":27,"column":4},"end":{"line":30,"column":30}},"18":{"start":{"line":27,"column":42},"end":{"line":29,"column":null}},"19":{"start":{"line":33,"column":45},"end":{"line":36,"column":6}},"20":{"start":{"line":39,"column":38},"end":{"line":39,"column":53}},"21":{"start":{"line":40,"column":50},"end":{"line":40,"column":80}},"22":{"start":{"line":43,"column":25},"end":{"line":47,"column":5}},"23":{"start":{"line":44,"column":8},"end":{"line":44,"column":32}},"24":{"start":{"line":44,"column":25},"end":{"line":44,"column":32}},"25":{"start":{"line":45,"column":8},"end":{"line":45,"column":57}},"26":{"start":{"line":46,"column":8},"end":{"line":46,"column":18}},"27":{"start":{"line":50,"column":28},"end":{"line":53,"column":5}},"28":{"start":{"line":51,"column":8},"end":{"line":51,"column":35}},"29":{"start":{"line":52,"column":8},"end":{"line":52,"column":27}},"30":{"start":{"line":56,"column":30},"end":{"line":63,"column":5}},"31":{"start":{"line":57,"column":8},"end":{"line":57,"column":36}},"32":{"start":{"line":57,"column":29},"end":{"line":57,"column":36}},"33":{"start":{"line":58,"column":32},"end":{"line":58,"column":40}},"34":{"start":{"line":59,"column":8},"end":{"line":62,"column":11}},"35":{"start":{"line":66,"column":25},"end":{"line":83,"column":5}},"36":{"start":{"line":67,"column":8},"end":{"line":67,"column":36}},"37":{"start":{"line":67,"column":29},"end":{"line":67,"column":36}},"38":{"start":{"line":68,"column":8},"end":{"line":82,"column":9}},"39":{"start":{"line":69,"column":12},"end":{"line":69,"column":36}},"40":{"start":{"line":69,"column":29},"end":{"line":69,"column":36}},"41":{"start":{"line":70,"column":12},"end":{"line":76,"column":15}},"42":{"start":{"line":77,"column":12},"end":{"line":77,"column":32}},"43":{"start":{"line":78,"column":12},"end":{"line":78,"column":22}},"44":{"start":{"line":80,"column":12},"end":{"line":80,"column":61}},"45":{"start":{"line":81,"column":12},"end":{"line":81,"column":null}},"46":{"start":{"line":85,"column":4},"end":{"line":184,"column":6}},"47":{"start":{"line":89,"column":70},"end":{"line":89,"column":94}},"48":{"start":{"line":101,"column":24},"end":{"line":101,"column":null}},"49":{"start":{"line":106,"column":90},"end":{"line":106,"column":114}},"50":{"start":{"line":107,"column":72},"end":{"line":107,"column":104}},"51":{"start":{"line":115,"column":50},"end":{"line":115,"column":69}},"52":{"start":{"line":179,"column":63},"end":{"line":179,"column":82}},"53":{"start":{"line":187,"column":0},"end":{"line":187,"column":29}}},"fnMap":{"0":{"name":"(anonymous_1)","decl":{"start":{"line":12,"column":22},"end":{"line":12,"column":25}},"loc":{"start":{"line":12,"column":27},"end":{"line":185,"column":1}}},"1":{"name":"(anonymous_2)","decl":{"start":{"line":17,"column":14},"end":{"line":17,"column":17}},"loc":{"start":{"line":17,"column":19},"end":{"line":21,"column":5}}},"2":{"name":"(anonymous_3)","decl":{"start":{"line":18,"column":22},"end":{"line":18,"column":23}},"loc":{"start":{"line":18,"column":33},"end":{"line":20,"column":9}}},"3":{"name":"(anonymous_4)","decl":{"start":{"line":24,"column":39},"end":{"line":24,"column":44}},"loc":{"start":{"line":24,"column":70},"end":{"line":31,"column":1}}},"4":{"name":"(anonymous_5)","decl":{"start":{"line":27,"column":34},"end":{"line":27,"column":37}},"loc":{"start":{"line":27,"column":42},"end":{"line":29,"column":null}}},"5":{"name":"(anonymous_6)","decl":{"start":{"line":43,"column":25},"end":{"line":43,"column":30}},"loc":{"start":{"line":43,"column":46},"end":{"line":47,"column":5}}},"6":{"name":"(anonymous_7)","decl":{"start":{"line":50,"column":28},"end":{"line":50,"column":29}},"loc":{"start":{"line":50,"column":49},"end":{"line":53,"column":5}}},"7":{"name":"(anonymous_8)","decl":{"start":{"line":56,"column":30},"end":{"line":56,"column":31}},"loc":{"start":{"line":56,"column":115},"end":{"line":63,"column":5}}},"8":{"name":"(anonymous_9)","decl":{"start":{"line":66,"column":25},"end":{"line":66,"column":30}},"loc":{"start":{"line":66,"column":36},"end":{"line":83,"column":5}}},"9":{"name":"(anonymous_10)","decl":{"start":{"line":89,"column":64},"end":{"line":89,"column":67}},"loc":{"start":{"line":89,"column":70},"end":{"line":89,"column":94}}},"10":{"name":"(anonymous_11)","decl":{"start":{"line":100,"column":34},"end":{"line":100,"column":41}},"loc":{"start":{"line":101,"column":24},"end":{"line":101,"column":null}}},"11":{"name":"(anonymous_12)","decl":{"start":{"line":106,"column":84},"end":{"line":106,"column":87}},"loc":{"start":{"line":106,"column":90},"end":{"line":106,"column":114}}},"12":{"name":"(anonymous_13)","decl":{"start":{"line":107,"column":66},"end":{"line":107,"column":69}},"loc":{"start":{"line":107,"column":72},"end":{"line":107,"column":104}}},"13":{"name":"(anonymous_14)","decl":{"start":{"line":115,"column":44},"end":{"line":115,"column":47}},"loc":{"start":{"line":115,"column":50},"end":{"line":115,"column":69}}},"14":{"name":"(anonymous_15)","decl":{"start":{"line":179,"column":57},"end":{"line":179,"column":60}},"loc":{"start":{"line":179,"column":63},"end":{"line":179,"column":82}}}},"branchMap":{"0":{"loc":{"start":{"line":25,"column":8},"end":{"line":25,"column":34}},"type":"if","locations":[{"start":{"line":25,"column":8},"end":{"line":25,"column":34}}]},"1":{"loc":{"start":{"line":33,"column":18},"end":{"line":33,"column":31}},"type":"default-arg","locations":[{"start":{"line":33,"column":29},"end":{"line":33,"column":31}}]},"2":{"loc":{"start":{"line":44,"column":8},"end":{"line":44,"column":32}},"type":"if","locations":[{"start":{"line":44,"column":8},"end":{"line":44,"column":32}}]},"3":{"loc":{"start":{"line":57,"column":8},"end":{"line":57,"column":36}},"type":"if","locations":[{"start":{"line":57,"column":8},"end":{"line":57,"column":36}}]},"4":{"loc":{"start":{"line":61,"column":20},"end":{"line":61,"column":83}},"type":"cond-expr","locations":[{"start":{"line":61,"column":62},"end":{"line":61,"column":75}},{"start":{"line":61,"column":78},"end":{"line":61,"column":83}}]},"5":{"loc":{"start":{"line":61,"column":20},"end":{"line":61,"column":59}},"type":"binary-expr","locations":[{"start":{"line":61,"column":20},"end":{"line":61,"column":36}},{"start":{"line":61,"column":40},"end":{"line":61,"column":59}}]},"6":{"loc":{"start":{"line":67,"column":8},"end":{"line":67,"column":36}},"type":"if","locations":[{"start":{"line":67,"column":8},"end":{"line":67,"column":36}}]},"7":{"loc":{"start":{"line":69,"column":12},"end":{"line":69,"column":36}},"type":"if","locations":[{"start":{"line":69,"column":12},"end":{"line":69,"column":36}}]},"8":{"loc":{"start":{"line":120,"column":21},"end":{"line":175,"column":null}},"type":"binary-expr","locations":[{"start":{"line":120,"column":21},"end":{"line":120,"column":35}},{"start":{"line":121,"column":24},"end":{"line":174,"column":null}}]}},"s":{"0":0,"1":0,"2":0,"3":0,"4":0,"5":0,"6":0,"7":0,"8":0,"9":0,"10":0,"11":0,"12":0,"13":0,"14":0,"15":0,"16":0,"17":0,"18":0,"19":0,"20":0,"21":0,"22":0,"23":0,"24":0,"25":0,"26":0,"27":0,"28":0,"29":0,"30":0,"31":0,"32":0,"33":0,"34":0,"35":0,"36":0,"37":0,"38":0,"39":0,"40":0,"41":0,"42":0,"43":0,"44":0,"45":0,"46":0,"47":0,"48":0,"49":0,"50":0,"51":0,"52":0,"53":0},"f":{"0":0,"1":0,"2":0,"3":0,"4":0,"5":0,"6":0,"7":0,"8":0,"9":0,"10":0,"11":0,"12":0,"13":0,"14":0},"b":{"0":[0],"1":[0],"2":[0],"3":[0],"4":[0,0],"5":[0,0],"6":[0],"7":[0],"8":[0,0]}}
,"/Users/jessicaulrich/Documents/Frontend_Specialization/Module1/Advanced_React_Ecommerce_App/advanced-react-ecommerce-app/src/pages/Login.tsx": {"path":"/Users/jessicaulrich/Documents/Frontend_Specialization/Module1/Advanced_React_Ecommerce_App/advanced-react-ecommerce-app/src/pages/Login.tsx","statementMap":{"0":{"start":{"line":1,"column":0},"end":{"line":1,"column":62}},"1":{"start":{"line":2,"column":0},"end":{"line":2,"column":79}},"2":{"start":{"line":3,"column":0},"end":{"line":3,"column":47}},"3":{"start":{"line":4,"column":0},"end":{"line":4,"column":41}},"4":{"start":{"line":7,"column":14},"end":{"line":91,"column":1}},"5":{"start":{"line":8,"column":30},"end":{"line":8,"column":50}},"6":{"start":{"line":9,"column":36},"end":{"line":9,"column":56}},"7":{"start":{"line":10,"column":30},"end":{"line":10,"column":59}},"8":{"start":{"line":11,"column":21},"end":{"line":11,"column":34}},"9":{"start":{"line":14,"column":44},"end":{"line":14,"column":71}},"10":{"start":{"line":15,"column":4},"end":{"line":19,"column":null}},"11":{"start":{"line":16,"column":8},"end":{"line":18,"column":null}},"12":{"start":{"line":17,"column":12},"end":{"line":17,"column":null}},"13":{"start":{"line":22,"column":4},"end":{"line":31,"column":33}},"14":{"start":{"line":23,"column":8},"end":{"line":23,"column":34}},"15":{"start":{"line":23,"column":27},"end":{"line":23,"column":34}},"16":{"start":{"line":24,"column":28},"end":{"line":28,"column":10}},"17":{"start":{"line":25,"column":12},"end":{"line":27,"column":13}},"18":{"start":{"line":26,"column":16},"end":{"line":26,"column":37}},"19":{"start":{"line":30,"column":8},"end":{"line":30,"column":35}},"20":{"start":{"line":30,"column":21},"end":{"line":30,"column":34}},"21":{"start":{"line":34,"column":24},"end":{"line":46,"column":5}},"22":{"start":{"line":35,"column":8},"end":{"line":35,"column":27}},"23":{"start":{"line":36,"column":8},"end":{"line":45,"column":9}},"24":{"start":{"line":38,"column":12},"end":{"line":38,"column":38}},"25":{"start":{"line":38,"column":31},"end":{"line":38,"column":38}},"26":{"start":{"line":39,"column":12},"end":{"line":39,"column":76}},"27":{"start":{"line":41,"column":12},"end":{"line":41,"column":33}},"28":{"start":{"line":44,"column":12},"end":{"line":44,"column":45}},"29":{"start":{"line":48,"column":4},"end":{"line":90,"column":6}},"30":{"start":{"line":61,"column":41},"end":{"line":61,"column":65}},"31":{"start":{"line":71,"column":41},"end":{"line":71,"column":68}},"32":{"start":{"line":83,"column":39},"end":{"line":83,"column":60}},"33":{"start":{"line":93,"column":0},"end":{"line":93,"column":21}}},"fnMap":{"0":{"name":"(anonymous_1)","decl":{"start":{"line":7,"column":14},"end":{"line":7,"column":17}},"loc":{"start":{"line":7,"column":19},"end":{"line":91,"column":1}}},"1":{"name":"(anonymous_2)","decl":{"start":{"line":15,"column":14},"end":{"line":15,"column":17}},"loc":{"start":{"line":15,"column":19},"end":{"line":19,"column":5}}},"2":{"name":"(anonymous_3)","decl":{"start":{"line":16,"column":22},"end":{"line":16,"column":23}},"loc":{"start":{"line":16,"column":35},"end":{"line":18,"column":9}}},"3":{"name":"(anonymous_4)","decl":{"start":{"line":22,"column":14},"end":{"line":22,"column":17}},"loc":{"start":{"line":22,"column":19},"end":{"line":31,"column":5}}},"4":{"name":"(anonymous_5)","decl":{"start":{"line":24,"column":61},"end":{"line":24,"column":62}},"loc":{"start":{"line":24,"column":70},"end":{"line":28,"column":9}}},"5":{"name":"(anonymous_6)","decl":{"start":{"line":30,"column":15},"end":{"line":30,"column":18}},"loc":{"start":{"line":30,"column":21},"end":{"line":30,"column":34}}},"6":{"name":"(anonymous_7)","decl":{"start":{"line":34,"column":24},"end":{"line":34,"column":29}},"loc":{"start":{"line":34,"column":47},"end":{"line":46,"column":5}}},"7":{"name":"(anonymous_8)","decl":{"start":{"line":61,"column":34},"end":{"line":61,"column":35}},"loc":{"start":{"line":61,"column":41},"end":{"line":61,"column":65}}},"8":{"name":"(anonymous_9)","decl":{"start":{"line":71,"column":34},"end":{"line":71,"column":35}},"loc":{"start":{"line":71,"column":41},"end":{"line":71,"column":68}}},"9":{"name":"(anonymous_10)","decl":{"start":{"line":83,"column":33},"end":{"line":83,"column":36}},"loc":{"start":{"line":83,"column":39},"end":{"line":83,"column":60}}}},"branchMap":{"0":{"loc":{"start":{"line":23,"column":8},"end":{"line":23,"column":34}},"type":"if","locations":[{"start":{"line":23,"column":8},"end":{"line":23,"column":34}}]},"1":{"loc":{"start":{"line":25,"column":12},"end":{"line":27,"column":13}},"type":"if","locations":[{"start":{"line":25,"column":12},"end":{"line":27,"column":13}}]},"2":{"loc":{"start":{"line":38,"column":12},"end":{"line":38,"column":38}},"type":"if","locations":[{"start":{"line":38,"column":12},"end":{"line":38,"column":38}}]},"3":{"loc":{"start":{"line":77,"column":21},"end":{"line":77,"column":80}},"type":"binary-expr","locations":[{"start":{"line":77,"column":21},"end":{"line":77,"column":26}},{"start":{"line":77,"column":30},"end":{"line":77,"column":80}}]}},"s":{"0":1,"1":1,"2":1,"3":1,"4":1,"5":1,"6":1,"7":1,"8":1,"9":1,"10":1,"11":1,"12":1,"13":1,"14":1,"15":1,"16":0,"17":0,"18":0,"19":0,"20":0,"21":1,"22":0,"23":0,"24":0,"25":0,"26":0,"27":0,"28":0,"29":1,"30":0,"31":0,"32":1,"33":1},"f":{"0":1,"1":1,"2":1,"3":1,"4":0,"5":0,"6":0,"7":0,"8":0,"9":1},"b":{"0":[1],"1":[0],"2":[0],"3":[1,0]}}
,"/Users/jessicaulrich/Documents/Frontend_Specialization/Module1/Advanced_React_Ecommerce_App/advanced-react-ecommerce-app/src/pages/Products.tsx": {"path":"/Users/jessicaulrich/Documents/Frontend_Specialization/Module1/Advanced_React_Ecommerce_App/advanced-react-ecommerce-app/src/pages/Products.tsx","statementMap":{"0":{"start":{"line":2,"column":0},"end":{"line":2,"column":49}},"1":{"start":{"line":3,"column":0},"end":{"line":3,"column":26}},"2":{"start":{"line":4,"column":0},"end":{"line":4,"column":58}},"3":{"start":{"line":7,"column":0},"end":{"line":7,"column":47}},"4":{"start":{"line":8,"column":0},"end":{"line":8,"column":55}},"5":{"start":{"line":9,"column":0},"end":{"line":9,"column":57}},"6":{"start":{"line":10,"column":0},"end":{"line":10,"column":41}},"7":{"start":{"line":12,"column":0},"end":{"line":12,"column":44}},"8":{"start":{"line":16,"column":29},"end":{"line":23,"column":1}},"9":{"start":{"line":17,"column":16},"end":{"line":19,"column":45}},"10":{"start":{"line":21,"column":21},"end":{"line":21,"column":41}},"11":{"start":{"line":22,"column":4},"end":{"line":22,"column":25}},"12":{"start":{"line":26,"column":17},"end":{"line":118,"column":1}},"13":{"start":{"line":27,"column":40},"end":{"line":27,"column":72}},"14":{"start":{"line":28,"column":4},"end":{"line":32,"column":null}},"15":{"start":{"line":29,"column":8},"end":{"line":31,"column":null}},"16":{"start":{"line":30,"column":12},"end":{"line":30,"column":null}},"17":{"start":{"line":35,"column":39},"end":{"line":46,"column":1}},"18":{"start":{"line":36,"column":8},"end":{"line":36,"column":34}},"19":{"start":{"line":36,"column":25},"end":{"line":36,"column":34}},"20":{"start":{"line":37,"column":26},"end":{"line":37,"column":75}},"21":{"start":{"line":38,"column":41},"end":{"line":38,"column":43}},"22":{"start":{"line":41,"column":4},"end":{"line":43,"column":7}},"23":{"start":{"line":42,"column":8},"end":{"line":42,"column":84}},"24":{"start":{"line":45,"column":4},"end":{"line":45,"column":29}},"25":{"start":{"line":47,"column":21},"end":{"line":47,"column":34}},"26":{"start":{"line":49,"column":22},"end":{"line":49,"column":67}},"27":{"start":{"line":49,"column":56},"end":{"line":49,"column":66}},"28":{"start":{"line":50,"column":4},"end":{"line":50,"column":23}},"29":{"start":{"line":52,"column":29},"end":{"line":52,"column":95}},"30":{"start":{"line":52,"column":63},"end":{"line":52,"column":94}},"31":{"start":{"line":55,"column":52},"end":{"line":58,"column":6}},"32":{"start":{"line":57,"column":23},"end":{"line":57,"column":61}},"33":{"start":{"line":61,"column":45},"end":{"line":64,"column":6}},"34":{"start":{"line":67,"column":38},"end":{"line":69,"column":23}},"35":{"start":{"line":68,"column":44},"end":{"line":68,"column":81}},"36":{"start":{"line":72,"column":24},"end":{"line":72,"column":78}},"37":{"start":{"line":75,"column":4},"end":{"line":75,"column":null}},"38":{"start":{"line":75,"column":19},"end":{"line":75,"column":null}},"39":{"start":{"line":77,"column":4},"end":{"line":77,"column":53}},"40":{"start":{"line":77,"column":15},"end":{"line":77,"column":53}},"41":{"start":{"line":79,"column":4},"end":{"line":117,"column":6}},"42":{"start":{"line":96,"column":50},"end":{"line":113,"column":22}},"43":{"start":{"line":111,"column":55},"end":{"line":111,"column":83}},"44":{"start":{"line":120,"column":0},"end":{"line":120,"column":24}}},"fnMap":{"0":{"name":"(anonymous_1)","decl":{"start":{"line":16,"column":29},"end":{"line":16,"column":34}},"loc":{"start":{"line":16,"column":76},"end":{"line":23,"column":1}}},"1":{"name":"(anonymous_2)","decl":{"start":{"line":26,"column":17},"end":{"line":26,"column":20}},"loc":{"start":{"line":26,"column":22},"end":{"line":118,"column":1}}},"2":{"name":"(anonymous_3)","decl":{"start":{"line":28,"column":14},"end":{"line":28,"column":17}},"loc":{"start":{"line":28,"column":19},"end":{"line":32,"column":5}}},"3":{"name":"(anonymous_4)","decl":{"start":{"line":29,"column":22},"end":{"line":29,"column":23}},"loc":{"start":{"line":29,"column":33},"end":{"line":31,"column":9}}},"4":{"name":"(anonymous_5)","decl":{"start":{"line":35,"column":39},"end":{"line":35,"column":44}},"loc":{"start":{"line":35,"column":70},"end":{"line":46,"column":1}}},"5":{"name":"(anonymous_6)","decl":{"start":{"line":41,"column":26},"end":{"line":41,"column":27}},"loc":{"start":{"line":41,"column":34},"end":{"line":43,"column":5}}},"6":{"name":"(anonymous_7)","decl":{"start":{"line":49,"column":34},"end":{"line":49,"column":35}},"loc":{"start":{"line":49,"column":56},"end":{"line":49,"column":66}}},"7":{"name":"(anonymous_8)","decl":{"start":{"line":52,"column":41},"end":{"line":52,"column":42}},"loc":{"start":{"line":52,"column":63},"end":{"line":52,"column":94}}},"8":{"name":"(anonymous_9)","decl":{"start":{"line":57,"column":17},"end":{"line":57,"column":20}},"loc":{"start":{"line":57,"column":23},"end":{"line":57,"column":61}}},"9":{"name":"(anonymous_10)","decl":{"start":{"line":68,"column":31},"end":{"line":68,"column":32}},"loc":{"start":{"line":68,"column":44},"end":{"line":68,"column":81}}},"10":{"name":"(anonymous_11)","decl":{"start":{"line":96,"column":37},"end":{"line":96,"column":38}},"loc":{"start":{"line":96,"column":49},"end":{"line":113,"column":22}}},"11":{"name":"(anonymous_12)","decl":{"start":{"line":111,"column":49},"end":{"line":111,"column":52}},"loc":{"start":{"line":111,"column":55},"end":{"line":111,"column":83}}}},"branchMap":{"0":{"loc":{"start":{"line":17,"column":16},"end":{"line":19,"column":45}},"type":"cond-expr","locations":[{"start":{"line":18,"column":10},"end":{"line":18,"column":66}},{"start":{"line":19,"column":10},"end":{"line":19,"column":45}}]},"1":{"loc":{"start":{"line":36,"column":8},"end":{"line":36,"column":34}},"type":"if","locations":[{"start":{"line":36,"column":8},"end":{"line":36,"column":34}}]},"2":{"loc":{"start":{"line":61,"column":18},"end":{"line":61,"column":40}},"type":"default-arg","locations":[{"start":{"line":61,"column":38},"end":{"line":61,"column":40}}]},"3":{"loc":{"start":{"line":67,"column":38},"end":{"line":69,"column":23}},"type":"cond-expr","locations":[{"start":{"line":68,"column":6},"end":{"line":68,"column":82}},{"start":{"line":69,"column":6},"end":{"line":69,"column":23}}]},"4":{"loc":{"start":{"line":72,"column":29},"end":{"line":72,"column":46}},"type":"binary-expr","locations":[{"start":{"line":72,"column":29},"end":{"line":72,"column":40}},{"start":{"line":72,"column":44},"end":{"line":72,"column":46}}]},"5":{"loc":{"start":{"line":75,"column":4},"end":{"line":75,"column":null}},"type":"if","locations":[{"start":{"line":75,"column":4},"end":{"line":75,"column":null}}]},"6":{"loc":{"start":{"line":77,"column":4},"end":{"line":77,"column":53}},"type":"if","locations":[{"start":{"line":77,"column":4},"end":{"line":77,"column":53}}]},"7":{"loc":{"start":{"line":81,"column":26},"end":{"line":81,"column":78}},"type":"cond-expr","locations":[{"start":{"line":81,"column":45},"end":{"line":81,"column":68}},{"start":{"line":81,"column":71},"end":{"line":81,"column":78}}]},"8":{"loc":{"start":{"line":110,"column":33},"end":{"line":110,"column":62}},"type":"cond-expr","locations":[{"start":{"line":110,"column":53},"end":{"line":110,"column":57}},{"start":{"line":110,"column":57},"end":{"line":110,"column":62}}]},"9":{"loc":{"start":{"line":110,"column":33},"end":{"line":110,"column":57}},"type":"binary-expr","locations":[{"start":{"line":110,"column":33},"end":{"line":110,"column":57}},{"start":{"line":110,"column":53},"end":{"line":110,"column":57}}]},"10":{"loc":{"start":{"line":110,"column":33},"end":{"line":110,"column":53}},"type":"cond-expr","locations":[{"start":{"line":110,"column":47},"end":{"line":110,"column":49}},{"start":{"line":110,"column":47},"end":{"line":110,"column":53}}]},"11":{"loc":{"start":{"line":110,"column":33},"end":{"line":110,"column":49}},"type":"binary-expr","locations":[{"start":{"line":110,"column":33},"end":{"line":110,"column":49}},{"start":{"line":110,"column":47},"end":{"line":110,"column":49}}]}},"s":{"0":0,"1":0,"2":0,"3":0,"4":0,"5":0,"6":0,"7":0,"8":0,"9":0,"10":0,"11":0,"12":0,"13":0,"14":0,"15":0,"16":0,"17":0,"18":0,"19":0,"20":0,"21":0,"22":0,"23":0,"24":0,"25":0,"26":0,"27":0,"28":0,"29":0,"30":0,"31":0,"32":0,"33":0,"34":0,"35":0,"36":0,"37":0,"38":0,"39":0,"40":0,"41":0,"42":0,"43":0,"44":0},"f":{"0":0,"1":0,"2":0,"3":0,"4":0,"5":0,"6":0,"7":0,"8":0,"9":0,"10":0,"11":0},"b":{"0":[0,0],"1":[0],"2":[0],"3":[0,0],"4":[0,0],"5":[0],"6":[0],"7":[0,0],"8":[0,0],"9":[0,0],"10":[0,0],"11":[0,0]}}
,"/Users/jessicaulrich/Documents/Frontend_Specialization/Module1/Advanced_React_Ecommerce_App/advanced-react-ecommerce-app/src/pages/Register.tsx": {"path":"/Users/jessicaulrich/Documents/Frontend_Specialization/Module1/Advanced_React_Ecommerce_App/advanced-react-ecommerce-app/src/pages/Register.tsx","statementMap":{"0":{"start":{"line":1,"column":0},"end":{"line":1,"column":62}},"1":{"start":{"line":2,"column":0},"end":{"line":2,"column":63}},"2":{"start":{"line":3,"column":0},"end":{"line":3,"column":49}},"3":{"start":{"line":4,"column":0},"end":{"line":4,"column":47}},"4":{"start":{"line":5,"column":0},"end":{"line":5,"column":41}},"5":{"start":{"line":10,"column":17},"end":{"line":118,"column":1}},"6":{"start":{"line":12,"column":30},"end":{"line":12,"column":50}},"7":{"start":{"line":13,"column":36},"end":{"line":13,"column":56}},"8":{"start":{"line":14,"column":28},"end":{"line":14,"column":48}},"9":{"start":{"line":15,"column":34},"end":{"line":15,"column":54}},"10":{"start":{"line":16,"column":30},"end":{"line":16,"column":50}},"11":{"start":{"line":17,"column":30},"end":{"line":17,"column":59}},"12":{"start":{"line":18,"column":21},"end":{"line":18,"column":34}},"13":{"start":{"line":19,"column":44},"end":{"line":19,"column":71}},"14":{"start":{"line":20,"column":40},"end":{"line":20,"column":72}},"15":{"start":{"line":23,"column":4},"end":{"line":28,"column":null}},"16":{"start":{"line":24,"column":8},"end":{"line":27,"column":null}},"17":{"start":{"line":25,"column":12},"end":{"line":25,"column":null}},"18":{"start":{"line":26,"column":12},"end":{"line":26,"column":null}},"19":{"start":{"line":31,"column":27},"end":{"line":53,"column":5}},"20":{"start":{"line":32,"column":8},"end":{"line":32,"column":27}},"21":{"start":{"line":33,"column":8},"end":{"line":52,"column":9}},"22":{"start":{"line":35,"column":12},"end":{"line":35,"column":38}},"23":{"start":{"line":35,"column":31},"end":{"line":35,"column":38}},"24":{"start":{"line":36,"column":29},"end":{"line":36,"column":96}},"25":{"start":{"line":37,"column":25},"end":{"line":37,"column":38}},"26":{"start":{"line":40,"column":12},"end":{"line":40,"column":36}},"27":{"start":{"line":40,"column":29},"end":{"line":40,"column":36}},"28":{"start":{"line":41,"column":12},"end":{"line":47,"column":15}},"29":{"start":{"line":48,"column":12},"end":{"line":48,"column":73}},"30":{"start":{"line":49,"column":12},"end":{"line":49,"column":33}},"31":{"start":{"line":51,"column":12},"end":{"line":51,"column":45}},"32":{"start":{"line":55,"column":4},"end":{"line":117,"column":6}},"33":{"start":{"line":68,"column":41},"end":{"line":68,"column":64}},"34":{"start":{"line":78,"column":41},"end":{"line":78,"column":67}},"35":{"start":{"line":88,"column":41},"end":{"line":88,"column":65}},"36":{"start":{"line":98,"column":41},"end":{"line":98,"column":65}},"37":{"start":{"line":108,"column":41},"end":{"line":108,"column":68}},"38":{"start":{"line":120,"column":0},"end":{"line":120,"column":24}}},"fnMap":{"0":{"name":"(anonymous_1)","decl":{"start":{"line":10,"column":17},"end":{"line":10,"column":20}},"loc":{"start":{"line":10,"column":22},"end":{"line":118,"column":1}}},"1":{"name":"(anonymous_2)","decl":{"start":{"line":23,"column":14},"end":{"line":23,"column":17}},"loc":{"start":{"line":23,"column":19},"end":{"line":28,"column":5}}},"2":{"name":"(anonymous_3)","decl":{"start":{"line":24,"column":22},"end":{"line":24,"column":23}},"loc":{"start":{"line":24,"column":39},"end":{"line":27,"column":9}}},"3":{"name":"(anonymous_4)","decl":{"start":{"line":31,"column":27},"end":{"line":31,"column":32}},"loc":{"start":{"line":31,"column":50},"end":{"line":53,"column":5}}},"4":{"name":"(anonymous_5)","decl":{"start":{"line":68,"column":34},"end":{"line":68,"column":35}},"loc":{"start":{"line":68,"column":41},"end":{"line":68,"column":64}}},"5":{"name":"(anonymous_6)","decl":{"start":{"line":78,"column":34},"end":{"line":78,"column":35}},"loc":{"start":{"line":78,"column":41},"end":{"line":78,"column":67}}},"6":{"name":"(anonymous_7)","decl":{"start":{"line":88,"column":34},"end":{"line":88,"column":35}},"loc":{"start":{"line":88,"column":41},"end":{"line":88,"column":65}}},"7":{"name":"(anonymous_8)","decl":{"start":{"line":98,"column":34},"end":{"line":98,"column":35}},"loc":{"start":{"line":98,"column":41},"end":{"line":98,"column":65}}},"8":{"name":"(anonymous_9)","decl":{"start":{"line":108,"column":34},"end":{"line":108,"column":35}},"loc":{"start":{"line":108,"column":41},"end":{"line":108,"column":68}}}},"branchMap":{"0":{"loc":{"start":{"line":35,"column":12},"end":{"line":35,"column":38}},"type":"if","locations":[{"start":{"line":35,"column":12},"end":{"line":35,"column":38}}]},"1":{"loc":{"start":{"line":40,"column":12},"end":{"line":40,"column":36}},"type":"if","locations":[{"start":{"line":40,"column":12},"end":{"line":40,"column":36}}]},"2":{"loc":{"start":{"line":113,"column":21},"end":{"line":113,"column":80}},"type":"binary-expr","locations":[{"start":{"line":113,"column":21},"end":{"line":113,"column":26}},{"start":{"line":113,"column":30},"end":{"line":113,"column":80}}]}},"s":{"0":0,"1":0,"2":0,"3":0,"4":0,"5":0,"6":0,"7":0,"8":0,"9":0,"10":0,"11":0,"12":0,"13":0,"14":0,"15":0,"16":0,"17":0,"18":0,"19":0,"20":0,"21":0,"22":0,"23":0,"24":0,"25":0,"26":0,"27":0,"28":0,"29":0,"30":0,"31":0,"32":0,"33":0,"34":0,"35":0,"36":0,"37":0,"38":0},"f":{"0":0,"1":0,"2":0,"3":0,"4":0,"5":0,"6":0,"7":0,"8":0},"b":{"0":[0],"1":[0],"2":[0,0]}}
,"/Users/jessicaulrich/Documents/Frontend_Specialization/Module1/Advanced_React_Ecommerce_App/advanced-react-ecommerce-app/src/pages/ShoppingCart.tsx": {"path":"/Users/jessicaulrich/Documents/Frontend_Specialization/Module1/Advanced_React_Ecommerce_App/advanced-react-ecommerce-app/src/pages/ShoppingCart.tsx","statementMap":{"0":{"start":{"line":2,"column":0},"end":{"line":2,"column":66}},"1":{"start":{"line":4,"column":0},"end":{"line":4,"column":55}},"2":{"start":{"line":5,"column":0},"end":{"line":5,"column":92}},"3":{"start":{"line":6,"column":0},"end":{"line":6,"column":47}},"4":{"start":{"line":8,"column":21},"end":{"line":93,"column":1}},"5":{"start":{"line":9,"column":21},"end":{"line":9,"column":47}},"6":{"start":{"line":10,"column":21},"end":{"line":10,"column":34}},"7":{"start":{"line":13,"column":22},"end":{"line":13,"column":67}},"8":{"start":{"line":13,"column":56},"end":{"line":13,"column":66}},"9":{"start":{"line":16,"column":30},"end":{"line":19,"column":5}},"10":{"start":{"line":17,"column":8},"end":{"line":17,"column":30}},"11":{"start":{"line":18,"column":8},"end":{"line":18,"column":44}},"12":{"start":{"line":22,"column":30},"end":{"line":25,"column":5}},"13":{"start":{"line":23,"column":8},"end":{"line":23,"column":37}},"14":{"start":{"line":24,"column":8},"end":{"line":24,"column":22}},"15":{"start":{"line":28,"column":4},"end":{"line":92,"column":6}},"16":{"start":{"line":43,"column":45},"end":{"line":79,"column":22}},"17":{"start":{"line":64,"column":51},"end":{"line":64,"column":null}},"18":{"start":{"line":71,"column":51},"end":{"line":71,"column":null}},"19":{"start":{"line":76,"column":72},"end":{"line":76,"column":105}},"20":{"start":{"line":83,"column":65},"end":{"line":83,"column":86}},"21":{"start":{"line":85,"column":47},"end":{"line":85,"column":90}},"22":{"start":{"line":95,"column":0},"end":{"line":95,"column":28}}},"fnMap":{"0":{"name":"(anonymous_0)","decl":{"start":{"line":8,"column":21},"end":{"line":8,"column":24}},"loc":{"start":{"line":8,"column":26},"end":{"line":93,"column":1}}},"1":{"name":"(anonymous_1)","decl":{"start":{"line":13,"column":34},"end":{"line":13,"column":35}},"loc":{"start":{"line":13,"column":56},"end":{"line":13,"column":66}}},"2":{"name":"(anonymous_2)","decl":{"start":{"line":16,"column":30},"end":{"line":16,"column":33}},"loc":{"start":{"line":16,"column":35},"end":{"line":19,"column":5}}},"3":{"name":"(anonymous_3)","decl":{"start":{"line":22,"column":30},"end":{"line":22,"column":35}},"loc":{"start":{"line":22,"column":41},"end":{"line":25,"column":5}}},"4":{"name":"(anonymous_4)","decl":{"start":{"line":43,"column":32},"end":{"line":43,"column":33}},"loc":{"start":{"line":43,"column":44},"end":{"line":79,"column":22}}},"5":{"name":"(anonymous_5)","decl":{"start":{"line":64,"column":45},"end":{"line":64,"column":48}},"loc":{"start":{"line":64,"column":50},"end":{"line":64,"column":null}}},"6":{"name":"(anonymous_6)","decl":{"start":{"line":71,"column":45},"end":{"line":71,"column":48}},"loc":{"start":{"line":71,"column":50},"end":{"line":71,"column":null}}},"7":{"name":"(anonymous_7)","decl":{"start":{"line":76,"column":66},"end":{"line":76,"column":69}},"loc":{"start":{"line":76,"column":72},"end":{"line":76,"column":105}}},"8":{"name":"(anonymous_8)","decl":{"start":{"line":83,"column":48},"end":{"line":83,"column":49}},"loc":{"start":{"line":83,"column":65},"end":{"line":83,"column":86}}},"9":{"name":"(anonymous_9)","decl":{"start":{"line":85,"column":30},"end":{"line":85,"column":31}},"loc":{"start":{"line":85,"column":46},"end":{"line":85,"column":90}}}},"branchMap":{"0":{"loc":{"start":{"line":43,"column":21},"end":{"line":79,"column":22}},"type":"cond-expr","locations":[{"start":{"line":43,"column":26},"end":{"line":43,"column":28}},{"start":{"line":43,"column":21},"end":{"line":79,"column":22}}]},"1":{"loc":{"start":{"line":43,"column":21},"end":{"line":43,"column":28}},"type":"binary-expr","locations":[{"start":{"line":43,"column":21},"end":{"line":43,"column":28}},{"start":{"line":43,"column":21},"end":{"line":43,"column":28}}]},"2":{"loc":{"start":{"line":59,"column":51},"end":{"line":59,"column":72}},"type":"cond-expr","locations":[{"start":{"line":59,"column":67},"end":{"line":59,"column":71}},{"start":{"line":59,"column":71},"end":{"line":59,"column":72}}]},"3":{"loc":{"start":{"line":59,"column":51},"end":{"line":59,"column":71}},"type":"binary-expr","locations":[{"start":{"line":59,"column":51},"end":{"line":59,"column":71}},{"start":{"line":59,"column":67},"end":{"line":59,"column":71}}]},"4":{"loc":{"start":{"line":64,"column":104},"end":{"line":64,"column":125}},"type":"cond-expr","locations":[{"start":{"line":64,"column":120},"end":{"line":64,"column":124}},{"start":{"line":64,"column":124},"end":{"line":64,"column":125}}]},"5":{"loc":{"start":{"line":64,"column":104},"end":{"line":64,"column":124}},"type":"binary-expr","locations":[{"start":{"line":64,"column":104},"end":{"line":64,"column":124}},{"start":{"line":64,"column":120},"end":{"line":64,"column":124}}]},"6":{"loc":{"start":{"line":70,"column":47},"end":{"line":70,"column":68}},"type":"cond-expr","locations":[{"start":{"line":70,"column":63},"end":{"line":70,"column":67}},{"start":{"line":70,"column":67},"end":{"line":70,"column":68}}]},"7":{"loc":{"start":{"line":70,"column":47},"end":{"line":70,"column":67}},"type":"binary-expr","locations":[{"start":{"line":70,"column":47},"end":{"line":70,"column":67}},{"start":{"line":70,"column":63},"end":{"line":70,"column":67}}]},"8":{"loc":{"start":{"line":71,"column":104},"end":{"line":71,"column":125}},"type":"cond-expr","locations":[{"start":{"line":71,"column":120},"end":{"line":71,"column":124}},{"start":{"line":71,"column":124},"end":{"line":71,"column":125}}]},"9":{"loc":{"start":{"line":71,"column":104},"end":{"line":71,"column":124}},"type":"binary-expr","locations":[{"start":{"line":71,"column":104},"end":{"line":71,"column":124}},{"start":{"line":71,"column":120},"end":{"line":71,"column":124}}]},"10":{"loc":{"start":{"line":85,"column":69},"end":{"line":85,"column":87}},"type":"cond-expr","locations":[{"start":{"line":85,"column":82},"end":{"line":85,"column":86}},{"start":{"line":85,"column":86},"end":{"line":85,"column":87}}]},"11":{"loc":{"start":{"line":85,"column":69},"end":{"line":85,"column":86}},"type":"binary-expr","locations":[{"start":{"line":85,"column":69},"end":{"line":85,"column":86}},{"start":{"line":85,"column":82},"end":{"line":85,"column":86}}]}},"s":{"0":1,"1":1,"2":1,"3":1,"4":1,"5":2,"6":2,"7":2,"8":4,"9":2,"10":0,"11":0,"12":2,"13":0,"14":0,"15":2,"16":2,"17":0,"18":0,"19":0,"20":2,"21":2,"22":1},"f":{"0":2,"1":4,"2":0,"3":0,"4":2,"5":0,"6":0,"7":0,"8":2,"9":2},"b":{"0":[0,2],"1":[2,2],"2":[2,0],"3":[2,2],"4":[0,0],"5":[0,0],"6":[2,0],"7":[2,2],"8":[0,0],"9":[0,0],"10":[2,0],"11":[2,2]}}
,"/Users/jessicaulrich/Documents/Frontend_Specialization/Module1/Advanced_React_Ecommerce_App/advanced-react-ecommerce-app/src/pages/UserProfile.tsx": {"path":"/Users/jessicaulrich/Documents/Frontend_Specialization/Module1/Advanced_React_Ecommerce_App/advanced-react-ecommerce-app/src/pages/UserProfile.tsx","statementMap":{"0":{"start":{"line":1,"column":0},"end":{"line":1,"column":50}},"1":{"start":{"line":2,"column":0},"end":{"line":2,"column":117}},"2":{"start":{"line":3,"column":0},"end":{"line":3,"column":65}},"3":{"start":{"line":5,"column":0},"end":{"line":5,"column":41}},"4":{"start":{"line":9,"column":20},"end":{"line":238,"column":1}},"5":{"start":{"line":10,"column":36},"end":{"line":10,"column":63}},"6":{"start":{"line":11,"column":34},"end":{"line":11,"column":54}},"7":{"start":{"line":12,"column":40},"end":{"line":12,"column":60}},"8":{"start":{"line":13,"column":36},"end":{"line":13,"column":56}},"9":{"start":{"line":14,"column":32},"end":{"line":14,"column":53}},"10":{"start":{"line":15,"column":46},"end":{"line":15,"column":74}},"11":{"start":{"line":17,"column":44},"end":{"line":17,"column":71}},"12":{"start":{"line":18,"column":40},"end":{"line":18,"column":72}},"13":{"start":{"line":19,"column":4},"end":{"line":25,"column":null}},"14":{"start":{"line":21,"column":8},"end":{"line":24,"column":null}},"15":{"start":{"line":22,"column":12},"end":{"line":22,"column":null}},"16":{"start":{"line":23,"column":12},"end":{"line":23,"column":null}},"17":{"start":{"line":28,"column":4},"end":{"line":55,"column":35}},"18":{"start":{"line":29,"column":26},"end":{"line":51,"column":5}},"19":{"start":{"line":30,"column":12},"end":{"line":30,"column":38}},"20":{"start":{"line":30,"column":31},"end":{"line":30,"column":38}},"21":{"start":{"line":31,"column":32},"end":{"line":31,"column":56}},"22":{"start":{"line":32,"column":12},"end":{"line":32,"column":37}},"23":{"start":{"line":32,"column":30},"end":{"line":32,"column":37}},"24":{"start":{"line":35,"column":12},"end":{"line":35,"column":36}},"25":{"start":{"line":35,"column":29},"end":{"line":35,"column":36}},"26":{"start":{"line":36,"column":28},"end":{"line":36,"column":83}},"27":{"start":{"line":37,"column":12},"end":{"line":40,"column":13}},"28":{"start":{"line":38,"column":29},"end":{"line":38,"column":51}},"29":{"start":{"line":39,"column":16},"end":{"line":39,"column":34}},"30":{"start":{"line":43,"column":32},"end":{"line":43,"column":112}},"31":{"start":{"line":44,"column":34},"end":{"line":44,"column":60}},"32":{"start":{"line":46,"column":43},"end":{"line":49,"column":15}},"33":{"start":{"line":46,"column":73},"end":{"line":48,"column":null}},"34":{"start":{"line":50,"column":8},"end":{"line":50,"column":33}},"35":{"start":{"line":53,"column":8},"end":{"line":53,"column":20}},"36":{"start":{"line":58,"column":26},"end":{"line":97,"column":5}},"37":{"start":{"line":59,"column":8},"end":{"line":59,"column":34}},"38":{"start":{"line":59,"column":27},"end":{"line":59,"column":34}},"39":{"start":{"line":60,"column":28},"end":{"line":60,"column":52}},"40":{"start":{"line":61,"column":8},"end":{"line":61,"column":33}},"41":{"start":{"line":61,"column":26},"end":{"line":61,"column":33}},"42":{"start":{"line":63,"column":8},"end":{"line":96,"column":9}},"43":{"start":{"line":64,"column":12},"end":{"line":64,"column":36}},"44":{"start":{"line":64,"column":29},"end":{"line":64,"column":36}},"45":{"start":{"line":65,"column":28},"end":{"line":65,"column":69}},"46":{"start":{"line":68,"column":12},"end":{"line":72,"column":11}},"47":{"start":{"line":75,"column":8},"end":{"line":86,"column":11}},"48":{"start":{"line":76,"column":12},"end":{"line":76,"column":43}},"49":{"start":{"line":76,"column":27},"end":{"line":76,"column":43}},"50":{"start":{"line":78,"column":25},"end":{"line":82,"column":null}},"51":{"start":{"line":85,"column":12},"end":{"line":85,"column":27}},"52":{"start":{"line":89,"column":8},"end":{"line":89,"column":23}},"53":{"start":{"line":90,"column":8},"end":{"line":90,"column":26}},"54":{"start":{"line":91,"column":8},"end":{"line":91,"column":24}},"55":{"start":{"line":93,"column":8},"end":{"line":93,"column":null}},"56":{"start":{"line":95,"column":12},"end":{"line":95,"column":61}},"57":{"start":{"line":100,"column":26},"end":{"line":112,"column":5}},"58":{"start":{"line":101,"column":8},"end":{"line":101,"column":34}},"59":{"start":{"line":101,"column":27},"end":{"line":101,"column":34}},"60":{"start":{"line":102,"column":28},"end":{"line":102,"column":52}},"61":{"start":{"line":103,"column":8},"end":{"line":103,"column":33}},"62":{"start":{"line":103,"column":26},"end":{"line":103,"column":33}},"63":{"start":{"line":104,"column":8},"end":{"line":111,"column":9}},"64":{"start":{"line":105,"column":12},"end":{"line":105,"column":36}},"65":{"start":{"line":105,"column":29},"end":{"line":105,"column":36}},"66":{"start":{"line":106,"column":12},"end":{"line":106,"column":70}},"67":{"start":{"line":107,"column":12},"end":{"line":107,"column":50}},"68":{"start":{"line":108,"column":12},"end":{"line":108,"column":null}},"69":{"start":{"line":110,"column":12},"end":{"line":110,"column":61}},"70":{"start":{"line":115,"column":29},"end":{"line":117,"column":5}},"71":{"start":{"line":116,"column":8},"end":{"line":116,"column":32}},"72":{"start":{"line":120,"column":23},"end":{"line":122,"column":5}},"73":{"start":{"line":121,"column":8},"end":{"line":121,"column":31}},"74":{"start":{"line":124,"column":4},"end":{"line":237,"column":6}},"75":{"start":{"line":141,"column":41},"end":{"line":141,"column":67}},"76":{"start":{"line":151,"column":41},"end":{"line":151,"column":70}},"77":{"start":{"line":161,"column":41},"end":{"line":161,"column":68}},"78":{"start":{"line":187,"column":28},"end":{"line":187,"column":null}},"79":{"start":{"line":191,"column":51},"end":{"line":191,"column":74}},"80":{"start":{"line":220,"column":40},"end":{"line":220,"column":56}},"81":{"start":{"line":240,"column":0},"end":{"line":240,"column":27}}},"fnMap":{"0":{"name":"(anonymous_1)","decl":{"start":{"line":9,"column":20},"end":{"line":9,"column":23}},"loc":{"start":{"line":9,"column":25},"end":{"line":238,"column":1}}},"1":{"name":"(anonymous_2)","decl":{"start":{"line":19,"column":14},"end":{"line":19,"column":17}},"loc":{"start":{"line":19,"column":19},"end":{"line":25,"column":5}}},"2":{"name":"(anonymous_3)","decl":{"start":{"line":21,"column":22},"end":{"line":21,"column":23}},"loc":{"start":{"line":21,"column":39},"end":{"line":24,"column":9}}},"3":{"name":"(anonymous_4)","decl":{"start":{"line":28,"column":14},"end":{"line":28,"column":17}},"loc":{"start":{"line":28,"column":19},"end":{"line":55,"column":5}}},"4":{"name":"(anonymous_5)","decl":{"start":{"line":29,"column":26},"end":{"line":29,"column":31}},"loc":{"start":{"line":29,"column":36},"end":{"line":51,"column":5}}},"5":{"name":"(anonymous_6)","decl":{"start":{"line":46,"column":66},"end":{"line":46,"column":69}},"loc":{"start":{"line":46,"column":73},"end":{"line":48,"column":null}}},"6":{"name":"(anonymous_7)","decl":{"start":{"line":58,"column":26},"end":{"line":58,"column":31}},"loc":{"start":{"line":58,"column":37},"end":{"line":97,"column":5}}},"7":{"name":"(anonymous_8)","decl":{"start":{"line":75,"column":20},"end":{"line":75,"column":21}},"loc":{"start":{"line":75,"column":33},"end":{"line":86,"column":9}}},"8":{"name":"(anonymous_9)","decl":{"start":{"line":100,"column":26},"end":{"line":100,"column":31}},"loc":{"start":{"line":100,"column":36},"end":{"line":112,"column":5}}},"9":{"name":"(anonymous_10)","decl":{"start":{"line":115,"column":29},"end":{"line":115,"column":30}},"loc":{"start":{"line":115,"column":46},"end":{"line":117,"column":5}}},"10":{"name":"(anonymous_11)","decl":{"start":{"line":120,"column":23},"end":{"line":120,"column":26}},"loc":{"start":{"line":120,"column":28},"end":{"line":122,"column":5}}},"11":{"name":"(anonymous_12)","decl":{"start":{"line":141,"column":34},"end":{"line":141,"column":35}},"loc":{"start":{"line":141,"column":41},"end":{"line":141,"column":67}}},"12":{"name":"(anonymous_13)","decl":{"start":{"line":151,"column":34},"end":{"line":151,"column":35}},"loc":{"start":{"line":151,"column":41},"end":{"line":151,"column":70}}},"13":{"name":"(anonymous_14)","decl":{"start":{"line":161,"column":34},"end":{"line":161,"column":35}},"loc":{"start":{"line":161,"column":41},"end":{"line":161,"column":68}}},"14":{"name":"(anonymous_15)","decl":{"start":{"line":186,"column":39},"end":{"line":186,"column":40}},"loc":{"start":{"line":187,"column":28},"end":{"line":187,"column":null}}},"15":{"name":"(anonymous_16)","decl":{"start":{"line":191,"column":45},"end":{"line":191,"column":48}},"loc":{"start":{"line":191,"column":51},"end":{"line":191,"column":74}}},"16":{"name":"(anonymous_17)","decl":{"start":{"line":219,"column":61},"end":{"line":219,"column":62}},"loc":{"start":{"line":220,"column":40},"end":{"line":220,"column":56}}}},"branchMap":{"0":{"loc":{"start":{"line":30,"column":12},"end":{"line":30,"column":38}},"type":"if","locations":[{"start":{"line":30,"column":12},"end":{"line":30,"column":38}}]},"1":{"loc":{"start":{"line":32,"column":12},"end":{"line":32,"column":37}},"type":"if","locations":[{"start":{"line":32,"column":12},"end":{"line":32,"column":37}}]},"2":{"loc":{"start":{"line":35,"column":12},"end":{"line":35,"column":36}},"type":"if","locations":[{"start":{"line":35,"column":12},"end":{"line":35,"column":36}}]},"3":{"loc":{"start":{"line":37,"column":12},"end":{"line":40,"column":13}},"type":"if","locations":[{"start":{"line":37,"column":12},"end":{"line":40,"column":13}}]},"4":{"loc":{"start":{"line":59,"column":8},"end":{"line":59,"column":34}},"type":"if","locations":[{"start":{"line":59,"column":8},"end":{"line":59,"column":34}}]},"5":{"loc":{"start":{"line":61,"column":8},"end":{"line":61,"column":33}},"type":"if","locations":[{"start":{"line":61,"column":8},"end":{"line":61,"column":33}}]},"6":{"loc":{"start":{"line":64,"column":12},"end":{"line":64,"column":36}},"type":"if","locations":[{"start":{"line":64,"column":12},"end":{"line":64,"column":36}}]},"7":{"loc":{"start":{"line":69,"column":18},"end":{"line":69,"column":null}},"type":"binary-expr","locations":[{"start":{"line":69,"column":18},"end":{"line":69,"column":25}},{"start":{"line":69,"column":29},"end":{"line":69,"column":43}}]},"8":{"loc":{"start":{"line":69,"column":29},"end":{"line":69,"column":43}},"type":"cond-expr","locations":[{"start":{"line":69,"column":37},"end":{"line":69,"column":39}},{"start":{"line":69,"column":29},"end":{"line":69,"column":43}}]},"9":{"loc":{"start":{"line":69,"column":29},"end":{"line":69,"column":39}},"type":"binary-expr","locations":[{"start":{"line":69,"column":29},"end":{"line":69,"column":39}},{"start":{"line":69,"column":29},"end":{"line":69,"column":39}}]},"10":{"loc":{"start":{"line":70,"column":21},"end":{"line":70,"column":null}},"type":"binary-expr","locations":[{"start":{"line":70,"column":21},"end":{"line":70,"column":31}},{"start":{"line":70,"column":35},"end":{"line":70,"column":52}}]},"11":{"loc":{"start":{"line":70,"column":35},"end":{"line":70,"column":52}},"type":"cond-expr","locations":[{"start":{"line":70,"column":43},"end":{"line":70,"column":45}},{"start":{"line":70,"column":35},"end":{"line":70,"column":52}}]},"12":{"loc":{"start":{"line":70,"column":35},"end":{"line":70,"column":45}},"type":"binary-expr","locations":[{"start":{"line":70,"column":35},"end":{"line":70,"column":45}},{"start":{"line":70,"column":35},"end":{"line":70,"column":45}}]},"13":{"loc":{"start":{"line":71,"column":19},"end":{"line":71,"column":null}},"type":"binary-expr","locations":[{"start":{"line":71,"column":19},"end":{"line":71,"column":27}},{"start":{"line":71,"column":31},"end":{"line":71,"column":46}}]},"14":{"loc":{"start":{"line":71,"column":31},"end":{"line":71,"column":46}},"type":"cond-expr","locations":[{"start":{"line":71,"column":39},"end":{"line":71,"column":41}},{"start":{"line":71,"column":31},"end":{"line":71,"column":46}}]},"15":{"loc":{"start":{"line":71,"column":31},"end":{"line":71,"column":41}},"type":"binary-expr","locations":[{"start":{"line":71,"column":31},"end":{"line":71,"column":41}},{"start":{"line":71,"column":31},"end":{"line":71,"column":41}}]},"16":{"loc":{"start":{"line":76,"column":12},"end":{"line":76,"column":43}},"type":"if","locations":[{"start":{"line":76,"column":12},"end":{"line":76,"column":43}}]},"17":{"loc":{"start":{"line":80,"column":22},"end":{"line":80,"column":46}},"type":"binary-expr","locations":[{"start":{"line":80,"column":22},"end":{"line":80,"column":29}},{"start":{"line":80,"column":33},"end":{"line":80,"column":46}}]},"18":{"loc":{"start":{"line":81,"column":25},"end":{"line":81,"column":55}},"type":"binary-expr","locations":[{"start":{"line":81,"column":25},"end":{"line":81,"column":35}},{"start":{"line":81,"column":39},"end":{"line":81,"column":55}}]},"19":{"loc":{"start":{"line":82,"column":23},"end":{"line":82,"column":49}},"type":"binary-expr","locations":[{"start":{"line":82,"column":23},"end":{"line":82,"column":31}},{"start":{"line":82,"column":35},"end":{"line":82,"column":49}}]},"20":{"loc":{"start":{"line":101,"column":8},"end":{"line":101,"column":34}},"type":"if","locations":[{"start":{"line":101,"column":8},"end":{"line":101,"column":34}}]},"21":{"loc":{"start":{"line":103,"column":8},"end":{"line":103,"column":33}},"type":"if","locations":[{"start":{"line":103,"column":8},"end":{"line":103,"column":33}}]},"22":{"loc":{"start":{"line":105,"column":12},"end":{"line":105,"column":36}},"type":"if","locations":[{"start":{"line":105,"column":12},"end":{"line":105,"column":36}}]},"23":{"loc":{"start":{"line":130,"column":44},"end":{"line":130,"column":76}},"type":"cond-expr","locations":[{"start":{"line":130,"column":69},"end":{"line":130,"column":71}},{"start":{"line":130,"column":69},"end":{"line":130,"column":76}}]},"24":{"loc":{"start":{"line":130,"column":44},"end":{"line":130,"column":71}},"type":"binary-expr","locations":[{"start":{"line":130,"column":44},"end":{"line":130,"column":71}},{"start":{"line":130,"column":69},"end":{"line":130,"column":71}}]},"25":{"loc":{"start":{"line":130,"column":44},"end":{"line":130,"column":69}},"type":"cond-expr","locations":[{"start":{"line":130,"column":56},"end":{"line":130,"column":58}},{"start":{"line":130,"column":44},"end":{"line":130,"column":69}}]},"26":{"loc":{"start":{"line":130,"column":44},"end":{"line":130,"column":58}},"type":"binary-expr","locations":[{"start":{"line":130,"column":44},"end":{"line":130,"column":58}},{"start":{"line":130,"column":44},"end":{"line":130,"column":58}}]},"27":{"loc":{"start":{"line":131,"column":43},"end":{"line":131,"column":70}},"type":"binary-expr","locations":[{"start":{"line":131,"column":43},"end":{"line":131,"column":57}},{"start":{"line":131,"column":61},"end":{"line":131,"column":70}}]},"28":{"loc":{"start":{"line":131,"column":43},"end":{"line":131,"column":57}},"type":"cond-expr","locations":[{"start":{"line":131,"column":51},"end":{"line":131,"column":53}},{"start":{"line":131,"column":43},"end":{"line":131,"column":57}}]},"29":{"loc":{"start":{"line":131,"column":43},"end":{"line":131,"column":53}},"type":"binary-expr","locations":[{"start":{"line":131,"column":43},"end":{"line":131,"column":53}},{"start":{"line":131,"column":43},"end":{"line":131,"column":53}}]},"30":{"loc":{"start":{"line":132,"column":46},"end":{"line":132,"column":76}},"type":"binary-expr","locations":[{"start":{"line":132,"column":46},"end":{"line":132,"column":63}},{"start":{"line":132,"column":67},"end":{"line":132,"column":76}}]},"31":{"loc":{"start":{"line":132,"column":46},"end":{"line":132,"column":63}},"type":"cond-expr","locations":[{"start":{"line":132,"column":54},"end":{"line":132,"column":56}},{"start":{"line":132,"column":46},"end":{"line":132,"column":63}}]},"32":{"loc":{"start":{"line":132,"column":46},"end":{"line":132,"column":56}},"type":"binary-expr","locations":[{"start":{"line":132,"column":46},"end":{"line":132,"column":56}},{"start":{"line":132,"column":46},"end":{"line":132,"column":56}}]},"33":{"loc":{"start":{"line":133,"column":44},"end":{"line":133,"column":72}},"type":"binary-expr","locations":[{"start":{"line":133,"column":44},"end":{"line":133,"column":59}},{"start":{"line":133,"column":63},"end":{"line":133,"column":72}}]},"34":{"loc":{"start":{"line":133,"column":44},"end":{"line":133,"column":59}},"type":"cond-expr","locations":[{"start":{"line":133,"column":52},"end":{"line":133,"column":54}},{"start":{"line":133,"column":44},"end":{"line":133,"column":59}}]},"35":{"loc":{"start":{"line":133,"column":44},"end":{"line":133,"column":54}},"type":"binary-expr","locations":[{"start":{"line":133,"column":44},"end":{"line":133,"column":54}},{"start":{"line":133,"column":44},"end":{"line":133,"column":54}}]},"36":{"loc":{"start":{"line":181,"column":25},"end":{"line":199,"column":null}},"type":"cond-expr","locations":[{"start":{"line":182,"column":28},"end":{"line":183,"column":null}},{"start":{"line":186,"column":28},"end":{"line":199,"column":30}}]},"37":{"loc":{"start":{"line":206,"column":13},"end":{"line":234,"column":null}},"type":"binary-expr","locations":[{"start":{"line":206,"column":13},"end":{"line":206,"column":26}},{"start":{"line":207,"column":16},"end":{"line":233,"column":null}}]}},"s":{"0":0,"1":0,"2":0,"3":0,"4":0,"5":0,"6":0,"7":0,"8":0,"9":0,"10":0,"11":0,"12":0,"13":0,"14":0,"15":0,"16":0,"17":0,"18":0,"19":0,"20":0,"21":0,"22":0,"23":0,"24":0,"25":0,"26":0,"27":0,"28":0,"29":0,"30":0,"31":0,"32":0,"33":0,"34":0,"35":0,"36":0,"37":0,"38":0,"39":0,"40":0,"41":0,"42":0,"43":0,"44":0,"45":0,"46":0,"47":0,"48":0,"49":0,"50":0,"51":0,"52":0,"53":0,"54":0,"55":0,"56":0,"57":0,"58":0,"59":0,"60":0,"61":0,"62":0,"63":0,"64":0,"65":0,"66":0,"67":0,"68":0,"69":0,"70":0,"71":0,"72":0,"73":0,"74":0,"75":0,"76":0,"77":0,"78":0,"79":0,"80":0,"81":0},"f":{"0":0,"1":0,"2":0,"3":0,"4":0,"5":0,"6":0,"7":0,"8":0,"9":0,"10":0,"11":0,"12":0,"13":0,"14":0,"15":0,"16":0},"b":{"0":[0],"1":[0],"2":[0],"3":[0],"4":[0],"5":[0],"6":[0],"7":[0,0],"8":[0,0],"9":[0,0],"10":[0,0],"11":[0,0],"12":[0,0],"13":[0,0],"14":[0,0],"15":[0,0],"16":[0],"17":[0,0],"18":[0,0],"19":[0,0],"20":[0],"21":[0],"22":[0],"23":[0,0],"24":[0,0],"25":[0,0],"26":[0,0],"27":[0,0],"28":[0,0],"29":[0,0],"30":[0,0],"31":[0,0],"32":[0,0],"33":[0,0],"34":[0,0],"35":[0,0],"36":[0,0],"37":[0,0]}}
,"/Users/jessicaulrich/Documents/Frontend_Specialization/Module1/Advanced_React_Ecommerce_App/advanced-react-ecommerce-app/src/redux/CartSlice.ts": {"path":"/Users/jessicaulrich/Documents/Frontend_Specialization/Module1/Advanced_React_Ecommerce_App/advanced-react-ecommerce-app/src/redux/CartSlice.ts","statementMap":{"0":{"start":{"line":1,"column":0},"end":{"line":1,"column":80}},"1":{"start":{"line":4,"column":0},"end":{"line":4,"column":73}},"2":{"start":{"line":5,"column":0},"end":{"line":5,"column":41}},"3":{"start":{"line":14,"column":32},"end":{"line":16,"column":2}},"4":{"start":{"line":19,"column":18},"end":{"line":58,"column":2}},"5":{"start":{"line":26,"column":30},"end":{"line":26,"column":44}},"6":{"start":{"line":27,"column":33},"end":{"line":27,"column":83}},"7":{"start":{"line":27,"column":58},"end":{"line":27,"column":82}},"8":{"start":{"line":28,"column":34},"end":{"line":28,"column":56}},"9":{"start":{"line":29,"column":12},"end":{"line":33,"column":13}},"10":{"start":{"line":31,"column":16},"end":{"line":31,"column":76}},"11":{"start":{"line":32,"column":16},"end":{"line":32,"column":22}},"12":{"start":{"line":35,"column":12},"end":{"line":35,"column":null}},"13":{"start":{"line":40,"column":33},"end":{"line":40,"column":50}},"14":{"start":{"line":41,"column":12},"end":{"line":41,"column":79}},"15":{"start":{"line":41,"column":53},"end":{"line":41,"column":77}},"16":{"start":{"line":46,"column":37},"end":{"line":46,"column":51}},"17":{"start":{"line":47,"column":33},"end":{"line":47,"column":73}},"18":{"start":{"line":47,"column":58},"end":{"line":47,"column":72}},"19":{"start":{"line":48,"column":12},"end":{"line":50,"column":13}},"20":{"start":{"line":49,"column":16},"end":{"line":49,"column":49}},"21":{"start":{"line":55,"column":12},"end":{"line":55,"column":29}},"22":{"start":{"line":60,"column":13},"end":{"line":103,"column":2}},"23":{"start":{"line":63,"column":29},"end":{"line":63,"column":43}},"24":{"start":{"line":64,"column":22},"end":{"line":64,"column":45}},"25":{"start":{"line":65,"column":22},"end":{"line":65,"column":38}},"26":{"start":{"line":66,"column":21},"end":{"line":66,"column":37}},"27":{"start":{"line":68,"column":8},"end":{"line":71,"column":9}},"28":{"start":{"line":69,"column":12},"end":{"line":69,"column":41}},"29":{"start":{"line":70,"column":12},"end":{"line":70,"column":19}},"30":{"start":{"line":73,"column":8},"end":{"line":76,"column":9}},"31":{"start":{"line":74,"column":12},"end":{"line":74,"column":36}},"32":{"start":{"line":75,"column":12},"end":{"line":75,"column":19}},"33":{"start":{"line":79,"column":22},"end":{"line":79,"column":93}},"34":{"start":{"line":79,"column":50},"end":{"line":79,"column":91}},"35":{"start":{"line":82,"column":22},"end":{"line":92,"column":10}},"36":{"start":{"line":84,"column":38},"end":{"line":89,"column":14}},"37":{"start":{"line":94,"column":8},"end":{"line":101,"column":9}},"38":{"start":{"line":95,"column":12},"end":{"line":95,"column":58}},"39":{"start":{"line":96,"column":12},"end":{"line":96,"column":34}},"40":{"start":{"line":97,"column":12},"end":{"line":97,"column":47}},"41":{"start":{"line":99,"column":12},"end":{"line":99,"column":61}},"42":{"start":{"line":100,"column":12},"end":{"line":100,"column":44}},"43":{"start":{"line":106,"column":13},"end":{"line":106,"column":72}},"44":{"start":{"line":107,"column":0},"end":{"line":107,"column":33}}},"fnMap":{"0":{"name":"(anonymous_1)","decl":{"start":{"line":25,"column":19},"end":{"line":25,"column":20}},"loc":{"start":{"line":25,"column":61},"end":{"line":36,"column":9}}},"1":{"name":"(anonymous_2)","decl":{"start":{"line":27,"column":50},"end":{"line":27,"column":54}},"loc":{"start":{"line":27,"column":58},"end":{"line":27,"column":82}}},"2":{"name":"(anonymous_3)","decl":{"start":{"line":39,"column":24},"end":{"line":39,"column":25}},"loc":{"start":{"line":39,"column":66},"end":{"line":42,"column":9}}},"3":{"name":"(anonymous_4)","decl":{"start":{"line":41,"column":45},"end":{"line":41,"column":49}},"loc":{"start":{"line":41,"column":53},"end":{"line":41,"column":77}}},"4":{"name":"(anonymous_5)","decl":{"start":{"line":45,"column":24},"end":{"line":45,"column":25}},"loc":{"start":{"line":45,"column":100},"end":{"line":51,"column":9}}},"5":{"name":"(anonymous_6)","decl":{"start":{"line":47,"column":50},"end":{"line":47,"column":54}},"loc":{"start":{"line":47,"column":58},"end":{"line":47,"column":72}}},"6":{"name":"(anonymous_7)","decl":{"start":{"line":54,"column":20},"end":{"line":54,"column":21}},"loc":{"start":{"line":54,"column":30},"end":{"line":56,"column":9}}},"7":{"name":"(anonymous_8)","decl":{"start":{"line":62,"column":4},"end":{"line":62,"column":9}},"loc":{"start":{"line":62,"column":40},"end":{"line":102,"column":5}}},"8":{"name":"(anonymous_9)","decl":{"start":{"line":79,"column":35},"end":{"line":79,"column":36}},"loc":{"start":{"line":79,"column":49},"end":{"line":79,"column":91}}},"9":{"name":"(anonymous_10)","decl":{"start":{"line":84,"column":29},"end":{"line":84,"column":33}},"loc":{"start":{"line":84,"column":38},"end":{"line":89,"column":14}}}},"branchMap":{"0":{"loc":{"start":{"line":28,"column":34},"end":{"line":28,"column":56}},"type":"cond-expr","locations":[{"start":{"line":28,"column":52},"end":{"line":28,"column":55}},{"start":{"line":28,"column":55},"end":{"line":28,"column":56}}]},"1":{"loc":{"start":{"line":28,"column":34},"end":{"line":28,"column":55}},"type":"binary-expr","locations":[{"start":{"line":28,"column":34},"end":{"line":28,"column":55}},{"start":{"line":28,"column":52},"end":{"line":28,"column":55}}]},"2":{"loc":{"start":{"line":29,"column":12},"end":{"line":33,"column":13}},"type":"if","locations":[{"start":{"line":29,"column":12},"end":{"line":33,"column":13}}]},"3":{"loc":{"start":{"line":35,"column":37},"end":{"line":35,"column":62}},"type":"cond-expr","locations":[{"start":{"line":35,"column":58},"end":{"line":35,"column":61}},{"start":{"line":35,"column":61},"end":{"line":35,"column":62}}]},"4":{"loc":{"start":{"line":35,"column":37},"end":{"line":35,"column":61}},"type":"binary-expr","locations":[{"start":{"line":35,"column":37},"end":{"line":35,"column":61}},{"start":{"line":35,"column":58},"end":{"line":35,"column":61}}]},"5":{"loc":{"start":{"line":48,"column":12},"end":{"line":50,"column":13}},"type":"if","locations":[{"start":{"line":48,"column":12},"end":{"line":50,"column":13}}]},"6":{"loc":{"start":{"line":68,"column":8},"end":{"line":71,"column":9}},"type":"if","locations":[{"start":{"line":68,"column":8},"end":{"line":71,"column":9}}]},"7":{"loc":{"start":{"line":73,"column":8},"end":{"line":76,"column":9}},"type":"if","locations":[{"start":{"line":73,"column":8},"end":{"line":76,"column":9}}]},"8":{"loc":{"start":{"line":79,"column":70},"end":{"line":79,"column":88}},"type":"cond-expr","locations":[{"start":{"line":79,"column":83},"end":{"line":79,"column":87}},{"start":{"line":79,"column":87},"end":{"line":79,"column":88}}]},"9":{"loc":{"start":{"line":79,"column":70},"end":{"line":79,"column":87}},"type":"binary-expr","locations":[{"start":{"line":79,"column":70},"end":{"line":79,"column":87}},{"start":{"line":79,"column":83},"end":{"line":79,"column":87}}]}},"s":{"0":2,"1":2,"2":2,"3":2,"4":2,"5":0,"6":0,"7":0,"8":0,"9":0,"10":0,"11":0,"12":0,"13":0,"14":0,"15":0,"16":0,"17":0,"18":0,"19":0,"20":0,"21":0,"22":2,"23":0,"24":0,"25":0,"26":0,"27":0,"28":0,"29":0,"30":0,"31":0,"32":0,"33":0,"34":0,"35":0,"36":0,"37":0,"38":0,"39":0,"40":0,"41":0,"42":0,"43":2,"44":2},"f":{"0":0,"1":0,"2":0,"3":0,"4":0,"5":0,"6":0,"7":0,"8":0,"9":0},"b":{"0":[0,0],"1":[0,0],"2":[0],"3":[0,0],"4":[0,0],"5":[0],"6":[0],"7":[0],"8":[0,0],"9":[0,0]}}
,"/Users/jessicaulrich/Documents/Frontend_Specialization/Module1/Advanced_React_Ecommerce_App/advanced-react-ecommerce-app/src/redux/CategorySlice.ts": {"path":"/Users/jessicaulrich/Documents/Frontend_Specialization/Module1/Advanced_React_Ecommerce_App/advanced-react-ecommerce-app/src/redux/CategorySlice.ts","statementMap":{"0":{"start":{"line":1,"column":0},"end":{"line":1,"column":62}},"1":{"start":{"line":10,"column":36},"end":{"line":12,"column":2}},"2":{"start":{"line":15,"column":22},"end":{"line":24,"column":2}},"3":{"start":{"line":21,"column":12},"end":{"line":21,"column":52}},"4":{"start":{"line":26,"column":15},"end":{"line":26,"column":53}},"5":{"start":{"line":27,"column":0},"end":{"line":27,"column":37}}},"fnMap":{"0":{"name":"(anonymous_0)","decl":{"start":{"line":20,"column":21},"end":{"line":20,"column":22}},"loc":{"start":{"line":20,"column":62},"end":{"line":22,"column":9}}}},"branchMap":{},"s":{"0":1,"1":1,"2":1,"3":0,"4":1,"5":1},"f":{"0":0},"b":{}}
,"/Users/jessicaulrich/Documents/Frontend_Specialization/Module1/Advanced_React_Ecommerce_App/advanced-react-ecommerce-app/src/redux/store.ts": {"path":"/Users/jessicaulrich/Documents/Frontend_Specialization/Module1/Advanced_React_Ecommerce_App/advanced-react-ecommerce-app/src/redux/store.ts","statementMap":{"0":{"start":{"line":1,"column":0},"end":{"line":1,"column":50}},"1":{"start":{"line":2,"column":0},"end":{"line":2,"column":46}},"2":{"start":{"line":3,"column":0},"end":{"line":3,"column":38}},"3":{"start":{"line":6,"column":28},"end":{"line":13,"column":1}},"4":{"start":{"line":7,"column":4},"end":{"line":12,"column":5}},"5":{"start":{"line":8,"column":23},"end":{"line":8,"column":53}},"6":{"start":{"line":9,"column":8},"end":{"line":9,"column":null}},"7":{"start":{"line":11,"column":8},"end":{"line":11,"column":null}},"8":{"start":{"line":16,"column":13},"end":{"line":25,"column":3}},"9":{"start":{"line":28,"column":0},"end":{"line":35,"column":null}},"10":{"start":{"line":29,"column":4},"end":{"line":34,"column":5}},"11":{"start":{"line":30,"column":22},"end":{"line":30,"column":38}},"12":{"start":{"line":31,"column":8},"end":{"line":31,"column":null}},"13":{"start":{"line":33,"column":8},"end":{"line":33,"column":null}}},"fnMap":{"0":{"name":"(anonymous_1)","decl":{"start":{"line":6,"column":28},"end":{"line":6,"column":31}},"loc":{"start":{"line":6,"column":33},"end":{"line":13,"column":1}}},"1":{"name":"(anonymous_2)","decl":{"start":{"line":28,"column":16},"end":{"line":28,"column":19}},"loc":{"start":{"line":28,"column":21},"end":{"line":35,"column":1}}}},"branchMap":{"0":{"loc":{"start":{"line":9,"column":15},"end":{"line":9,"column":52}},"type":"cond-expr","locations":[{"start":{"line":9,"column":23},"end":{"line":9,"column":41}},{"start":{"line":9,"column":43},"end":{"line":9,"column":52}}]}},"s":{"0":1,"1":1,"2":1,"3":1,"4":1,"5":1,"6":1,"7":0,"8":1,"9":1,"10":0,"11":0,"12":0,"13":0},"f":{"0":1,"1":0},"b":{"0":[0,1]}}
}
