{"/Users/jessicaulrich/Documents/Frontend_Specialization/Module1/Advanced_React_Ecommerce_App/advanced-react-ecommerce-app/src/App.tsx": {"path":"/Users/jessicaulrich/Documents/Frontend_Specialization/Module1/Advanced_React_Ecommerce_App/advanced-react-ecommerce-app/src/App.tsx","statementMap":{"0":{"start":{"line":1,"column":0},"end":{"line":1,"column":49}},"1":{"start":{"line":2,"column":0},"end":{"line":2,"column":41}},"2":{"start":{"line":3,"column":0},"end":{"line":3,"column":40}},"3":{"start":{"line":4,"column":0},"end":{"line":4,"column":48}},"4":{"start":{"line":5,"column":0},"end":{"line":5,"column":40}},"5":{"start":{"line":6,"column":0},"end":{"line":6,"column":46}},"6":{"start":{"line":7,"column":0},"end":{"line":7,"column":34}},"7":{"start":{"line":8,"column":0},"end":{"line":8,"column":50}},"8":{"start":{"line":9,"column":0},"end":{"line":9,"column":67}},"9":{"start":{"line":10,"column":0},"end":{"line":10,"column":46}},"10":{"start":{"line":11,"column":0},"end":{"line":11,"column":55}},"11":{"start":{"line":14,"column":2},"end":{"line":34,"column":4}},"12":{"start":{"line":37,"column":0},"end":{"line":37,"column":19}}},"fnMap":{"0":{"name":"App","decl":{"start":{"line":13,"column":9},"end":{"line":13,"column":12}},"loc":{"start":{"line":13,"column":12},"end":{"line":35,"column":1}}}},"branchMap":{},"s":{"0":0,"1":0,"2":0,"3":0,"4":0,"5":0,"6":0,"7":0,"8":0,"9":0,"10":0,"11":0,"12":0},"f":{"0":0},"b":{}}
,"/Users/jessicaulrich/Documents/Frontend_Specialization/Module1/Advanced_React_Ecommerce_App/advanced-react-ecommerce-app/src/firebaseConfig.ts": {"path":"/Users/jessicaulrich/Documents/Frontend_Specialization/Module1/Advanced_React_Ecommerce_App/advanced-react-ecommerce-app/src/firebaseConfig.ts","statementMap":{"0":{"start":{"line":2,"column":0},"end":{"line":2,"column":45}},"1":{"start":{"line":3,"column":0},"end":{"line":3,"column":40}},"2":{"start":{"line":4,"column":0},"end":{"line":4,"column":50}},"3":{"start":{"line":9,"column":18},"end":{"line":16,"column":1}},"4":{"start":{"line":10,"column":16},"end":{"line":10,"column":38}},"5":{"start":{"line":12,"column":2},"end":{"line":14,"column":3}},"6":{"start":{"line":13,"column":4},"end":{"line":13,"column":58}},"7":{"start":{"line":15,"column":2},"end":{"line":15,"column":15}},"8":{"start":{"line":18,"column":23},"end":{"line":25,"column":2}},"9":{"start":{"line":27,"column":12},"end":{"line":27,"column":41}},"10":{"start":{"line":28,"column":13},"end":{"line":28,"column":25}},"11":{"start":{"line":31,"column":9},"end":{"line":31,"column":13}},"12":{"start":{"line":29,"column":11},"end":{"line":29,"column":28}},"13":{"start":{"line":31,"column":15},"end":{"line":31,"column":17}}},"fnMap":{"0":{"name":"(anonymous_0)","decl":{"start":{"line":9,"column":18},"end":{"line":9,"column":19}},"loc":{"start":{"line":9,"column":42},"end":{"line":16,"column":1}}}},"branchMap":{"0":{"loc":{"start":{"line":10,"column":16},"end":{"line":10,"column":38}},"type":"binary-expr","locations":[{"start":{"line":10,"column":16},"end":{"line":10,"column":32}},{"start":{"line":10,"column":36},"end":{"line":10,"column":38}}]},"1":{"loc":{"start":{"line":12,"column":2},"end":{"line":14,"column":3}},"type":"if","locations":[{"start":{"line":12,"column":2},"end":{"line":14,"column":3}}]}},"s":{"0":3,"1":3,"2":3,"3":3,"4":18,"5":18,"6":0,"7":18,"8":3,"9":3,"10":3,"11":3,"12":3,"13":3},"f":{"0":18},"b":{"0":[18,0],"1":[0]}}
,"/Users/jessicaulrich/Documents/Frontend_Specialization/Module1/Advanced_React_Ecommerce_App/advanced-react-ecommerce-app/src/main.tsx": {"path":"/Users/jessicaulrich/Documents/Frontend_Specialization/Module1/Advanced_React_Ecommerce_App/advanced-react-ecommerce-app/src/main.tsx","statementMap":{"0":{"start":{"line":1,"column":0},"end":{"line":1,"column":34}},"1":{"start":{"line":2,"column":0},"end":{"line":2,"column":45}},"2":{"start":{"line":3,"column":0},"end":{"line":3,"column":23}},"3":{"start":{"line":4,"column":0},"end":{"line":4,"column":73}},"4":{"start":{"line":5,"column":0},"end":{"line":5,"column":68}},"5":{"start":{"line":6,"column":0},"end":{"line":6,"column":39}},"6":{"start":{"line":7,"column":0},"end":{"line":7,"column":38}},"7":{"start":{"line":8,"column":0},"end":{"line":8,"column":49}},"8":{"start":{"line":9,"column":0},"end":{"line":9,"column":54}},"9":{"start":{"line":12,"column":20},"end":{"line":12,"column":37}},"10":{"start":{"line":14,"column":0},"end":{"line":29,"column":null}}},"fnMap":{},"branchMap":{},"s":{"0":0,"1":0,"2":0,"3":0,"4":0,"5":0,"6":0,"7":0,"8":0,"9":0,"10":0},"f":{},"b":{}}
,"/Users/jessicaulrich/Documents/Frontend_Specialization/Module1/Advanced_React_Ecommerce_App/advanced-react-ecommerce-app/src/vite-env.d.ts": {"path":"/Users/jessicaulrich/Documents/Frontend_Specialization/Module1/Advanced_React_Ecommerce_App/advanced-react-ecommerce-app/src/vite-env.d.ts","statementMap":{},"fnMap":{},"branchMap":{},"s":{},"f":{},"b":{}}
,"/Users/jessicaulrich/Documents/Frontend_Specialization/Module1/Advanced_React_Ecommerce_App/advanced-react-ecommerce-app/src/components/AddFirestoreProduct.tsx": {"path":"/Users/jessicaulrich/Documents/Frontend_Specialization/Module1/Advanced_React_Ecommerce_App/advanced-react-ecommerce-app/src/components/AddFirestoreProduct.tsx","statementMap":{"0":{"start":{"line":2,"column":0},"end":{"line":2,"column":39}},"1":{"start":{"line":3,"column":0},"end":{"line":3,"column":39}},"2":{"start":{"line":4,"column":0},"end":{"line":4,"column":56}},"3":{"start":{"line":6,"column":0},"end":{"line":6,"column":70}},"4":{"start":{"line":7,"column":0},"end":{"line":7,"column":47}},"5":{"start":{"line":10,"column":72},"end":{"line":16,"column":2}},"6":{"start":{"line":18,"column":28},"end":{"line":132,"column":1}},"7":{"start":{"line":19,"column":28},"end":{"line":19,"column":50}},"8":{"start":{"line":20,"column":21},"end":{"line":20,"column":34}},"9":{"start":{"line":23,"column":25},"end":{"line":30,"column":5}},"10":{"start":{"line":24,"column":32},"end":{"line":24,"column":40}},"11":{"start":{"line":25,"column":8},"end":{"line":29,"column":12}},"12":{"start":{"line":25,"column":27},"end":{"line":29,"column":10}},"13":{"start":{"line":33,"column":31},"end":{"line":36,"column":5}},"14":{"start":{"line":34,"column":32},"end":{"line":34,"column":40}},"15":{"start":{"line":35,"column":8},"end":{"line":35,"column":56}},"16":{"start":{"line":35,"column":27},"end":{"line":35,"column":53}},"17":{"start":{"line":39,"column":25},"end":{"line":51,"column":5}},"18":{"start":{"line":40,"column":8},"end":{"line":40,"column":27}},"19":{"start":{"line":41,"column":8},"end":{"line":50,"column":9}},"20":{"start":{"line":43,"column":12},"end":{"line":43,"column":59}},"21":{"start":{"line":44,"column":12},"end":{"line":44,"column":40}},"22":{"start":{"line":45,"column":12},"end":{"line":45,"column":34}},"23":{"start":{"line":46,"column":12},"end":{"line":46,"column":31}},"24":{"start":{"line":48,"column":12},"end":{"line":48,"column":59}},"25":{"start":{"line":49,"column":12},"end":{"line":49,"column":null}},"26":{"start":{"line":54,"column":25},"end":{"line":57,"column":5}},"27":{"start":{"line":55,"column":8},"end":{"line":55,"column":30}},"28":{"start":{"line":56,"column":8},"end":{"line":56,"column":27}},"29":{"start":{"line":59,"column":4},"end":{"line":131,"column":6}},"30":{"start":{"line":134,"column":0},"end":{"line":134,"column":35}}},"fnMap":{"0":{"name":"(anonymous_0)","decl":{"start":{"line":18,"column":28},"end":{"line":18,"column":31}},"loc":{"start":{"line":18,"column":33},"end":{"line":132,"column":1}}},"1":{"name":"(anonymous_1)","decl":{"start":{"line":23,"column":25},"end":{"line":23,"column":26}},"loc":{"start":{"line":23,"column":89},"end":{"line":30,"column":5}}},"2":{"name":"(anonymous_2)","decl":{"start":{"line":25,"column":16},"end":{"line":25,"column":17}},"loc":{"start":{"line":25,"column":27},"end":{"line":29,"column":10}}},"3":{"name":"(anonymous_3)","decl":{"start":{"line":33,"column":31},"end":{"line":33,"column":32}},"loc":{"start":{"line":33,"column":75},"end":{"line":36,"column":5}}},"4":{"name":"(anonymous_4)","decl":{"start":{"line":35,"column":16},"end":{"line":35,"column":17}},"loc":{"start":{"line":35,"column":27},"end":{"line":35,"column":53}}},"5":{"name":"(anonymous_5)","decl":{"start":{"line":39,"column":25},"end":{"line":39,"column":30}},"loc":{"start":{"line":39,"column":54},"end":{"line":51,"column":5}}},"6":{"name":"(anonymous_6)","decl":{"start":{"line":54,"column":25},"end":{"line":54,"column":28}},"loc":{"start":{"line":54,"column":30},"end":{"line":57,"column":5}}}},"branchMap":{"0":{"loc":{"start":{"line":28,"column":20},"end":{"line":28,"column":83}},"type":"cond-expr","locations":[{"start":{"line":28,"column":62},"end":{"line":28,"column":75}},{"start":{"line":28,"column":78},"end":{"line":28,"column":83}}]},"1":{"loc":{"start":{"line":28,"column":20},"end":{"line":28,"column":59}},"type":"binary-expr","locations":[{"start":{"line":28,"column":20},"end":{"line":28,"column":36}},{"start":{"line":28,"column":40},"end":{"line":28,"column":59}}]}},"s":{"0":0,"1":0,"2":0,"3":0,"4":0,"5":0,"6":0,"7":0,"8":0,"9":0,"10":0,"11":0,"12":0,"13":0,"14":0,"15":0,"16":0,"17":0,"18":0,"19":0,"20":0,"21":0,"22":0,"23":0,"24":0,"25":0,"26":0,"27":0,"28":0,"29":0,"30":0},"f":{"0":0,"1":0,"2":0,"3":0,"4":0,"5":0,"6":0},"b":{"0":[0,0],"1":[0,0]}}
,"/Users/jessicaulrich/Documents/Frontend_Specialization/Module1/Advanced_React_Ecommerce_App/advanced-react-ecommerce-app/src/components/NavBar.tsx": {"path":"/Users/jessicaulrich/Documents/Frontend_Specialization/Module1/Advanced_React_Ecommerce_App/advanced-react-ecommerce-app/src/components/NavBar.tsx","statementMap":{"0":{"start":{"line":1,"column":0},"end":{"line":1,"column":26}},"1":{"start":{"line":2,"column":0},"end":{"line":2,"column":49}},"2":{"start":{"line":3,"column":0},"end":{"line":3,"column":78}},"3":{"start":{"line":4,"column":0},"end":{"line":4,"column":41}},"4":{"start":{"line":5,"column":0},"end":{"line":5,"column":53}},"5":{"start":{"line":6,"column":0},"end":{"line":6,"column":38}},"6":{"start":{"line":7,"column":0},"end":{"line":7,"column":56}},"7":{"start":{"line":8,"column":0},"end":{"line":8,"column":50}},"8":{"start":{"line":9,"column":0},"end":{"line":9,"column":40}},"9":{"start":{"line":10,"column":0},"end":{"line":10,"column":41}},"10":{"start":{"line":13,"column":24},"end":{"line":16,"column":1}},"11":{"start":{"line":14,"column":21},"end":{"line":14,"column":84}},"12":{"start":{"line":15,"column":4},"end":{"line":15,"column":25}},"13":{"start":{"line":19,"column":25},"end":{"line":107,"column":1}},"14":{"start":{"line":20,"column":21},"end":{"line":20,"column":34}},"15":{"start":{"line":21,"column":21},"end":{"line":21,"column":34}},"16":{"start":{"line":22,"column":21},"end":{"line":22,"column":30}},"17":{"start":{"line":25,"column":51},"end":{"line":28,"column":6}},"18":{"start":{"line":31,"column":25},"end":{"line":34,"column":5}},"19":{"start":{"line":32,"column":8},"end":{"line":32,"column":28}},"20":{"start":{"line":33,"column":8},"end":{"line":33,"column":null}},"21":{"start":{"line":36,"column":4},"end":{"line":106,"column":8}},"22":{"start":{"line":54,"column":36},"end":{"line":54,"column":62}},"23":{"start":{"line":55,"column":36},"end":{"line":55,"column":50}},"24":{"start":{"line":66,"column":28},"end":{"line":67,"column":null}},"25":{"start":{"line":69,"column":36},"end":{"line":69,"column":63}},"26":{"start":{"line":70,"column":36},"end":{"line":70,"column":50}},"27":{"start":{"line":109,"column":0},"end":{"line":109,"column":22}}},"fnMap":{"0":{"name":"(anonymous_1)","decl":{"start":{"line":13,"column":24},"end":{"line":13,"column":29}},"loc":{"start":{"line":13,"column":54},"end":{"line":16,"column":1}}},"1":{"name":"(anonymous_2)","decl":{"start":{"line":19,"column":25},"end":{"line":19,"column":28}},"loc":{"start":{"line":19,"column":30},"end":{"line":107,"column":1}}},"2":{"name":"(anonymous_3)","decl":{"start":{"line":31,"column":25},"end":{"line":31,"column":30}},"loc":{"start":{"line":31,"column":36},"end":{"line":34,"column":5}}},"3":{"name":"(anonymous_4)","decl":{"start":{"line":53,"column":41},"end":{"line":53,"column":44}},"loc":{"start":{"line":53,"column":46},"end":{"line":56,"column":33}}},"4":{"name":"(anonymous_5)","decl":{"start":{"line":65,"column":45},"end":{"line":65,"column":46}},"loc":{"start":{"line":66,"column":28},"end":{"line":67,"column":null}}},"5":{"name":"(anonymous_6)","decl":{"start":{"line":68,"column":41},"end":{"line":68,"column":44}},"loc":{"start":{"line":68,"column":46},"end":{"line":71,"column":33}}}},"branchMap":{"0":{"loc":{"start":{"line":62,"column":29},"end":{"line":62,"column":98}},"type":"binary-expr","locations":[{"start":{"line":62,"column":29},"end":{"line":62,"column":38}},{"start":{"line":62,"column":42},"end":{"line":62,"column":98}}]},"1":{"loc":{"start":{"line":63,"column":30},"end":{"line":63,"column":110}},"type":"binary-expr","locations":[{"start":{"line":63,"column":30},"end":{"line":63,"column":35}},{"start":{"line":63,"column":39},"end":{"line":63,"column":110}}]},"2":{"loc":{"start":{"line":79,"column":25},"end":{"line":91,"column":null}},"type":"cond-expr","locations":[{"start":{"line":80,"column":28},"end":{"line":83,"column":null}},{"start":{"line":86,"column":28},"end":{"line":90,"column":null}}]},"3":{"loc":{"start":{"line":96,"column":21},"end":{"line":101,"column":null}},"type":"binary-expr","locations":[{"start":{"line":96,"column":21},"end":{"line":96,"column":25}},{"start":{"line":97,"column":24},"end":{"line":100,"column":null}}]}},"s":{"0":1,"1":1,"2":1,"3":1,"4":1,"5":1,"6":1,"7":1,"8":1,"9":1,"10":1,"11":2,"12":0,"13":1,"14":2,"15":2,"16":2,"17":2,"18":2,"19":0,"20":0,"21":2,"22":0,"23":0,"24":0,"25":0,"26":0,"27":1},"f":{"0":2,"1":2,"2":0,"3":0,"4":0,"5":0},"b":{"0":[2,2],"1":[2,0],"2":[1,1],"3":[2,1]}}
,"/Users/jessicaulrich/Documents/Frontend_Specialization/Module1/Advanced_React_Ecommerce_App/advanced-react-ecommerce-app/src/components/ProtectRoute.tsx": {"path":"/Users/jessicaulrich/Documents/Frontend_Specialization/Module1/Advanced_React_Ecommerce_App/advanced-react-ecommerce-app/src/components/ProtectRoute.tsx","statementMap":{"0":{"start":{"line":1,"column":0},"end":{"line":1,"column":44}},"1":{"start":{"line":2,"column":0},"end":{"line":2,"column":50}},"2":{"start":{"line":6,"column":23},"end":{"line":15,"column":3}},"3":{"start":{"line":7,"column":30},"end":{"line":7,"column":39}},"4":{"start":{"line":10,"column":4},"end":{"line":10,"column":42}},"5":{"start":{"line":10,"column":17},"end":{"line":10,"column":42}},"6":{"start":{"line":14,"column":4},"end":{"line":14,"column":69}},"7":{"start":{"line":17,"column":2},"end":{"line":17,"column":32}}},"fnMap":{"0":{"name":"(anonymous_0)","decl":{"start":{"line":6,"column":23},"end":{"line":6,"column":24}},"loc":{"start":{"line":6,"column":65},"end":{"line":15,"column":3}}}},"branchMap":{"0":{"loc":{"start":{"line":10,"column":4},"end":{"line":10,"column":42}},"type":"if","locations":[{"start":{"line":10,"column":4},"end":{"line":10,"column":42}}]},"1":{"loc":{"start":{"line":14,"column":11},"end":{"line":14,"column":68}},"type":"cond-expr","locations":[{"start":{"line":14,"column":18},"end":{"line":14,"column":33}},{"start":{"line":14,"column":36},"end":{"line":14,"column":68}}]}},"s":{"0":0,"1":0,"2":0,"3":0,"4":0,"5":0,"6":0,"7":0},"f":{"0":0},"b":{"0":[0],"1":[0,0]}}
,"/Users/jessicaulrich/Documents/Frontend_Specialization/Module1/Advanced_React_Ecommerce_App/advanced-react-ecommerce-app/src/contexts/AuthContext.tsx": {"path":"/Users/jessicaulrich/Documents/Frontend_Specialization/Module1/Advanced_React_Ecommerce_App/advanced-react-ecommerce-app/src/contexts/AuthContext.tsx","statementMap":{"0":{"start":{"line":1,"column":0},"end":{"line":1,"column":104}},"1":{"start":{"line":2,"column":0},"end":{"line":2,"column":49}},"2":{"start":{"line":3,"column":0},"end":{"line":3,"column":45}},"3":{"start":{"line":14,"column":20},"end":{"line":14,"column":73}},"4":{"start":{"line":58,"column":9},"end":{"line":58,"column":20}},"5":{"start":{"line":17,"column":28},"end":{"line":47,"column":1}},"6":{"start":{"line":18,"column":28},"end":{"line":18,"column":64}},"7":{"start":{"line":19,"column":34},"end":{"line":19,"column":48}},"8":{"start":{"line":21,"column":4},"end":{"line":39,"column":11}},"9":{"start":{"line":23,"column":28},"end":{"line":36,"column":10}},"10":{"start":{"line":24,"column":12},"end":{"line":34,"column":13}},"11":{"start":{"line":26,"column":37},"end":{"line":26,"column":77}},"12":{"start":{"line":27,"column":16},"end":{"line":30,"column":17}},"13":{"start":{"line":28,"column":33},"end":{"line":28,"column":69}},"14":{"start":{"line":29,"column":20},"end":{"line":29,"column":34}},"15":{"start":{"line":33,"column":16},"end":{"line":33,"column":30}},"16":{"start":{"line":35,"column":12},"end":{"line":35,"column":30}},"17":{"start":{"line":38,"column":8},"end":{"line":38,"column":35}},"18":{"start":{"line":38,"column":21},"end":{"line":38,"column":34}},"19":{"start":{"line":41,"column":4},"end":{"line":46,"column":6}},"20":{"start":{"line":17,"column":13},"end":{"line":17,"column":28}},"21":{"start":{"line":50,"column":23},"end":{"line":56,"column":1}},"22":{"start":{"line":51,"column":20},"end":{"line":51,"column":43}},"23":{"start":{"line":52,"column":4},"end":{"line":54,"column":5}},"24":{"start":{"line":53,"column":8},"end":{"line":53,"column":71}},"25":{"start":{"line":55,"column":4},"end":{"line":55,"column":19}},"26":{"start":{"line":50,"column":13},"end":{"line":50,"column":23}},"27":{"start":{"line":61,"column":0},"end":{"line":61,"column":28}}},"fnMap":{"0":{"name":"(anonymous_0)","decl":{"start":{"line":17,"column":28},"end":{"line":17,"column":29}},"loc":{"start":{"line":17,"column":76},"end":{"line":47,"column":1}}},"1":{"name":"(anonymous_1)","decl":{"start":{"line":21,"column":14},"end":{"line":21,"column":17}},"loc":{"start":{"line":21,"column":19},"end":{"line":39,"column":5}}},"2":{"name":"(anonymous_2)","decl":{"start":{"line":23,"column":52},"end":{"line":23,"column":57}},"loc":{"start":{"line":23,"column":67},"end":{"line":36,"column":9}}},"3":{"name":"(anonymous_3)","decl":{"start":{"line":38,"column":15},"end":{"line":38,"column":18}},"loc":{"start":{"line":38,"column":21},"end":{"line":38,"column":34}}},"4":{"name":"(anonymous_4)","decl":{"start":{"line":50,"column":23},"end":{"line":50,"column":43}},"loc":{"start":{"line":50,"column":45},"end":{"line":56,"column":1}}}},"branchMap":{"0":{"loc":{"start":{"line":24,"column":12},"end":{"line":34,"column":13}},"type":"if","locations":[{"start":{"line":24,"column":12},"end":{"line":34,"column":13}},{"start":{"line":32,"column":19},"end":{"line":34,"column":13}}]},"1":{"loc":{"start":{"line":27,"column":16},"end":{"line":30,"column":17}},"type":"if","locations":[{"start":{"line":27,"column":16},"end":{"line":30,"column":17}}]},"2":{"loc":{"start":{"line":52,"column":4},"end":{"line":54,"column":5}},"type":"if","locations":[{"start":{"line":52,"column":4},"end":{"line":54,"column":5}}]}},"s":{"0":1,"1":1,"2":1,"3":1,"4":1,"5":1,"6":0,"7":0,"8":0,"9":0,"10":0,"11":0,"12":0,"13":0,"14":0,"15":0,"16":0,"17":0,"18":0,"19":0,"20":1,"21":1,"22":2,"23":2,"24":0,"25":2,"26":1,"27":1},"f":{"0":0,"1":0,"2":0,"3":0,"4":2},"b":{"0":[0,0],"1":[0],"2":[0]}}
,"/Users/jessicaulrich/Documents/Frontend_Specialization/Module1/Advanced_React_Ecommerce_App/advanced-react-ecommerce-app/src/pages/AdminProducts.tsx": {"path":"/Users/jessicaulrich/Documents/Frontend_Specialization/Module1/Advanced_React_Ecommerce_App/advanced-react-ecommerce-app/src/pages/AdminProducts.tsx","statementMap":{"0":{"start":{"line":3,"column":0},"end":{"line":3,"column":49}},"1":{"start":{"line":4,"column":0},"end":{"line":4,"column":84}},"2":{"start":{"line":5,"column":0},"end":{"line":5,"column":39}},"3":{"start":{"line":6,"column":0},"end":{"line":6,"column":72}},"4":{"start":{"line":8,"column":0},"end":{"line":8,"column":47}},"5":{"start":{"line":9,"column":0},"end":{"line":9,"column":33}},"6":{"start":{"line":12,"column":35},"end":{"line":18,"column":1}},"7":{"start":{"line":13,"column":26},"end":{"line":13,"column":67}},"8":{"start":{"line":14,"column":4},"end":{"line":17,"column":30}},"9":{"start":{"line":14,"column":42},"end":{"line":17,"column":29}},"10":{"start":{"line":20,"column":22},"end":{"line":173,"column":1}},"11":{"start":{"line":21,"column":21},"end":{"line":21,"column":34}},"12":{"start":{"line":24,"column":45},"end":{"line":27,"column":6}},"13":{"start":{"line":29,"column":38},"end":{"line":29,"column":53}},"14":{"start":{"line":30,"column":50},"end":{"line":30,"column":80}},"15":{"start":{"line":33,"column":25},"end":{"line":36,"column":5}},"16":{"start":{"line":34,"column":8},"end":{"line":34,"column":49}},"17":{"start":{"line":35,"column":8},"end":{"line":35,"column":18}},"18":{"start":{"line":39,"column":28},"end":{"line":42,"column":5}},"19":{"start":{"line":40,"column":8},"end":{"line":40,"column":35}},"20":{"start":{"line":41,"column":8},"end":{"line":41,"column":27}},"21":{"start":{"line":45,"column":30},"end":{"line":52,"column":5}},"22":{"start":{"line":46,"column":8},"end":{"line":46,"column":36}},"23":{"start":{"line":46,"column":29},"end":{"line":46,"column":36}},"24":{"start":{"line":47,"column":32},"end":{"line":47,"column":40}},"25":{"start":{"line":48,"column":8},"end":{"line":51,"column":11}},"26":{"start":{"line":55,"column":25},"end":{"line":71,"column":5}},"27":{"start":{"line":56,"column":8},"end":{"line":56,"column":36}},"28":{"start":{"line":56,"column":29},"end":{"line":56,"column":36}},"29":{"start":{"line":57,"column":8},"end":{"line":70,"column":9}},"30":{"start":{"line":58,"column":12},"end":{"line":64,"column":15}},"31":{"start":{"line":65,"column":12},"end":{"line":65,"column":32}},"32":{"start":{"line":66,"column":12},"end":{"line":66,"column":22}},"33":{"start":{"line":68,"column":12},"end":{"line":68,"column":61}},"34":{"start":{"line":69,"column":12},"end":{"line":69,"column":null}},"35":{"start":{"line":73,"column":4},"end":{"line":172,"column":6}},"36":{"start":{"line":77,"column":70},"end":{"line":77,"column":94}},"37":{"start":{"line":89,"column":24},"end":{"line":89,"column":null}},"38":{"start":{"line":94,"column":90},"end":{"line":94,"column":114}},"39":{"start":{"line":95,"column":72},"end":{"line":95,"column":104}},"40":{"start":{"line":103,"column":50},"end":{"line":103,"column":69}},"41":{"start":{"line":167,"column":63},"end":{"line":167,"column":82}},"42":{"start":{"line":175,"column":0},"end":{"line":175,"column":29}}},"fnMap":{"0":{"name":"(anonymous_0)","decl":{"start":{"line":12,"column":35},"end":{"line":12,"column":40}},"loc":{"start":{"line":12,"column":66},"end":{"line":18,"column":1}}},"1":{"name":"(anonymous_1)","decl":{"start":{"line":14,"column":34},"end":{"line":14,"column":37}},"loc":{"start":{"line":14,"column":42},"end":{"line":17,"column":29}}},"2":{"name":"(anonymous_2)","decl":{"start":{"line":20,"column":22},"end":{"line":20,"column":25}},"loc":{"start":{"line":20,"column":27},"end":{"line":173,"column":1}}},"3":{"name":"(anonymous_3)","decl":{"start":{"line":33,"column":25},"end":{"line":33,"column":30}},"loc":{"start":{"line":33,"column":46},"end":{"line":36,"column":5}}},"4":{"name":"(anonymous_4)","decl":{"start":{"line":39,"column":28},"end":{"line":39,"column":29}},"loc":{"start":{"line":39,"column":49},"end":{"line":42,"column":5}}},"5":{"name":"(anonymous_5)","decl":{"start":{"line":45,"column":30},"end":{"line":45,"column":31}},"loc":{"start":{"line":45,"column":115},"end":{"line":52,"column":5}}},"6":{"name":"(anonymous_6)","decl":{"start":{"line":55,"column":25},"end":{"line":55,"column":30}},"loc":{"start":{"line":55,"column":36},"end":{"line":71,"column":5}}},"7":{"name":"(anonymous_7)","decl":{"start":{"line":77,"column":64},"end":{"line":77,"column":67}},"loc":{"start":{"line":77,"column":70},"end":{"line":77,"column":94}}},"8":{"name":"(anonymous_8)","decl":{"start":{"line":88,"column":34},"end":{"line":88,"column":41}},"loc":{"start":{"line":89,"column":24},"end":{"line":89,"column":null}}},"9":{"name":"(anonymous_9)","decl":{"start":{"line":94,"column":84},"end":{"line":94,"column":87}},"loc":{"start":{"line":94,"column":90},"end":{"line":94,"column":114}}},"10":{"name":"(anonymous_10)","decl":{"start":{"line":95,"column":66},"end":{"line":95,"column":69}},"loc":{"start":{"line":95,"column":72},"end":{"line":95,"column":104}}},"11":{"name":"(anonymous_11)","decl":{"start":{"line":103,"column":44},"end":{"line":103,"column":47}},"loc":{"start":{"line":103,"column":50},"end":{"line":103,"column":69}}},"12":{"name":"(anonymous_12)","decl":{"start":{"line":167,"column":57},"end":{"line":167,"column":60}},"loc":{"start":{"line":167,"column":63},"end":{"line":167,"column":82}}}},"branchMap":{"0":{"loc":{"start":{"line":24,"column":18},"end":{"line":24,"column":31}},"type":"default-arg","locations":[{"start":{"line":24,"column":29},"end":{"line":24,"column":31}}]},"1":{"loc":{"start":{"line":46,"column":8},"end":{"line":46,"column":36}},"type":"if","locations":[{"start":{"line":46,"column":8},"end":{"line":46,"column":36}}]},"2":{"loc":{"start":{"line":50,"column":20},"end":{"line":50,"column":83}},"type":"cond-expr","locations":[{"start":{"line":50,"column":62},"end":{"line":50,"column":75}},{"start":{"line":50,"column":78},"end":{"line":50,"column":83}}]},"3":{"loc":{"start":{"line":50,"column":20},"end":{"line":50,"column":59}},"type":"binary-expr","locations":[{"start":{"line":50,"column":20},"end":{"line":50,"column":36}},{"start":{"line":50,"column":40},"end":{"line":50,"column":59}}]},"4":{"loc":{"start":{"line":56,"column":8},"end":{"line":56,"column":36}},"type":"if","locations":[{"start":{"line":56,"column":8},"end":{"line":56,"column":36}}]},"5":{"loc":{"start":{"line":108,"column":21},"end":{"line":163,"column":null}},"type":"binary-expr","locations":[{"start":{"line":108,"column":21},"end":{"line":108,"column":35}},{"start":{"line":109,"column":24},"end":{"line":162,"column":null}}]}},"s":{"0":0,"1":0,"2":0,"3":0,"4":0,"5":0,"6":0,"7":0,"8":0,"9":0,"10":0,"11":0,"12":0,"13":0,"14":0,"15":0,"16":0,"17":0,"18":0,"19":0,"20":0,"21":0,"22":0,"23":0,"24":0,"25":0,"26":0,"27":0,"28":0,"29":0,"30":0,"31":0,"32":0,"33":0,"34":0,"35":0,"36":0,"37":0,"38":0,"39":0,"40":0,"41":0,"42":0},"f":{"0":0,"1":0,"2":0,"3":0,"4":0,"5":0,"6":0,"7":0,"8":0,"9":0,"10":0,"11":0,"12":0},"b":{"0":[0],"1":[0],"2":[0,0],"3":[0,0],"4":[0],"5":[0,0]}}
,"/Users/jessicaulrich/Documents/Frontend_Specialization/Module1/Advanced_React_Ecommerce_App/advanced-react-ecommerce-app/src/pages/Login.tsx": {"path":"/Users/jessicaulrich/Documents/Frontend_Specialization/Module1/Advanced_React_Ecommerce_App/advanced-react-ecommerce-app/src/pages/Login.tsx","statementMap":{"0":{"start":{"line":1,"column":0},"end":{"line":1,"column":55}},"1":{"start":{"line":2,"column":0},"end":{"line":2,"column":79}},"2":{"start":{"line":3,"column":0},"end":{"line":3,"column":41}},"3":{"start":{"line":4,"column":0},"end":{"line":4,"column":47}},"4":{"start":{"line":6,"column":14},"end":{"line":81,"column":1}},"5":{"start":{"line":7,"column":30},"end":{"line":7,"column":50}},"6":{"start":{"line":8,"column":36},"end":{"line":8,"column":56}},"7":{"start":{"line":9,"column":30},"end":{"line":9,"column":59}},"8":{"start":{"line":10,"column":21},"end":{"line":10,"column":34}},"9":{"start":{"line":13,"column":4},"end":{"line":21,"column":19}},"10":{"start":{"line":14,"column":28},"end":{"line":18,"column":10}},"11":{"start":{"line":15,"column":12},"end":{"line":17,"column":13}},"12":{"start":{"line":16,"column":16},"end":{"line":16,"column":37}},"13":{"start":{"line":20,"column":8},"end":{"line":20,"column":35}},"14":{"start":{"line":20,"column":21},"end":{"line":20,"column":34}},"15":{"start":{"line":24,"column":24},"end":{"line":36,"column":5}},"16":{"start":{"line":25,"column":8},"end":{"line":25,"column":27}},"17":{"start":{"line":26,"column":8},"end":{"line":35,"column":9}},"18":{"start":{"line":28,"column":12},"end":{"line":28,"column":68}},"19":{"start":{"line":31,"column":12},"end":{"line":31,"column":33}},"20":{"start":{"line":34,"column":12},"end":{"line":34,"column":45}},"21":{"start":{"line":38,"column":4},"end":{"line":80,"column":6}},"22":{"start":{"line":51,"column":41},"end":{"line":51,"column":65}},"23":{"start":{"line":61,"column":41},"end":{"line":61,"column":68}},"24":{"start":{"line":73,"column":39},"end":{"line":73,"column":60}},"25":{"start":{"line":83,"column":0},"end":{"line":83,"column":21}}},"fnMap":{"0":{"name":"(anonymous_0)","decl":{"start":{"line":6,"column":14},"end":{"line":6,"column":17}},"loc":{"start":{"line":6,"column":19},"end":{"line":81,"column":1}}},"1":{"name":"(anonymous_1)","decl":{"start":{"line":13,"column":14},"end":{"line":13,"column":17}},"loc":{"start":{"line":13,"column":19},"end":{"line":21,"column":5}}},"2":{"name":"(anonymous_2)","decl":{"start":{"line":14,"column":53},"end":{"line":14,"column":54}},"loc":{"start":{"line":14,"column":62},"end":{"line":18,"column":9}}},"3":{"name":"(anonymous_3)","decl":{"start":{"line":20,"column":15},"end":{"line":20,"column":18}},"loc":{"start":{"line":20,"column":21},"end":{"line":20,"column":34}}},"4":{"name":"(anonymous_4)","decl":{"start":{"line":24,"column":24},"end":{"line":24,"column":29}},"loc":{"start":{"line":24,"column":47},"end":{"line":36,"column":5}}},"5":{"name":"(anonymous_5)","decl":{"start":{"line":51,"column":34},"end":{"line":51,"column":35}},"loc":{"start":{"line":51,"column":41},"end":{"line":51,"column":65}}},"6":{"name":"(anonymous_6)","decl":{"start":{"line":61,"column":34},"end":{"line":61,"column":35}},"loc":{"start":{"line":61,"column":41},"end":{"line":61,"column":68}}},"7":{"name":"(anonymous_7)","decl":{"start":{"line":73,"column":33},"end":{"line":73,"column":36}},"loc":{"start":{"line":73,"column":39},"end":{"line":73,"column":60}}}},"branchMap":{"0":{"loc":{"start":{"line":15,"column":12},"end":{"line":17,"column":13}},"type":"if","locations":[{"start":{"line":15,"column":12},"end":{"line":17,"column":13}}]},"1":{"loc":{"start":{"line":67,"column":21},"end":{"line":67,"column":80}},"type":"binary-expr","locations":[{"start":{"line":67,"column":21},"end":{"line":67,"column":26}},{"start":{"line":67,"column":30},"end":{"line":67,"column":80}}]}},"s":{"0":1,"1":1,"2":1,"3":1,"4":1,"5":1,"6":1,"7":1,"8":1,"9":1,"10":1,"11":1,"12":0,"13":1,"14":1,"15":1,"16":0,"17":0,"18":0,"19":0,"20":0,"21":1,"22":0,"23":0,"24":1,"25":1},"f":{"0":1,"1":1,"2":1,"3":1,"4":0,"5":0,"6":0,"7":1},"b":{"0":[0],"1":[1,0]}}
,"/Users/jessicaulrich/Documents/Frontend_Specialization/Module1/Advanced_React_Ecommerce_App/advanced-react-ecommerce-app/src/pages/Products.tsx": {"path":"/Users/jessicaulrich/Documents/Frontend_Specialization/Module1/Advanced_React_Ecommerce_App/advanced-react-ecommerce-app/src/pages/Products.tsx","statementMap":{"0":{"start":{"line":1,"column":0},"end":{"line":1,"column":49}},"1":{"start":{"line":2,"column":0},"end":{"line":2,"column":26}},"2":{"start":{"line":3,"column":0},"end":{"line":3,"column":58}},"3":{"start":{"line":6,"column":0},"end":{"line":6,"column":47}},"4":{"start":{"line":7,"column":0},"end":{"line":7,"column":55}},"5":{"start":{"line":8,"column":0},"end":{"line":8,"column":57}},"6":{"start":{"line":9,"column":0},"end":{"line":9,"column":39}},"7":{"start":{"line":13,"column":29},"end":{"line":20,"column":1}},"8":{"start":{"line":14,"column":16},"end":{"line":16,"column":45}},"9":{"start":{"line":18,"column":21},"end":{"line":18,"column":41}},"10":{"start":{"line":19,"column":4},"end":{"line":19,"column":25}},"11":{"start":{"line":23,"column":35},"end":{"line":33,"column":1}},"12":{"start":{"line":24,"column":26},"end":{"line":24,"column":67}},"13":{"start":{"line":25,"column":41},"end":{"line":25,"column":43}},"14":{"start":{"line":28,"column":4},"end":{"line":30,"column":7}},"15":{"start":{"line":29,"column":8},"end":{"line":29,"column":84}},"16":{"start":{"line":32,"column":4},"end":{"line":32,"column":29}},"17":{"start":{"line":35,"column":17},"end":{"line":107,"column":1}},"18":{"start":{"line":36,"column":21},"end":{"line":36,"column":34}},"19":{"start":{"line":38,"column":22},"end":{"line":38,"column":67}},"20":{"start":{"line":38,"column":56},"end":{"line":38,"column":66}},"21":{"start":{"line":39,"column":4},"end":{"line":39,"column":23}},"22":{"start":{"line":41,"column":29},"end":{"line":41,"column":95}},"23":{"start":{"line":41,"column":63},"end":{"line":41,"column":94}},"24":{"start":{"line":44,"column":52},"end":{"line":47,"column":6}},"25":{"start":{"line":46,"column":23},"end":{"line":46,"column":61}},"26":{"start":{"line":50,"column":45},"end":{"line":53,"column":6}},"27":{"start":{"line":56,"column":38},"end":{"line":58,"column":23}},"28":{"start":{"line":57,"column":44},"end":{"line":57,"column":81}},"29":{"start":{"line":61,"column":24},"end":{"line":61,"column":78}},"30":{"start":{"line":64,"column":4},"end":{"line":64,"column":null}},"31":{"start":{"line":64,"column":19},"end":{"line":64,"column":null}},"32":{"start":{"line":66,"column":4},"end":{"line":66,"column":53}},"33":{"start":{"line":66,"column":15},"end":{"line":66,"column":53}},"34":{"start":{"line":68,"column":4},"end":{"line":106,"column":6}},"35":{"start":{"line":86,"column":24},"end":{"line":86,"column":null}},"36":{"start":{"line":100,"column":55},"end":{"line":100,"column":83}},"37":{"start":{"line":109,"column":0},"end":{"line":109,"column":24}}},"fnMap":{"0":{"name":"(anonymous_1)","decl":{"start":{"line":13,"column":29},"end":{"line":13,"column":34}},"loc":{"start":{"line":13,"column":76},"end":{"line":20,"column":1}}},"1":{"name":"(anonymous_2)","decl":{"start":{"line":23,"column":35},"end":{"line":23,"column":40}},"loc":{"start":{"line":23,"column":66},"end":{"line":33,"column":1}}},"2":{"name":"(anonymous_3)","decl":{"start":{"line":28,"column":26},"end":{"line":28,"column":27}},"loc":{"start":{"line":28,"column":34},"end":{"line":30,"column":5}}},"3":{"name":"(anonymous_4)","decl":{"start":{"line":35,"column":17},"end":{"line":35,"column":20}},"loc":{"start":{"line":35,"column":22},"end":{"line":107,"column":1}}},"4":{"name":"(anonymous_5)","decl":{"start":{"line":38,"column":34},"end":{"line":38,"column":35}},"loc":{"start":{"line":38,"column":56},"end":{"line":38,"column":66}}},"5":{"name":"(anonymous_6)","decl":{"start":{"line":41,"column":41},"end":{"line":41,"column":42}},"loc":{"start":{"line":41,"column":63},"end":{"line":41,"column":94}}},"6":{"name":"(anonymous_7)","decl":{"start":{"line":46,"column":17},"end":{"line":46,"column":20}},"loc":{"start":{"line":46,"column":23},"end":{"line":46,"column":61}}},"7":{"name":"(anonymous_8)","decl":{"start":{"line":57,"column":31},"end":{"line":57,"column":32}},"loc":{"start":{"line":57,"column":44},"end":{"line":57,"column":81}}},"8":{"name":"(anonymous_9)","decl":{"start":{"line":85,"column":37},"end":{"line":85,"column":38}},"loc":{"start":{"line":86,"column":24},"end":{"line":86,"column":null}}},"9":{"name":"(anonymous_10)","decl":{"start":{"line":100,"column":49},"end":{"line":100,"column":52}},"loc":{"start":{"line":100,"column":55},"end":{"line":100,"column":83}}}},"branchMap":{"0":{"loc":{"start":{"line":14,"column":16},"end":{"line":16,"column":45}},"type":"cond-expr","locations":[{"start":{"line":15,"column":10},"end":{"line":15,"column":66}},{"start":{"line":16,"column":10},"end":{"line":16,"column":45}}]},"1":{"loc":{"start":{"line":50,"column":18},"end":{"line":50,"column":40}},"type":"default-arg","locations":[{"start":{"line":50,"column":38},"end":{"line":50,"column":40}}]},"2":{"loc":{"start":{"line":56,"column":38},"end":{"line":58,"column":23}},"type":"cond-expr","locations":[{"start":{"line":57,"column":6},"end":{"line":57,"column":82}},{"start":{"line":58,"column":6},"end":{"line":58,"column":23}}]},"3":{"loc":{"start":{"line":61,"column":29},"end":{"line":61,"column":46}},"type":"binary-expr","locations":[{"start":{"line":61,"column":29},"end":{"line":61,"column":40}},{"start":{"line":61,"column":44},"end":{"line":61,"column":46}}]},"4":{"loc":{"start":{"line":64,"column":4},"end":{"line":64,"column":null}},"type":"if","locations":[{"start":{"line":64,"column":4},"end":{"line":64,"column":null}}]},"5":{"loc":{"start":{"line":66,"column":4},"end":{"line":66,"column":53}},"type":"if","locations":[{"start":{"line":66,"column":4},"end":{"line":66,"column":53}}]},"6":{"loc":{"start":{"line":70,"column":26},"end":{"line":70,"column":78}},"type":"cond-expr","locations":[{"start":{"line":70,"column":45},"end":{"line":70,"column":68}},{"start":{"line":70,"column":71},"end":{"line":70,"column":78}}]},"7":{"loc":{"start":{"line":99,"column":33},"end":{"line":99,"column":62}},"type":"binary-expr","locations":[{"start":{"line":99,"column":33},"end":{"line":99,"column":53}},{"start":{"line":99,"column":57},"end":{"line":99,"column":62}}]}},"s":{"0":0,"1":0,"2":0,"3":0,"4":0,"5":0,"6":0,"7":0,"8":0,"9":0,"10":0,"11":0,"12":0,"13":0,"14":0,"15":0,"16":0,"17":0,"18":0,"19":0,"20":0,"21":0,"22":0,"23":0,"24":0,"25":0,"26":0,"27":0,"28":0,"29":0,"30":0,"31":0,"32":0,"33":0,"34":0,"35":0,"36":0,"37":0},"f":{"0":0,"1":0,"2":0,"3":0,"4":0,"5":0,"6":0,"7":0,"8":0,"9":0},"b":{"0":[0,0],"1":[0],"2":[0,0],"3":[0,0],"4":[0],"5":[0],"6":[0,0],"7":[0,0]}}
,"/Users/jessicaulrich/Documents/Frontend_Specialization/Module1/Advanced_React_Ecommerce_App/advanced-react-ecommerce-app/src/pages/Register.tsx": {"path":"/Users/jessicaulrich/Documents/Frontend_Specialization/Module1/Advanced_React_Ecommerce_App/advanced-react-ecommerce-app/src/pages/Register.tsx","statementMap":{"0":{"start":{"line":1,"column":0},"end":{"line":1,"column":44}},"1":{"start":{"line":2,"column":0},"end":{"line":2,"column":63}},"2":{"start":{"line":3,"column":0},"end":{"line":3,"column":45}},"3":{"start":{"line":4,"column":0},"end":{"line":4,"column":49}},"4":{"start":{"line":5,"column":0},"end":{"line":5,"column":47}},"5":{"start":{"line":8,"column":17},"end":{"line":104,"column":1}},"6":{"start":{"line":10,"column":30},"end":{"line":10,"column":50}},"7":{"start":{"line":11,"column":36},"end":{"line":11,"column":56}},"8":{"start":{"line":12,"column":28},"end":{"line":12,"column":48}},"9":{"start":{"line":13,"column":34},"end":{"line":13,"column":54}},"10":{"start":{"line":14,"column":30},"end":{"line":14,"column":50}},"11":{"start":{"line":15,"column":30},"end":{"line":15,"column":59}},"12":{"start":{"line":16,"column":21},"end":{"line":16,"column":34}},"13":{"start":{"line":19,"column":27},"end":{"line":39,"column":5}},"14":{"start":{"line":20,"column":8},"end":{"line":20,"column":27}},"15":{"start":{"line":21,"column":8},"end":{"line":38,"column":9}},"16":{"start":{"line":23,"column":29},"end":{"line":23,"column":88}},"17":{"start":{"line":24,"column":25},"end":{"line":24,"column":38}},"18":{"start":{"line":27,"column":12},"end":{"line":33,"column":15}},"19":{"start":{"line":34,"column":12},"end":{"line":34,"column":73}},"20":{"start":{"line":35,"column":12},"end":{"line":35,"column":33}},"21":{"start":{"line":37,"column":12},"end":{"line":37,"column":45}},"22":{"start":{"line":41,"column":4},"end":{"line":103,"column":6}},"23":{"start":{"line":54,"column":41},"end":{"line":54,"column":64}},"24":{"start":{"line":64,"column":41},"end":{"line":64,"column":67}},"25":{"start":{"line":74,"column":41},"end":{"line":74,"column":65}},"26":{"start":{"line":84,"column":41},"end":{"line":84,"column":65}},"27":{"start":{"line":94,"column":41},"end":{"line":94,"column":68}},"28":{"start":{"line":106,"column":0},"end":{"line":106,"column":24}}},"fnMap":{"0":{"name":"(anonymous_0)","decl":{"start":{"line":8,"column":17},"end":{"line":8,"column":20}},"loc":{"start":{"line":8,"column":22},"end":{"line":104,"column":1}}},"1":{"name":"(anonymous_1)","decl":{"start":{"line":19,"column":27},"end":{"line":19,"column":32}},"loc":{"start":{"line":19,"column":50},"end":{"line":39,"column":5}}},"2":{"name":"(anonymous_2)","decl":{"start":{"line":54,"column":34},"end":{"line":54,"column":35}},"loc":{"start":{"line":54,"column":41},"end":{"line":54,"column":64}}},"3":{"name":"(anonymous_3)","decl":{"start":{"line":64,"column":34},"end":{"line":64,"column":35}},"loc":{"start":{"line":64,"column":41},"end":{"line":64,"column":67}}},"4":{"name":"(anonymous_4)","decl":{"start":{"line":74,"column":34},"end":{"line":74,"column":35}},"loc":{"start":{"line":74,"column":41},"end":{"line":74,"column":65}}},"5":{"name":"(anonymous_5)","decl":{"start":{"line":84,"column":34},"end":{"line":84,"column":35}},"loc":{"start":{"line":84,"column":41},"end":{"line":84,"column":65}}},"6":{"name":"(anonymous_6)","decl":{"start":{"line":94,"column":34},"end":{"line":94,"column":35}},"loc":{"start":{"line":94,"column":41},"end":{"line":94,"column":68}}}},"branchMap":{"0":{"loc":{"start":{"line":99,"column":21},"end":{"line":99,"column":80}},"type":"binary-expr","locations":[{"start":{"line":99,"column":21},"end":{"line":99,"column":26}},{"start":{"line":99,"column":30},"end":{"line":99,"column":80}}]}},"s":{"0":0,"1":0,"2":0,"3":0,"4":0,"5":0,"6":0,"7":0,"8":0,"9":0,"10":0,"11":0,"12":0,"13":0,"14":0,"15":0,"16":0,"17":0,"18":0,"19":0,"20":0,"21":0,"22":0,"23":0,"24":0,"25":0,"26":0,"27":0,"28":0},"f":{"0":0,"1":0,"2":0,"3":0,"4":0,"5":0,"6":0},"b":{"0":[0,0]}}
,"/Users/jessicaulrich/Documents/Frontend_Specialization/Module1/Advanced_React_Ecommerce_App/advanced-react-ecommerce-app/src/pages/ShoppingCart.tsx": {"path":"/Users/jessicaulrich/Documents/Frontend_Specialization/Module1/Advanced_React_Ecommerce_App/advanced-react-ecommerce-app/src/pages/ShoppingCart.tsx","statementMap":{"0":{"start":{"line":1,"column":0},"end":{"line":1,"column":66}},"1":{"start":{"line":3,"column":0},"end":{"line":3,"column":55}},"2":{"start":{"line":4,"column":0},"end":{"line":4,"column":92}},"3":{"start":{"line":6,"column":0},"end":{"line":6,"column":47}},"4":{"start":{"line":8,"column":21},"end":{"line":93,"column":1}},"5":{"start":{"line":9,"column":21},"end":{"line":9,"column":47}},"6":{"start":{"line":10,"column":21},"end":{"line":10,"column":34}},"7":{"start":{"line":13,"column":22},"end":{"line":13,"column":67}},"8":{"start":{"line":13,"column":56},"end":{"line":13,"column":66}},"9":{"start":{"line":16,"column":30},"end":{"line":19,"column":5}},"10":{"start":{"line":17,"column":8},"end":{"line":17,"column":30}},"11":{"start":{"line":18,"column":8},"end":{"line":18,"column":44}},"12":{"start":{"line":22,"column":30},"end":{"line":25,"column":5}},"13":{"start":{"line":23,"column":8},"end":{"line":23,"column":37}},"14":{"start":{"line":24,"column":8},"end":{"line":24,"column":22}},"15":{"start":{"line":28,"column":4},"end":{"line":92,"column":6}},"16":{"start":{"line":44,"column":24},"end":{"line":44,"column":null}},"17":{"start":{"line":64,"column":51},"end":{"line":64,"column":134}},"18":{"start":{"line":71,"column":51},"end":{"line":71,"column":134}},"19":{"start":{"line":76,"column":72},"end":{"line":76,"column":105}},"20":{"start":{"line":83,"column":65},"end":{"line":83,"column":86}},"21":{"start":{"line":85,"column":47},"end":{"line":85,"column":88}},"22":{"start":{"line":95,"column":0},"end":{"line":95,"column":28}}},"fnMap":{"0":{"name":"(anonymous_0)","decl":{"start":{"line":8,"column":21},"end":{"line":8,"column":24}},"loc":{"start":{"line":8,"column":26},"end":{"line":93,"column":1}}},"1":{"name":"(anonymous_1)","decl":{"start":{"line":13,"column":34},"end":{"line":13,"column":35}},"loc":{"start":{"line":13,"column":56},"end":{"line":13,"column":66}}},"2":{"name":"(anonymous_2)","decl":{"start":{"line":16,"column":30},"end":{"line":16,"column":33}},"loc":{"start":{"line":16,"column":35},"end":{"line":19,"column":5}}},"3":{"name":"(anonymous_3)","decl":{"start":{"line":22,"column":30},"end":{"line":22,"column":35}},"loc":{"start":{"line":22,"column":41},"end":{"line":25,"column":5}}},"4":{"name":"(anonymous_4)","decl":{"start":{"line":43,"column":32},"end":{"line":43,"column":33}},"loc":{"start":{"line":44,"column":24},"end":{"line":44,"column":null}}},"5":{"name":"(anonymous_5)","decl":{"start":{"line":64,"column":45},"end":{"line":64,"column":48}},"loc":{"start":{"line":64,"column":51},"end":{"line":64,"column":134}}},"6":{"name":"(anonymous_6)","decl":{"start":{"line":71,"column":45},"end":{"line":71,"column":48}},"loc":{"start":{"line":71,"column":51},"end":{"line":71,"column":134}}},"7":{"name":"(anonymous_7)","decl":{"start":{"line":76,"column":66},"end":{"line":76,"column":69}},"loc":{"start":{"line":76,"column":72},"end":{"line":76,"column":105}}},"8":{"name":"(anonymous_8)","decl":{"start":{"line":83,"column":48},"end":{"line":83,"column":49}},"loc":{"start":{"line":83,"column":65},"end":{"line":83,"column":86}}},"9":{"name":"(anonymous_9)","decl":{"start":{"line":85,"column":30},"end":{"line":85,"column":31}},"loc":{"start":{"line":85,"column":47},"end":{"line":85,"column":88}}}},"branchMap":{"0":{"loc":{"start":{"line":59,"column":51},"end":{"line":59,"column":72}},"type":"binary-expr","locations":[{"start":{"line":59,"column":51},"end":{"line":59,"column":67}},{"start":{"line":59,"column":71},"end":{"line":59,"column":72}}]},"1":{"loc":{"start":{"line":64,"column":104},"end":{"line":64,"column":125}},"type":"binary-expr","locations":[{"start":{"line":64,"column":104},"end":{"line":64,"column":120}},{"start":{"line":64,"column":124},"end":{"line":64,"column":125}}]},"2":{"loc":{"start":{"line":70,"column":47},"end":{"line":70,"column":68}},"type":"binary-expr","locations":[{"start":{"line":70,"column":47},"end":{"line":70,"column":63}},{"start":{"line":70,"column":67},"end":{"line":70,"column":68}}]},"3":{"loc":{"start":{"line":71,"column":104},"end":{"line":71,"column":125}},"type":"binary-expr","locations":[{"start":{"line":71,"column":104},"end":{"line":71,"column":120}},{"start":{"line":71,"column":124},"end":{"line":71,"column":125}}]},"4":{"loc":{"start":{"line":85,"column":69},"end":{"line":85,"column":87}},"type":"binary-expr","locations":[{"start":{"line":85,"column":69},"end":{"line":85,"column":82}},{"start":{"line":85,"column":86},"end":{"line":85,"column":87}}]}},"s":{"0":1,"1":1,"2":1,"3":1,"4":1,"5":2,"6":2,"7":2,"8":4,"9":2,"10":0,"11":0,"12":2,"13":0,"14":0,"15":2,"16":2,"17":0,"18":0,"19":0,"20":2,"21":2,"22":1},"f":{"0":2,"1":4,"2":0,"3":0,"4":2,"5":0,"6":0,"7":0,"8":2,"9":2},"b":{"0":[2,0],"1":[0,0],"2":[2,0],"3":[0,0],"4":[2,0]}}
,"/Users/jessicaulrich/Documents/Frontend_Specialization/Module1/Advanced_React_Ecommerce_App/advanced-react-ecommerce-app/src/pages/UserProfile.tsx": {"path":"/Users/jessicaulrich/Documents/Frontend_Specialization/Module1/Advanced_React_Ecommerce_App/advanced-react-ecommerce-app/src/pages/UserProfile.tsx","statementMap":{"0":{"start":{"line":1,"column":0},"end":{"line":1,"column":43}},"1":{"start":{"line":2,"column":0},"end":{"line":2,"column":45}},"2":{"start":{"line":3,"column":0},"end":{"line":3,"column":117}},"3":{"start":{"line":4,"column":0},"end":{"line":4,"column":65}},"4":{"start":{"line":7,"column":20},"end":{"line":220,"column":1}},"5":{"start":{"line":8,"column":36},"end":{"line":8,"column":63}},"6":{"start":{"line":9,"column":34},"end":{"line":9,"column":54}},"7":{"start":{"line":10,"column":40},"end":{"line":10,"column":60}},"8":{"start":{"line":11,"column":36},"end":{"line":11,"column":56}},"9":{"start":{"line":12,"column":32},"end":{"line":12,"column":53}},"10":{"start":{"line":13,"column":46},"end":{"line":13,"column":74}},"11":{"start":{"line":16,"column":4},"end":{"line":41,"column":11}},"12":{"start":{"line":17,"column":26},"end":{"line":37,"column":5}},"13":{"start":{"line":18,"column":32},"end":{"line":18,"column":48}},"14":{"start":{"line":19,"column":12},"end":{"line":19,"column":37}},"15":{"start":{"line":19,"column":30},"end":{"line":19,"column":37}},"16":{"start":{"line":22,"column":28},"end":{"line":22,"column":75}},"17":{"start":{"line":23,"column":12},"end":{"line":26,"column":13}},"18":{"start":{"line":24,"column":29},"end":{"line":24,"column":51}},"19":{"start":{"line":25,"column":16},"end":{"line":25,"column":34}},"20":{"start":{"line":29,"column":32},"end":{"line":29,"column":104}},"21":{"start":{"line":30,"column":34},"end":{"line":30,"column":60}},"22":{"start":{"line":32,"column":43},"end":{"line":35,"column":15}},"23":{"start":{"line":32,"column":74},"end":{"line":35,"column":14}},"24":{"start":{"line":36,"column":8},"end":{"line":36,"column":33}},"25":{"start":{"line":39,"column":8},"end":{"line":39,"column":20}},"26":{"start":{"line":44,"column":26},"end":{"line":81,"column":5}},"27":{"start":{"line":45,"column":28},"end":{"line":45,"column":44}},"28":{"start":{"line":46,"column":8},"end":{"line":46,"column":33}},"29":{"start":{"line":46,"column":26},"end":{"line":46,"column":33}},"30":{"start":{"line":48,"column":8},"end":{"line":80,"column":9}},"31":{"start":{"line":49,"column":28},"end":{"line":49,"column":61}},"32":{"start":{"line":52,"column":12},"end":{"line":56,"column":11}},"33":{"start":{"line":59,"column":8},"end":{"line":70,"column":11}},"34":{"start":{"line":60,"column":12},"end":{"line":60,"column":43}},"35":{"start":{"line":60,"column":27},"end":{"line":60,"column":43}},"36":{"start":{"line":62,"column":34},"end":{"line":67,"column":14}},"37":{"start":{"line":69,"column":12},"end":{"line":69,"column":27}},"38":{"start":{"line":73,"column":8},"end":{"line":73,"column":23}},"39":{"start":{"line":74,"column":8},"end":{"line":74,"column":26}},"40":{"start":{"line":75,"column":8},"end":{"line":75,"column":24}},"41":{"start":{"line":77,"column":8},"end":{"line":77,"column":null}},"42":{"start":{"line":79,"column":12},"end":{"line":79,"column":61}},"43":{"start":{"line":84,"column":26},"end":{"line":94,"column":5}},"44":{"start":{"line":85,"column":28},"end":{"line":85,"column":44}},"45":{"start":{"line":86,"column":8},"end":{"line":86,"column":33}},"46":{"start":{"line":86,"column":26},"end":{"line":86,"column":33}},"47":{"start":{"line":87,"column":8},"end":{"line":93,"column":9}},"48":{"start":{"line":88,"column":12},"end":{"line":88,"column":62}},"49":{"start":{"line":89,"column":12},"end":{"line":89,"column":50}},"50":{"start":{"line":90,"column":12},"end":{"line":90,"column":null}},"51":{"start":{"line":92,"column":12},"end":{"line":92,"column":61}},"52":{"start":{"line":97,"column":29},"end":{"line":99,"column":5}},"53":{"start":{"line":98,"column":8},"end":{"line":98,"column":32}},"54":{"start":{"line":102,"column":23},"end":{"line":104,"column":5}},"55":{"start":{"line":103,"column":8},"end":{"line":103,"column":31}},"56":{"start":{"line":106,"column":4},"end":{"line":219,"column":6}},"57":{"start":{"line":123,"column":41},"end":{"line":123,"column":67}},"58":{"start":{"line":133,"column":41},"end":{"line":133,"column":70}},"59":{"start":{"line":143,"column":41},"end":{"line":143,"column":68}},"60":{"start":{"line":169,"column":28},"end":{"line":169,"column":null}},"61":{"start":{"line":173,"column":51},"end":{"line":173,"column":74}},"62":{"start":{"line":202,"column":40},"end":{"line":202,"column":56}},"63":{"start":{"line":222,"column":0},"end":{"line":222,"column":27}}},"fnMap":{"0":{"name":"(anonymous_0)","decl":{"start":{"line":7,"column":20},"end":{"line":7,"column":23}},"loc":{"start":{"line":7,"column":25},"end":{"line":220,"column":1}}},"1":{"name":"(anonymous_1)","decl":{"start":{"line":16,"column":14},"end":{"line":16,"column":17}},"loc":{"start":{"line":16,"column":19},"end":{"line":41,"column":5}}},"2":{"name":"(anonymous_2)","decl":{"start":{"line":17,"column":26},"end":{"line":17,"column":31}},"loc":{"start":{"line":17,"column":36},"end":{"line":37,"column":5}}},"3":{"name":"(anonymous_3)","decl":{"start":{"line":32,"column":66},"end":{"line":32,"column":69}},"loc":{"start":{"line":32,"column":74},"end":{"line":35,"column":14}}},"4":{"name":"(anonymous_4)","decl":{"start":{"line":44,"column":26},"end":{"line":44,"column":31}},"loc":{"start":{"line":44,"column":37},"end":{"line":81,"column":5}}},"5":{"name":"(anonymous_5)","decl":{"start":{"line":59,"column":20},"end":{"line":59,"column":21}},"loc":{"start":{"line":59,"column":33},"end":{"line":70,"column":9}}},"6":{"name":"(anonymous_6)","decl":{"start":{"line":84,"column":26},"end":{"line":84,"column":31}},"loc":{"start":{"line":84,"column":36},"end":{"line":94,"column":5}}},"7":{"name":"(anonymous_7)","decl":{"start":{"line":97,"column":29},"end":{"line":97,"column":30}},"loc":{"start":{"line":97,"column":46},"end":{"line":99,"column":5}}},"8":{"name":"(anonymous_8)","decl":{"start":{"line":102,"column":23},"end":{"line":102,"column":26}},"loc":{"start":{"line":102,"column":28},"end":{"line":104,"column":5}}},"9":{"name":"(anonymous_9)","decl":{"start":{"line":123,"column":34},"end":{"line":123,"column":35}},"loc":{"start":{"line":123,"column":41},"end":{"line":123,"column":67}}},"10":{"name":"(anonymous_10)","decl":{"start":{"line":133,"column":34},"end":{"line":133,"column":35}},"loc":{"start":{"line":133,"column":41},"end":{"line":133,"column":70}}},"11":{"name":"(anonymous_11)","decl":{"start":{"line":143,"column":34},"end":{"line":143,"column":35}},"loc":{"start":{"line":143,"column":41},"end":{"line":143,"column":68}}},"12":{"name":"(anonymous_12)","decl":{"start":{"line":168,"column":39},"end":{"line":168,"column":40}},"loc":{"start":{"line":169,"column":28},"end":{"line":169,"column":null}}},"13":{"name":"(anonymous_13)","decl":{"start":{"line":173,"column":45},"end":{"line":173,"column":48}},"loc":{"start":{"line":173,"column":51},"end":{"line":173,"column":74}}},"14":{"name":"(anonymous_14)","decl":{"start":{"line":201,"column":61},"end":{"line":201,"column":62}},"loc":{"start":{"line":202,"column":40},"end":{"line":202,"column":56}}}},"branchMap":{"0":{"loc":{"start":{"line":19,"column":12},"end":{"line":19,"column":37}},"type":"if","locations":[{"start":{"line":19,"column":12},"end":{"line":19,"column":37}}]},"1":{"loc":{"start":{"line":23,"column":12},"end":{"line":26,"column":13}},"type":"if","locations":[{"start":{"line":23,"column":12},"end":{"line":26,"column":13}}]},"2":{"loc":{"start":{"line":46,"column":8},"end":{"line":46,"column":33}},"type":"if","locations":[{"start":{"line":46,"column":8},"end":{"line":46,"column":33}}]},"3":{"loc":{"start":{"line":53,"column":18},"end":{"line":53,"column":43}},"type":"binary-expr","locations":[{"start":{"line":53,"column":18},"end":{"line":53,"column":25}},{"start":{"line":53,"column":29},"end":{"line":53,"column":43}}]},"4":{"loc":{"start":{"line":54,"column":21},"end":{"line":54,"column":52}},"type":"binary-expr","locations":[{"start":{"line":54,"column":21},"end":{"line":54,"column":31}},{"start":{"line":54,"column":35},"end":{"line":54,"column":52}}]},"5":{"loc":{"start":{"line":55,"column":19},"end":{"line":55,"column":46}},"type":"binary-expr","locations":[{"start":{"line":55,"column":19},"end":{"line":55,"column":27}},{"start":{"line":55,"column":31},"end":{"line":55,"column":46}}]},"6":{"loc":{"start":{"line":60,"column":12},"end":{"line":60,"column":43}},"type":"if","locations":[{"start":{"line":60,"column":12},"end":{"line":60,"column":43}}]},"7":{"loc":{"start":{"line":64,"column":22},"end":{"line":64,"column":46}},"type":"binary-expr","locations":[{"start":{"line":64,"column":22},"end":{"line":64,"column":29}},{"start":{"line":64,"column":33},"end":{"line":64,"column":46}}]},"8":{"loc":{"start":{"line":65,"column":25},"end":{"line":65,"column":55}},"type":"binary-expr","locations":[{"start":{"line":65,"column":25},"end":{"line":65,"column":35}},{"start":{"line":65,"column":39},"end":{"line":65,"column":55}}]},"9":{"loc":{"start":{"line":66,"column":23},"end":{"line":66,"column":49}},"type":"binary-expr","locations":[{"start":{"line":66,"column":23},"end":{"line":66,"column":31}},{"start":{"line":66,"column":35},"end":{"line":66,"column":49}}]},"10":{"loc":{"start":{"line":86,"column":8},"end":{"line":86,"column":33}},"type":"if","locations":[{"start":{"line":86,"column":8},"end":{"line":86,"column":33}}]},"11":{"loc":{"start":{"line":113,"column":43},"end":{"line":113,"column":70}},"type":"binary-expr","locations":[{"start":{"line":113,"column":43},"end":{"line":113,"column":57}},{"start":{"line":113,"column":61},"end":{"line":113,"column":70}}]},"12":{"loc":{"start":{"line":114,"column":46},"end":{"line":114,"column":76}},"type":"binary-expr","locations":[{"start":{"line":114,"column":46},"end":{"line":114,"column":63}},{"start":{"line":114,"column":67},"end":{"line":114,"column":76}}]},"13":{"loc":{"start":{"line":115,"column":44},"end":{"line":115,"column":72}},"type":"binary-expr","locations":[{"start":{"line":115,"column":44},"end":{"line":115,"column":59}},{"start":{"line":115,"column":63},"end":{"line":115,"column":72}}]},"14":{"loc":{"start":{"line":163,"column":25},"end":{"line":181,"column":null}},"type":"cond-expr","locations":[{"start":{"line":164,"column":28},"end":{"line":165,"column":null}},{"start":{"line":168,"column":28},"end":{"line":181,"column":30}}]},"15":{"loc":{"start":{"line":188,"column":13},"end":{"line":216,"column":null}},"type":"binary-expr","locations":[{"start":{"line":188,"column":13},"end":{"line":188,"column":26}},{"start":{"line":189,"column":16},"end":{"line":215,"column":null}}]}},"s":{"0":0,"1":0,"2":0,"3":0,"4":0,"5":0,"6":0,"7":0,"8":0,"9":0,"10":0,"11":0,"12":0,"13":0,"14":0,"15":0,"16":0,"17":0,"18":0,"19":0,"20":0,"21":0,"22":0,"23":0,"24":0,"25":0,"26":0,"27":0,"28":0,"29":0,"30":0,"31":0,"32":0,"33":0,"34":0,"35":0,"36":0,"37":0,"38":0,"39":0,"40":0,"41":0,"42":0,"43":0,"44":0,"45":0,"46":0,"47":0,"48":0,"49":0,"50":0,"51":0,"52":0,"53":0,"54":0,"55":0,"56":0,"57":0,"58":0,"59":0,"60":0,"61":0,"62":0,"63":0},"f":{"0":0,"1":0,"2":0,"3":0,"4":0,"5":0,"6":0,"7":0,"8":0,"9":0,"10":0,"11":0,"12":0,"13":0,"14":0},"b":{"0":[0],"1":[0],"2":[0],"3":[0,0],"4":[0,0],"5":[0,0],"6":[0],"7":[0,0],"8":[0,0],"9":[0,0],"10":[0],"11":[0,0],"12":[0,0],"13":[0,0],"14":[0,0],"15":[0,0]}}
,"/Users/jessicaulrich/Documents/Frontend_Specialization/Module1/Advanced_React_Ecommerce_App/advanced-react-ecommerce-app/src/redux/CartSlice.ts": {"path":"/Users/jessicaulrich/Documents/Frontend_Specialization/Module1/Advanced_React_Ecommerce_App/advanced-react-ecommerce-app/src/redux/CartSlice.ts","statementMap":{"0":{"start":{"line":1,"column":0},"end":{"line":1,"column":80}},"1":{"start":{"line":4,"column":0},"end":{"line":4,"column":45}},"2":{"start":{"line":5,"column":0},"end":{"line":5,"column":73}},"3":{"start":{"line":14,"column":32},"end":{"line":16,"column":2}},"4":{"start":{"line":19,"column":18},"end":{"line":58,"column":2}},"5":{"start":{"line":26,"column":30},"end":{"line":26,"column":44}},"6":{"start":{"line":27,"column":33},"end":{"line":27,"column":83}},"7":{"start":{"line":27,"column":58},"end":{"line":27,"column":82}},"8":{"start":{"line":28,"column":34},"end":{"line":28,"column":56}},"9":{"start":{"line":29,"column":12},"end":{"line":33,"column":13}},"10":{"start":{"line":31,"column":16},"end":{"line":31,"column":76}},"11":{"start":{"line":32,"column":16},"end":{"line":32,"column":22}},"12":{"start":{"line":35,"column":12},"end":{"line":35,"column":null}},"13":{"start":{"line":40,"column":33},"end":{"line":40,"column":50}},"14":{"start":{"line":41,"column":12},"end":{"line":41,"column":79}},"15":{"start":{"line":41,"column":53},"end":{"line":41,"column":77}},"16":{"start":{"line":46,"column":37},"end":{"line":46,"column":51}},"17":{"start":{"line":47,"column":33},"end":{"line":47,"column":73}},"18":{"start":{"line":47,"column":58},"end":{"line":47,"column":72}},"19":{"start":{"line":48,"column":12},"end":{"line":50,"column":13}},"20":{"start":{"line":49,"column":16},"end":{"line":49,"column":49}},"21":{"start":{"line":55,"column":12},"end":{"line":55,"column":29}},"22":{"start":{"line":60,"column":13},"end":{"line":102,"column":2}},"23":{"start":{"line":63,"column":22},"end":{"line":63,"column":45}},"24":{"start":{"line":64,"column":22},"end":{"line":64,"column":38}},"25":{"start":{"line":65,"column":21},"end":{"line":65,"column":37}},"26":{"start":{"line":67,"column":8},"end":{"line":70,"column":9}},"27":{"start":{"line":68,"column":12},"end":{"line":68,"column":41}},"28":{"start":{"line":69,"column":12},"end":{"line":69,"column":19}},"29":{"start":{"line":72,"column":8},"end":{"line":75,"column":9}},"30":{"start":{"line":73,"column":12},"end":{"line":73,"column":36}},"31":{"start":{"line":74,"column":12},"end":{"line":74,"column":19}},"32":{"start":{"line":78,"column":22},"end":{"line":78,"column":93}},"33":{"start":{"line":78,"column":50},"end":{"line":78,"column":89}},"34":{"start":{"line":81,"column":22},"end":{"line":91,"column":10}},"35":{"start":{"line":83,"column":38},"end":{"line":88,"column":14}},"36":{"start":{"line":93,"column":8},"end":{"line":100,"column":9}},"37":{"start":{"line":94,"column":12},"end":{"line":94,"column":58}},"38":{"start":{"line":95,"column":12},"end":{"line":95,"column":34}},"39":{"start":{"line":96,"column":12},"end":{"line":96,"column":47}},"40":{"start":{"line":98,"column":12},"end":{"line":98,"column":61}},"41":{"start":{"line":99,"column":12},"end":{"line":99,"column":44}},"42":{"start":{"line":105,"column":13},"end":{"line":105,"column":72}},"43":{"start":{"line":106,"column":0},"end":{"line":106,"column":33}}},"fnMap":{"0":{"name":"(anonymous_0)","decl":{"start":{"line":25,"column":19},"end":{"line":25,"column":20}},"loc":{"start":{"line":25,"column":61},"end":{"line":36,"column":9}}},"1":{"name":"(anonymous_1)","decl":{"start":{"line":27,"column":50},"end":{"line":27,"column":54}},"loc":{"start":{"line":27,"column":58},"end":{"line":27,"column":82}}},"2":{"name":"(anonymous_2)","decl":{"start":{"line":39,"column":24},"end":{"line":39,"column":25}},"loc":{"start":{"line":39,"column":66},"end":{"line":42,"column":9}}},"3":{"name":"(anonymous_3)","decl":{"start":{"line":41,"column":45},"end":{"line":41,"column":49}},"loc":{"start":{"line":41,"column":53},"end":{"line":41,"column":77}}},"4":{"name":"(anonymous_4)","decl":{"start":{"line":45,"column":24},"end":{"line":45,"column":25}},"loc":{"start":{"line":45,"column":100},"end":{"line":51,"column":9}}},"5":{"name":"(anonymous_5)","decl":{"start":{"line":47,"column":50},"end":{"line":47,"column":54}},"loc":{"start":{"line":47,"column":58},"end":{"line":47,"column":72}}},"6":{"name":"(anonymous_6)","decl":{"start":{"line":54,"column":20},"end":{"line":54,"column":21}},"loc":{"start":{"line":54,"column":30},"end":{"line":56,"column":9}}},"7":{"name":"(anonymous_7)","decl":{"start":{"line":62,"column":4},"end":{"line":62,"column":9}},"loc":{"start":{"line":62,"column":40},"end":{"line":101,"column":5}}},"8":{"name":"(anonymous_8)","decl":{"start":{"line":78,"column":35},"end":{"line":78,"column":36}},"loc":{"start":{"line":78,"column":50},"end":{"line":78,"column":89}}},"9":{"name":"(anonymous_9)","decl":{"start":{"line":83,"column":29},"end":{"line":83,"column":33}},"loc":{"start":{"line":83,"column":38},"end":{"line":88,"column":14}}}},"branchMap":{"0":{"loc":{"start":{"line":28,"column":34},"end":{"line":28,"column":56}},"type":"binary-expr","locations":[{"start":{"line":28,"column":34},"end":{"line":28,"column":52}},{"start":{"line":28,"column":55},"end":{"line":28,"column":56}}]},"1":{"loc":{"start":{"line":29,"column":12},"end":{"line":33,"column":13}},"type":"if","locations":[{"start":{"line":29,"column":12},"end":{"line":33,"column":13}}]},"2":{"loc":{"start":{"line":35,"column":37},"end":{"line":35,"column":62}},"type":"binary-expr","locations":[{"start":{"line":35,"column":37},"end":{"line":35,"column":58}},{"start":{"line":35,"column":61},"end":{"line":35,"column":62}}]},"3":{"loc":{"start":{"line":48,"column":12},"end":{"line":50,"column":13}},"type":"if","locations":[{"start":{"line":48,"column":12},"end":{"line":50,"column":13}}]},"4":{"loc":{"start":{"line":67,"column":8},"end":{"line":70,"column":9}},"type":"if","locations":[{"start":{"line":67,"column":8},"end":{"line":70,"column":9}}]},"5":{"loc":{"start":{"line":72,"column":8},"end":{"line":75,"column":9}},"type":"if","locations":[{"start":{"line":72,"column":8},"end":{"line":75,"column":9}}]},"6":{"loc":{"start":{"line":78,"column":70},"end":{"line":78,"column":88}},"type":"binary-expr","locations":[{"start":{"line":78,"column":70},"end":{"line":78,"column":83}},{"start":{"line":78,"column":87},"end":{"line":78,"column":88}}]}},"s":{"0":2,"1":2,"2":2,"3":2,"4":2,"5":0,"6":0,"7":0,"8":0,"9":0,"10":0,"11":0,"12":0,"13":0,"14":0,"15":0,"16":0,"17":0,"18":0,"19":0,"20":0,"21":0,"22":2,"23":0,"24":0,"25":0,"26":0,"27":0,"28":0,"29":0,"30":0,"31":0,"32":0,"33":0,"34":0,"35":0,"36":0,"37":0,"38":0,"39":0,"40":0,"41":0,"42":2,"43":2},"f":{"0":0,"1":0,"2":0,"3":0,"4":0,"5":0,"6":0,"7":0,"8":0,"9":0},"b":{"0":[0,0],"1":[0],"2":[0,0],"3":[0],"4":[0],"5":[0],"6":[0,0]}}
,"/Users/jessicaulrich/Documents/Frontend_Specialization/Module1/Advanced_React_Ecommerce_App/advanced-react-ecommerce-app/src/redux/CategorySlice.ts": {"path":"/Users/jessicaulrich/Documents/Frontend_Specialization/Module1/Advanced_React_Ecommerce_App/advanced-react-ecommerce-app/src/redux/CategorySlice.ts","statementMap":{"0":{"start":{"line":1,"column":0},"end":{"line":1,"column":62}},"1":{"start":{"line":10,"column":36},"end":{"line":12,"column":2}},"2":{"start":{"line":15,"column":22},"end":{"line":24,"column":2}},"3":{"start":{"line":21,"column":12},"end":{"line":21,"column":52}},"4":{"start":{"line":26,"column":15},"end":{"line":26,"column":53}},"5":{"start":{"line":27,"column":0},"end":{"line":27,"column":37}}},"fnMap":{"0":{"name":"(anonymous_0)","decl":{"start":{"line":20,"column":21},"end":{"line":20,"column":22}},"loc":{"start":{"line":20,"column":62},"end":{"line":22,"column":9}}}},"branchMap":{},"s":{"0":1,"1":1,"2":1,"3":0,"4":1,"5":1},"f":{"0":0},"b":{}}
,"/Users/jessicaulrich/Documents/Frontend_Specialization/Module1/Advanced_React_Ecommerce_App/advanced-react-ecommerce-app/src/redux/store.ts": {"path":"/Users/jessicaulrich/Documents/Frontend_Specialization/Module1/Advanced_React_Ecommerce_App/advanced-react-ecommerce-app/src/redux/store.ts","statementMap":{"0":{"start":{"line":1,"column":0},"end":{"line":1,"column":50}},"1":{"start":{"line":2,"column":0},"end":{"line":2,"column":46}},"2":{"start":{"line":3,"column":0},"end":{"line":3,"column":38}},"3":{"start":{"line":6,"column":28},"end":{"line":13,"column":1}},"4":{"start":{"line":7,"column":4},"end":{"line":12,"column":5}},"5":{"start":{"line":8,"column":23},"end":{"line":8,"column":53}},"6":{"start":{"line":9,"column":8},"end":{"line":9,"column":null}},"7":{"start":{"line":11,"column":8},"end":{"line":11,"column":null}},"8":{"start":{"line":16,"column":13},"end":{"line":25,"column":3}},"9":{"start":{"line":28,"column":0},"end":{"line":35,"column":null}},"10":{"start":{"line":29,"column":4},"end":{"line":34,"column":5}},"11":{"start":{"line":30,"column":22},"end":{"line":30,"column":38}},"12":{"start":{"line":31,"column":8},"end":{"line":31,"column":null}},"13":{"start":{"line":33,"column":8},"end":{"line":33,"column":null}}},"fnMap":{"0":{"name":"(anonymous_1)","decl":{"start":{"line":6,"column":28},"end":{"line":6,"column":31}},"loc":{"start":{"line":6,"column":33},"end":{"line":13,"column":1}}},"1":{"name":"(anonymous_2)","decl":{"start":{"line":28,"column":16},"end":{"line":28,"column":19}},"loc":{"start":{"line":28,"column":21},"end":{"line":35,"column":1}}}},"branchMap":{"0":{"loc":{"start":{"line":9,"column":15},"end":{"line":9,"column":52}},"type":"cond-expr","locations":[{"start":{"line":9,"column":23},"end":{"line":9,"column":41}},{"start":{"line":9,"column":43},"end":{"line":9,"column":52}}]}},"s":{"0":1,"1":1,"2":1,"3":1,"4":1,"5":1,"6":1,"7":0,"8":1,"9":1,"10":0,"11":0,"12":0,"13":0},"f":{"0":1,"1":0},"b":{"0":[0,1]}}
}
