TN:
SF:src/App.tsx
FN:14,App
FNF:1
FNH:0
FNDA:0,App
DA:2,0
DA:3,0
DA:4,0
DA:5,0
DA:6,0
DA:7,0
DA:8,0
DA:9,0
DA:10,0
DA:11,0
DA:12,0
DA:15,0
DA:38,0
LF:13
LH:0
BRF:0
BRH:0
end_of_record
TN:
SF:src/firebaseConfig.ts
FN:7,getFirebaseConfig
FNF:1
FNH:1
FNDA:3,getFirebaseConfig
DA:2,3
DA:3,3
DA:4,3
DA:5,3
DA:8,3
DA:16,3
DA:17,3
DA:18,3
DA:20,3
DA:27,3
DA:28,3
LF:11
LH:11
BRF:0
BRH:0
end_of_record
TN:
SF:src/getEnvVar.ts
FN:2,getEnvVar
FN:15,(anonymous_10)
FNF:2
FNH:1
FNDA:18,getEnvVar
FNDA:0,(anonymous_10)
DA:2,3
DA:3,18
DA:4,18
DA:6,18
DA:7,18
DA:8,18
DA:9,0
DA:11,18
DA:15,0
DA:17,0
LF:10
LH:7
BRDA:3,0,0,18
BRDA:3,0,1,18
BRDA:4,1,0,18
BRDA:4,1,1,18
BRDA:4,2,0,0
BRDA:4,2,1,18
BRDA:4,3,0,18
BRDA:4,3,1,18
BRDA:6,4,0,18
BRDA:6,5,0,18
BRDA:6,5,1,0
BRDA:8,6,0,0
BRF:12
BRH:9
end_of_record
TN:
SF:src/main.tsx
FNF:0
FNH:0
DA:1,0
DA:2,0
DA:3,0
DA:4,0
DA:5,0
DA:6,0
DA:7,0
DA:8,0
DA:9,0
DA:12,0
DA:14,0
LF:11
LH:0
BRF:0
BRH:0
end_of_record
TN:
SF:src/vite-env.d.ts
FNF:0
FNH:0
LF:0
LH:0
BRF:0
BRH:0
end_of_record
TN:
SF:src/components/AddFirestoreProduct.tsx
FN:20,(anonymous_1)
FN:24,(anonymous_2)
FN:25,(anonymous_3)
FN:30,(anonymous_4)
FN:32,(anonymous_5)
FN:40,(anonymous_6)
FN:42,(anonymous_7)
FN:46,(anonymous_8)
FN:62,(anonymous_9)
FNF:9
FNH:0
FNDA:0,(anonymous_1)
FNDA:0,(anonymous_2)
FNDA:0,(anonymous_3)
FNDA:0,(anonymous_4)
FNDA:0,(anonymous_5)
FNDA:0,(anonymous_6)
FNDA:0,(anonymous_7)
FNDA:0,(anonymous_8)
FNDA:0,(anonymous_9)
DA:3,0
DA:5,0
DA:6,0
DA:7,0
DA:9,0
DA:12,0
DA:20,0
DA:21,0
DA:22,0
DA:23,0
DA:24,0
DA:25,0
DA:26,0
DA:30,0
DA:31,0
DA:32,0
DA:40,0
DA:41,0
DA:42,0
DA:46,0
DA:47,0
DA:48,0
DA:50,0
DA:51,0
DA:52,0
DA:53,0
DA:54,0
DA:56,0
DA:57,0
DA:62,0
DA:63,0
DA:64,0
DA:67,0
DA:142,0
LF:34
LH:0
BRDA:35,0,0,0
BRDA:35,0,1,0
BRDA:35,1,0,0
BRDA:35,1,1,0
BRDA:50,2,0,0
BRF:5
BRH:0
end_of_record
TN:
SF:src/components/NavBar.tsx
FN:16,(anonymous_1)
FN:22,(anonymous_2)
FN:28,(anonymous_3)
FN:29,(anonymous_4)
FN:40,(anonymous_5)
FN:63,(anonymous_6)
FN:75,(anonymous_7)
FN:78,(anonymous_8)
FNF:8
FNH:4
FNDA:2,(anonymous_1)
FNDA:2,(anonymous_2)
FNDA:2,(anonymous_3)
FNDA:2,(anonymous_4)
FNDA:0,(anonymous_5)
FNDA:0,(anonymous_6)
FNDA:0,(anonymous_7)
FNDA:0,(anonymous_8)
DA:1,1
DA:2,1
DA:3,1
DA:4,1
DA:5,1
DA:6,1
DA:7,1
DA:8,1
DA:9,1
DA:10,1
DA:12,1
DA:16,1
DA:17,2
DA:18,0
DA:22,1
DA:23,2
DA:24,2
DA:25,2
DA:27,2
DA:28,2
DA:29,2
DA:30,2
DA:34,2
DA:40,2
DA:41,0
DA:42,0
DA:43,0
DA:46,2
DA:64,0
DA:65,0
DA:76,0
DA:79,0
DA:80,0
DA:119,1
LF:34
LH:25
BRDA:41,0,0,0
BRDA:72,1,0,2
BRDA:72,1,1,2
BRDA:73,2,0,2
BRDA:73,2,1,0
BRDA:75,3,0,2
BRDA:75,3,1,0
BRDA:75,4,0,2
BRDA:75,4,1,2
BRDA:89,5,0,1
BRDA:89,5,1,1
BRDA:106,6,0,2
BRDA:106,6,1,1
BRF:13
BRH:10
end_of_record
TN:
SF:src/components/ProtectRoute.tsx
FN:6,(anonymous_0)
FNF:1
FNH:0
FNDA:0,(anonymous_0)
DA:1,0
DA:2,0
DA:6,0
DA:7,0
DA:10,0
DA:14,0
DA:17,0
LF:7
LH:0
BRDA:10,0,0,0
BRDA:14,1,0,0
BRDA:14,1,1,0
BRF:3
BRH:0
end_of_record
TN:
SF:src/contexts/AuthContext.tsx
FN:20,(anonymous_1)
FN:25,(anonymous_2)
FN:26,(anonymous_3)
FN:33,(anonymous_4)
FN:36,(anonymous_5)
FN:52,(anonymous_6)
FN:64,(anonymous_7)
FNF:7
FNH:1
FNDA:0,(anonymous_1)
FNDA:0,(anonymous_2)
FNDA:0,(anonymous_3)
FNDA:0,(anonymous_4)
FNDA:0,(anonymous_5)
FNDA:0,(anonymous_6)
FNDA:2,(anonymous_7)
DA:1,1
DA:2,1
DA:5,1
DA:17,1
DA:20,1
DA:21,0
DA:22,0
DA:23,0
DA:24,0
DA:25,0
DA:26,0
DA:27,0
DA:28,0
DA:33,0
DA:34,0
DA:36,0
DA:37,0
DA:38,0
DA:40,0
DA:41,0
DA:42,0
DA:43,0
DA:47,0
DA:49,0
DA:52,0
DA:55,0
DA:64,1
DA:65,2
DA:66,2
DA:67,0
DA:69,2
DA:72,1
DA:75,1
LF:33
LH:11
BRDA:34,0,0,0
BRDA:37,1,0,0
BRDA:37,1,1,0
BRDA:38,2,0,0
BRDA:41,3,0,0
BRDA:66,4,0,0
BRF:6
BRH:0
end_of_record
TN:
SF:src/pages/AdminProducts.tsx
FN:14,(anonymous_1)
FN:18,(anonymous_2)
FN:19,(anonymous_3)
FN:24,(anonymous_4)
FN:27,(anonymous_5)
FN:43,(anonymous_6)
FN:50,(anonymous_7)
FN:56,(anonymous_8)
FN:66,(anonymous_9)
FN:89,(anonymous_10)
FN:100,(anonymous_11)
FN:106,(anonymous_12)
FN:107,(anonymous_13)
FN:115,(anonymous_14)
FN:179,(anonymous_15)
FNF:15
FNH:0
FNDA:0,(anonymous_1)
FNDA:0,(anonymous_2)
FNDA:0,(anonymous_3)
FNDA:0,(anonymous_4)
FNDA:0,(anonymous_5)
FNDA:0,(anonymous_6)
FNDA:0,(anonymous_7)
FNDA:0,(anonymous_8)
FNDA:0,(anonymous_9)
FNDA:0,(anonymous_10)
FNDA:0,(anonymous_11)
FNDA:0,(anonymous_12)
FNDA:0,(anonymous_13)
FNDA:0,(anonymous_14)
FNDA:0,(anonymous_15)
DA:2,0
DA:3,0
DA:4,0
DA:6,0
DA:7,0
DA:9,0
DA:10,0
DA:14,0
DA:15,0
DA:17,0
DA:18,0
DA:19,0
DA:20,0
DA:24,0
DA:25,0
DA:26,0
DA:27,0
DA:33,0
DA:39,0
DA:40,0
DA:43,0
DA:44,0
DA:45,0
DA:46,0
DA:50,0
DA:51,0
DA:52,0
DA:56,0
DA:57,0
DA:58,0
DA:59,0
DA:66,0
DA:67,0
DA:68,0
DA:69,0
DA:70,0
DA:77,0
DA:78,0
DA:80,0
DA:81,0
DA:85,0
DA:89,0
DA:101,0
DA:106,0
DA:107,0
DA:115,0
DA:179,0
DA:187,0
LF:48
LH:0
BRDA:25,0,0,0
BRDA:33,1,0,0
BRDA:44,2,0,0
BRDA:57,3,0,0
BRDA:61,4,0,0
BRDA:61,4,1,0
BRDA:61,5,0,0
BRDA:61,5,1,0
BRDA:67,6,0,0
BRDA:69,7,0,0
BRDA:120,8,0,0
BRDA:120,8,1,0
BRF:12
BRH:0
end_of_record
TN:
SF:src/pages/Login.tsx
FN:9,(anonymous_1)
FN:16,(anonymous_2)
FN:17,(anonymous_3)
FN:23,(anonymous_4)
FN:25,(anonymous_5)
FN:31,(anonymous_6)
FN:35,(anonymous_7)
FN:63,(anonymous_8)
FN:73,(anonymous_9)
FN:85,(anonymous_10)
FNF:10
FNH:5
FNDA:1,(anonymous_1)
FNDA:1,(anonymous_2)
FNDA:1,(anonymous_3)
FNDA:1,(anonymous_4)
FNDA:0,(anonymous_5)
FNDA:0,(anonymous_6)
FNDA:0,(anonymous_7)
FNDA:0,(anonymous_8)
FNDA:0,(anonymous_9)
FNDA:1,(anonymous_10)
DA:1,1
DA:2,1
DA:4,1
DA:5,1
DA:9,1
DA:10,1
DA:11,1
DA:12,1
DA:13,1
DA:15,1
DA:16,1
DA:17,1
DA:18,1
DA:23,1
DA:24,1
DA:25,0
DA:26,0
DA:27,0
DA:31,0
DA:35,1
DA:36,0
DA:37,0
DA:39,0
DA:40,0
DA:43,0
DA:46,0
DA:50,1
DA:63,0
DA:73,0
DA:85,1
DA:95,1
LF:31
LH:19
BRDA:24,0,0,1
BRDA:26,1,0,0
BRDA:39,2,0,0
BRDA:79,3,0,1
BRDA:79,3,1,0
BRF:5
BRH:2
end_of_record
TN:
SF:src/pages/Products.tsx
FN:18,(anonymous_1)
FN:27,(anonymous_2)
FN:29,(anonymous_3)
FN:30,(anonymous_4)
FN:36,(anonymous_5)
FN:42,(anonymous_6)
FN:50,(anonymous_7)
FN:53,(anonymous_8)
FN:58,(anonymous_9)
FN:69,(anonymous_10)
FN:97,(anonymous_11)
FN:112,(anonymous_12)
FNF:12
FNH:0
FNDA:0,(anonymous_1)
FNDA:0,(anonymous_2)
FNDA:0,(anonymous_3)
FNDA:0,(anonymous_4)
FNDA:0,(anonymous_5)
FNDA:0,(anonymous_6)
FNDA:0,(anonymous_7)
FNDA:0,(anonymous_8)
FNDA:0,(anonymous_9)
FNDA:0,(anonymous_10)
FNDA:0,(anonymous_11)
FNDA:0,(anonymous_12)
DA:2,0
DA:3,0
DA:4,0
DA:7,0
DA:8,0
DA:9,0
DA:10,0
DA:12,0
DA:18,0
DA:19,0
DA:23,0
DA:24,0
DA:27,0
DA:28,0
DA:29,0
DA:30,0
DA:31,0
DA:36,0
DA:37,0
DA:38,0
DA:39,0
DA:42,0
DA:43,0
DA:46,0
DA:48,0
DA:50,0
DA:51,0
DA:53,0
DA:56,0
DA:58,0
DA:62,0
DA:68,0
DA:69,0
DA:73,0
DA:76,0
DA:78,0
DA:80,0
DA:97,0
DA:112,0
DA:121,0
LF:40
LH:0
BRDA:19,0,0,0
BRDA:19,0,1,0
BRDA:37,1,0,0
BRDA:62,2,0,0
BRDA:68,3,0,0
BRDA:68,3,1,0
BRDA:73,4,0,0
BRDA:73,4,1,0
BRDA:76,5,0,0
BRDA:78,6,0,0
BRDA:82,7,0,0
BRDA:82,7,1,0
BRDA:111,8,0,0
BRDA:111,8,1,0
BRDA:111,9,0,0
BRDA:111,9,1,0
BRDA:111,10,0,0
BRDA:111,10,1,0
BRDA:111,11,0,0
BRDA:111,11,1,0
BRF:20
BRH:0
end_of_record
TN:
SF:src/pages/Register.tsx
FN:10,(anonymous_1)
FN:21,(anonymous_2)
FN:22,(anonymous_3)
FN:28,(anonymous_4)
FN:65,(anonymous_5)
FN:75,(anonymous_6)
FN:85,(anonymous_7)
FN:95,(anonymous_8)
FN:105,(anonymous_9)
FNF:9
FNH:0
FNDA:0,(anonymous_1)
FNDA:0,(anonymous_2)
FNDA:0,(anonymous_3)
FNDA:0,(anonymous_4)
FNDA:0,(anonymous_5)
FNDA:0,(anonymous_6)
FNDA:0,(anonymous_7)
FNDA:0,(anonymous_8)
FNDA:0,(anonymous_9)
DA:1,0
DA:2,0
DA:3,0
DA:4,0
DA:5,0
DA:10,0
DA:12,0
DA:13,0
DA:14,0
DA:15,0
DA:16,0
DA:17,0
DA:18,0
DA:19,0
DA:20,0
DA:21,0
DA:22,0
DA:23,0
DA:24,0
DA:28,0
DA:29,0
DA:30,0
DA:32,0
DA:33,0
DA:34,0
DA:37,0
DA:38,0
DA:45,0
DA:46,0
DA:48,0
DA:52,0
DA:65,0
DA:75,0
DA:85,0
DA:95,0
DA:105,0
DA:117,0
LF:37
LH:0
BRDA:32,0,0,0
BRDA:37,1,0,0
BRDA:110,2,0,0
BRDA:110,2,1,0
BRF:4
BRH:0
end_of_record
TN:
SF:src/pages/ShoppingCart.tsx
FN:9,(anonymous_0)
FN:14,(anonymous_1)
FN:17,(anonymous_2)
FN:23,(anonymous_3)
FN:44,(anonymous_4)
FN:65,(anonymous_5)
FN:72,(anonymous_6)
FN:77,(anonymous_7)
FN:84,(anonymous_8)
FN:86,(anonymous_9)
FNF:10
FNH:5
FNDA:2,(anonymous_0)
FNDA:4,(anonymous_1)
FNDA:0,(anonymous_2)
FNDA:0,(anonymous_3)
FNDA:2,(anonymous_4)
FNDA:0,(anonymous_5)
FNDA:0,(anonymous_6)
FNDA:0,(anonymous_7)
FNDA:2,(anonymous_8)
FNDA:2,(anonymous_9)
DA:2,1
DA:4,1
DA:5,1
DA:7,1
DA:9,1
DA:10,2
DA:11,2
DA:14,4
DA:17,2
DA:18,0
DA:19,0
DA:23,2
DA:24,0
DA:25,0
DA:29,2
DA:44,2
DA:65,0
DA:72,0
DA:77,0
DA:84,2
DA:86,2
DA:96,1
LF:22
LH:15
BRDA:44,0,0,0
BRDA:44,0,1,2
BRDA:44,1,0,2
BRDA:44,1,1,2
BRDA:60,2,0,2
BRDA:60,2,1,0
BRDA:60,3,0,2
BRDA:60,3,1,2
BRDA:65,4,0,0
BRDA:65,4,1,0
BRDA:65,5,0,0
BRDA:65,5,1,0
BRDA:71,6,0,2
BRDA:71,6,1,0
BRDA:71,7,0,2
BRDA:71,7,1,2
BRDA:72,8,0,0
BRDA:72,8,1,0
BRDA:72,9,0,0
BRDA:72,9,1,0
BRDA:86,10,0,2
BRDA:86,10,1,0
BRDA:86,11,0,2
BRDA:86,11,1,2
BRF:24
BRH:12
end_of_record
TN:
SF:src/pages/UserProfile.tsx
FN:11,(anonymous_1)
FN:21,(anonymous_2)
FN:22,(anonymous_3)
FN:29,(anonymous_4)
FN:30,(anonymous_5)
FN:47,(anonymous_6)
FN:59,(anonymous_7)
FN:76,(anonymous_8)
FN:101,(anonymous_9)
FN:116,(anonymous_10)
FN:121,(anonymous_11)
FN:142,(anonymous_12)
FN:152,(anonymous_13)
FN:162,(anonymous_14)
FN:187,(anonymous_15)
FN:192,(anonymous_16)
FN:220,(anonymous_17)
FNF:17
FNH:0
FNDA:0,(anonymous_1)
FNDA:0,(anonymous_2)
FNDA:0,(anonymous_3)
FNDA:0,(anonymous_4)
FNDA:0,(anonymous_5)
FNDA:0,(anonymous_6)
FNDA:0,(anonymous_7)
FNDA:0,(anonymous_8)
FNDA:0,(anonymous_9)
FNDA:0,(anonymous_10)
FNDA:0,(anonymous_11)
FNDA:0,(anonymous_12)
FNDA:0,(anonymous_13)
FNDA:0,(anonymous_14)
FNDA:0,(anonymous_15)
FNDA:0,(anonymous_16)
FNDA:0,(anonymous_17)
DA:1,0
DA:3,0
DA:4,0
DA:6,0
DA:11,0
DA:12,0
DA:13,0
DA:14,0
DA:15,0
DA:16,0
DA:17,0
DA:19,0
DA:20,0
DA:21,0
DA:22,0
DA:23,0
DA:24,0
DA:29,0
DA:30,0
DA:31,0
DA:32,0
DA:33,0
DA:36,0
DA:37,0
DA:38,0
DA:39,0
DA:40,0
DA:44,0
DA:45,0
DA:47,0
DA:51,0
DA:54,0
DA:59,0
DA:60,0
DA:61,0
DA:62,0
DA:64,0
DA:65,0
DA:66,0
DA:69,0
DA:76,0
DA:77,0
DA:79,0
DA:86,0
DA:90,0
DA:91,0
DA:92,0
DA:94,0
DA:96,0
DA:101,0
DA:102,0
DA:103,0
DA:104,0
DA:105,0
DA:106,0
DA:107,0
DA:108,0
DA:109,0
DA:111,0
DA:116,0
DA:117,0
DA:121,0
DA:122,0
DA:125,0
DA:142,0
DA:152,0
DA:162,0
DA:188,0
DA:192,0
DA:221,0
DA:241,0
LF:71
LH:0
BRDA:31,0,0,0
BRDA:33,1,0,0
BRDA:36,2,0,0
BRDA:38,3,0,0
BRDA:60,4,0,0
BRDA:62,5,0,0
BRDA:65,6,0,0
BRDA:70,7,0,0
BRDA:70,7,1,0
BRDA:70,8,0,0
BRDA:70,8,1,0
BRDA:70,9,0,0
BRDA:70,9,1,0
BRDA:71,10,0,0
BRDA:71,10,1,0
BRDA:71,11,0,0
BRDA:71,11,1,0
BRDA:71,12,0,0
BRDA:71,12,1,0
BRDA:72,13,0,0
BRDA:72,13,1,0
BRDA:72,14,0,0
BRDA:72,14,1,0
BRDA:72,15,0,0
BRDA:72,15,1,0
BRDA:77,16,0,0
BRDA:81,17,0,0
BRDA:81,17,1,0
BRDA:82,18,0,0
BRDA:82,18,1,0
BRDA:83,19,0,0
BRDA:83,19,1,0
BRDA:102,20,0,0
BRDA:104,21,0,0
BRDA:106,22,0,0
BRDA:131,23,0,0
BRDA:131,23,1,0
BRDA:131,24,0,0
BRDA:131,24,1,0
BRDA:131,25,0,0
BRDA:131,25,1,0
BRDA:131,26,0,0
BRDA:131,26,1,0
BRDA:132,27,0,0
BRDA:132,27,1,0
BRDA:132,28,0,0
BRDA:132,28,1,0
BRDA:132,29,0,0
BRDA:132,29,1,0
BRDA:133,30,0,0
BRDA:133,30,1,0
BRDA:133,31,0,0
BRDA:133,31,1,0
BRDA:133,32,0,0
BRDA:133,32,1,0
BRDA:134,33,0,0
BRDA:134,33,1,0
BRDA:134,34,0,0
BRDA:134,34,1,0
BRDA:134,35,0,0
BRDA:134,35,1,0
BRDA:182,36,0,0
BRDA:182,36,1,0
BRDA:207,37,0,0
BRDA:207,37,1,0
BRF:65
BRH:0
end_of_record
TN:
SF:src/redux/CartSlice.ts
FN:25,(anonymous_1)
FN:27,(anonymous_2)
FN:39,(anonymous_3)
FN:41,(anonymous_4)
FN:45,(anonymous_5)
FN:47,(anonymous_6)
FN:54,(anonymous_7)
FN:62,(anonymous_8)
FN:79,(anonymous_9)
FN:84,(anonymous_10)
FNF:10
FNH:0
FNDA:0,(anonymous_1)
FNDA:0,(anonymous_2)
FNDA:0,(anonymous_3)
FNDA:0,(anonymous_4)
FNDA:0,(anonymous_5)
FNDA:0,(anonymous_6)
FNDA:0,(anonymous_7)
FNDA:0,(anonymous_8)
FNDA:0,(anonymous_9)
FNDA:0,(anonymous_10)
DA:1,2
DA:4,2
DA:5,2
DA:14,2
DA:19,2
DA:26,0
DA:27,0
DA:28,0
DA:29,0
DA:31,0
DA:32,0
DA:35,0
DA:40,0
DA:41,0
DA:46,0
DA:47,0
DA:48,0
DA:49,0
DA:55,0
DA:60,2
DA:63,0
DA:64,0
DA:65,0
DA:66,0
DA:68,0
DA:69,0
DA:70,0
DA:73,0
DA:74,0
DA:75,0
DA:79,0
DA:82,0
DA:84,0
DA:94,0
DA:95,0
DA:96,0
DA:97,0
DA:99,0
DA:100,0
DA:106,2
DA:107,2
LF:41
LH:8
BRDA:28,0,0,0
BRDA:28,0,1,0
BRDA:28,1,0,0
BRDA:28,1,1,0
BRDA:29,2,0,0
BRDA:35,3,0,0
BRDA:35,3,1,0
BRDA:35,4,0,0
BRDA:35,4,1,0
BRDA:48,5,0,0
BRDA:68,6,0,0
BRDA:73,7,0,0
BRDA:79,8,0,0
BRDA:79,8,1,0
BRDA:79,9,0,0
BRDA:79,9,1,0
BRF:16
BRH:0
end_of_record
TN:
SF:src/redux/CategorySlice.ts
FN:20,(anonymous_0)
FNF:1
FNH:0
FNDA:0,(anonymous_0)
DA:1,1
DA:10,1
DA:15,1
DA:21,0
DA:26,1
DA:27,1
LF:6
LH:5
BRF:0
BRH:0
end_of_record
TN:
SF:src/redux/store.ts
FN:6,(anonymous_1)
FN:28,(anonymous_2)
FNF:2
FNH:1
FNDA:1,(anonymous_1)
FNDA:0,(anonymous_2)
DA:1,1
DA:2,1
DA:3,1
DA:6,1
DA:7,1
DA:8,1
DA:9,1
DA:11,0
DA:16,1
DA:28,1
DA:29,0
DA:30,0
DA:31,0
DA:33,0
LF:14
LH:9
BRDA:9,0,0,0
BRDA:9,0,1,1
BRF:2
BRH:1
end_of_record
